{"C:\\Users\\Dev\\Downloads\\scholarsync-app (2)\\app\\layout.tsx": {"path":"C:\\Users\\Dev\\Downloads\\scholarsync-app (2)\\app\\layout.tsx","statementMap":{"0":{"start":{"line":12,"column":24},"end":{"line":12,"column":35}},"1":{"start":{"line":7,"column":13},"end":{"line":7,"column":21}},"2":{"start":{"line":1,"column":26},"end":{"line":1,"column":null}},"3":{"start":{"line":2,"column":26},"end":{"line":2,"column":null}},"4":{"start":{"line":4,"column":18},"end":{"line":4,"column":null}},"5":{"start":{"line":5,"column":7},"end":{"line":5,"column":null}},"6":{"start":{"line":7,"column":34},"end":{"line":10,"column":null}}},"fnMap":{"0":{"name":"RootLayout","decl":{"start":{"line":12,"column":24},"end":{"line":12,"column":35}},"loc":{"start":{"line":16,"column":2},"end":{"line":31,"column":1}}}},"branchMap":{},"s":{"0":0,"1":0,"2":0,"3":0,"4":0,"5":0,"6":0},"f":{"0":0},"b":{}}
,"C:\\Users\\Dev\\Downloads\\scholarsync-app (2)\\app\\page.tsx": {"path":"C:\\Users\\Dev\\Downloads\\scholarsync-app (2)\\app\\page.tsx","statementMap":{"0":{"start":{"line":16,"column":24},"end":{"line":16,"column":null}},"1":{"start":{"line":2,"column":59},"end":{"line":2,"column":null}},"2":{"start":{"line":3,"column":25},"end":{"line":3,"column":null}},"3":{"start":{"line":5,"column":23},"end":{"line":5,"column":null}},"4":{"start":{"line":6,"column":35},"end":{"line":6,"column":null}},"5":{"start":{"line":7,"column":30},"end":{"line":7,"column":null}},"6":{"start":{"line":8,"column":31},"end":{"line":8,"column":null}},"7":{"start":{"line":9,"column":31},"end":{"line":9,"column":null}},"8":{"start":{"line":10,"column":36},"end":{"line":10,"column":null}},"9":{"start":{"line":11,"column":74},"end":{"line":11,"column":null}},"10":{"start":{"line":12,"column":57},"end":{"line":12,"column":null}},"11":{"start":{"line":13,"column":24},"end":{"line":13,"column":null}},"12":{"start":{"line":14,"column":22},"end":{"line":14,"column":null}}},"fnMap":{"0":{"name":"HomePage","decl":{"start":{"line":16,"column":24},"end":{"line":16,"column":null}},"loc":{"start":{"line":16,"column":24},"end":{"line":97,"column":null}}}},"branchMap":{},"s":{"0":0,"1":0,"2":0,"3":0,"4":0,"5":0,"6":0,"7":0,"8":0,"9":0,"10":0,"11":0,"12":0},"f":{"0":0},"b":{}}
,"C:\\Users\\Dev\\Downloads\\scholarsync-app (2)\\app\\api\\fetch-scholar-profile\\route.ts": {"path":"C:\\Users\\Dev\\Downloads\\scholarsync-app (2)\\app\\api\\fetch-scholar-profile\\route.ts","statementMap":{"0":{"start":{"line":26,"column":22},"end":{"line":26,"column":27}},"1":{"start":{"line":1,"column":47},"end":{"line":1,"column":null}},"2":{"start":{"line":3,"column":37},"end":{"line":3,"column":null}},"3":{"start":{"line":4,"column":53},"end":{"line":4,"column":null}},"4":{"start":{"line":7,"column":27},"end":{"line":24,"column":null}},"5":{"start":{"line":7,"column":53},"end":{"line":24,"column":null}},"6":{"start":{"line":27,"column":2},"end":{"line":135,"column":null}},"7":{"start":{"line":29,"column":26},"end":{"line":29,"column":null}},"8":{"start":{"line":30,"column":4},"end":{"line":35,"column":null}},"9":{"start":{"line":31,"column":6},"end":{"line":33,"column":null}},"10":{"start":{"line":38,"column":28},"end":{"line":38,"column":null}},"11":{"start":{"line":39,"column":4},"end":{"line":53,"column":null}},"12":{"start":{"line":40,"column":6},"end":{"line":51,"column":null}},"13":{"start":{"line":57,"column":4},"end":{"line":62,"column":null}},"14":{"start":{"line":58,"column":6},"end":{"line":58,"column":null}},"15":{"start":{"line":60,"column":6},"end":{"line":60,"column":null}},"16":{"start":{"line":61,"column":6},"end":{"line":61,"column":null}},"17":{"start":{"line":65,"column":26},"end":{"line":65,"column":null}},"18":{"start":{"line":66,"column":27},"end":{"line":66,"column":null}},"19":{"start":{"line":68,"column":4},"end":{"line":71,"column":null}},"20":{"start":{"line":69,"column":6},"end":{"line":69,"column":null}},"21":{"start":{"line":70,"column":6},"end":{"line":70,"column":null}},"22":{"start":{"line":74,"column":4},"end":{"line":77,"column":null}},"23":{"start":{"line":75,"column":6},"end":{"line":75,"column":null}},"24":{"start":{"line":76,"column":6},"end":{"line":76,"column":null}},"25":{"start":{"line":79,"column":4},"end":{"line":87,"column":null}},"26":{"start":{"line":80,"column":6},"end":{"line":80,"column":null}},"27":{"start":{"line":81,"column":6},"end":{"line":85,"column":null}},"28":{"start":{"line":89,"column":4},"end":{"line":123,"column":null}},"29":{"start":{"line":91,"column":26},"end":{"line":91,"column":null}},"30":{"start":{"line":94,"column":35},"end":{"line":94,"column":null}},"31":{"start":{"line":97,"column":23},"end":{"line":97,"column":null}},"32":{"start":{"line":98,"column":6},"end":{"line":98,"column":null}},"33":{"start":{"line":99,"column":6},"end":{"line":99,"column":null}},"34":{"start":{"line":100,"column":6},"end":{"line":100,"column":null}},"35":{"start":{"line":101,"column":6},"end":{"line":101,"column":null}},"36":{"start":{"line":103,"column":6},"end":{"line":103,"column":null}},"37":{"start":{"line":105,"column":6},"end":{"line":105,"column":null}},"38":{"start":{"line":108,"column":27},"end":{"line":108,"column":null}},"39":{"start":{"line":109,"column":36},"end":{"line":109,"column":null}},"40":{"start":{"line":111,"column":23},"end":{"line":115,"column":null}},"41":{"start":{"line":117,"column":6},"end":{"line":117,"column":null}},"42":{"start":{"line":118,"column":6},"end":{"line":118,"column":null}},"43":{"start":{"line":119,"column":6},"end":{"line":119,"column":null}},"44":{"start":{"line":120,"column":6},"end":{"line":120,"column":null}},"45":{"start":{"line":122,"column":6},"end":{"line":122,"column":null}},"46":{"start":{"line":125,"column":4},"end":{"line":125,"column":null}},"47":{"start":{"line":126,"column":4},"end":{"line":126,"column":null}},"48":{"start":{"line":129,"column":4},"end":{"line":133,"column":null}}},"fnMap":{"0":{"name":"(anonymous_1)","decl":{"start":{"line":7,"column":27},"end":{"line":7,"column":28}},"loc":{"start":{"line":7,"column":53},"end":{"line":24,"column":null}}},"1":{"name":"POST","decl":{"start":{"line":26,"column":22},"end":{"line":26,"column":27}},"loc":{"start":{"line":26,"column":47},"end":{"line":136,"column":null}}}},"branchMap":{"0":{"loc":{"start":{"line":30,"column":4},"end":{"line":35,"column":null}},"type":"if","locations":[{"start":{"line":30,"column":4},"end":{"line":35,"column":null}},{"start":{},"end":{}}]},"1":{"loc":{"start":{"line":33,"column":18},"end":{"line":33,"column":68}},"type":"cond-expr","locations":[{"start":{"line":33,"column":58},"end":{"line":33,"column":64}},{"start":{"line":33,"column":64},"end":{"line":33,"column":68}}]},"2":{"loc":{"start":{"line":39,"column":4},"end":{"line":53,"column":null}},"type":"if","locations":[{"start":{"line":39,"column":4},"end":{"line":53,"column":null}},{"start":{},"end":{}}]},"3":{"loc":{"start":{"line":49,"column":33},"end":{"line":49,"column":null}},"type":"binary-expr","locations":[{"start":{"line":49,"column":33},"end":{"line":49,"column":74}},{"start":{"line":49,"column":74},"end":{"line":49,"column":null}}]},"4":{"loc":{"start":{"line":68,"column":4},"end":{"line":71,"column":null}},"type":"if","locations":[{"start":{"line":68,"column":4},"end":{"line":71,"column":null}},{"start":{},"end":{}}]},"5":{"loc":{"start":{"line":74,"column":4},"end":{"line":77,"column":null}},"type":"if","locations":[{"start":{"line":74,"column":4},"end":{"line":77,"column":null}},{"start":{},"end":{}}]},"6":{"loc":{"start":{"line":74,"column":8},"end":{"line":74,"column":67}},"type":"binary-expr","locations":[{"start":{"line":74,"column":8},"end":{"line":74,"column":42}},{"start":{"line":74,"column":42},"end":{"line":74,"column":67}}]},"7":{"loc":{"start":{"line":79,"column":4},"end":{"line":87,"column":null}},"type":"if","locations":[{"start":{"line":79,"column":4},"end":{"line":87,"column":null}},{"start":{},"end":{}}]}},"s":{"0":0,"1":0,"2":0,"3":0,"4":0,"5":0,"6":0,"7":0,"8":0,"9":0,"10":0,"11":0,"12":0,"13":0,"14":0,"15":0,"16":0,"17":0,"18":0,"19":0,"20":0,"21":0,"22":0,"23":0,"24":0,"25":0,"26":0,"27":0,"28":0,"29":0,"30":0,"31":0,"32":0,"33":0,"34":0,"35":0,"36":0,"37":0,"38":0,"39":0,"40":0,"41":0,"42":0,"43":0,"44":0,"45":0,"46":0,"47":0,"48":0},"f":{"0":0,"1":0},"b":{"0":[0,0],"1":[0,0],"2":[0,0],"3":[0,0],"4":[0,0],"5":[0,0],"6":[0,0],"7":[0,0]}}
,"C:\\Users\\Dev\\Downloads\\scholarsync-app (2)\\app\\api\\generate-suggestions\\route.ts": {"path":"C:\\Users\\Dev\\Downloads\\scholarsync-app (2)\\app\\api\\generate-suggestions\\route.ts","statementMap":{"0":{"start":{"line":663,"column":22},"end":{"line":663,"column":27}},"1":{"start":{"line":1,"column":47},"end":{"line":1,"column":null}},"2":{"start":{"line":3,"column":53},"end":{"line":3,"column":null}},"3":{"start":{"line":17,"column":43},"end":{"line":17,"column":45}},"4":{"start":{"line":19,"column":2},"end":{"line":19,"column":null}},"5":{"start":{"line":20,"column":2},"end":{"line":20,"column":null}},"6":{"start":{"line":21,"column":2},"end":{"line":21,"column":null}},"7":{"start":{"line":24,"column":17},"end":{"line":24,"column":41}},"8":{"start":{"line":25,"column":21},"end":{"line":25,"column":49}},"9":{"start":{"line":26,"column":20},"end":{"line":26,"column":47}},"10":{"start":{"line":27,"column":28},"end":{"line":27,"column":64}},"11":{"start":{"line":28,"column":23},"end":{"line":28,"column":54}},"12":{"start":{"line":29,"column":25},"end":{"line":29,"column":null}},"13":{"start":{"line":31,"column":2},"end":{"line":31,"column":null}},"14":{"start":{"line":32,"column":2},"end":{"line":32,"column":null}},"15":{"start":{"line":33,"column":2},"end":{"line":33,"column":null}},"16":{"start":{"line":36,"column":21},"end":{"line":36,"column":null}},"17":{"start":{"line":37,"column":24},"end":{"line":37,"column":null}},"18":{"start":{"line":38,"column":24},"end":{"line":38,"column":null}},"19":{"start":{"line":40,"column":2},"end":{"line":40,"column":null}},"20":{"start":{"line":41,"column":2},"end":{"line":41,"column":null}},"21":{"start":{"line":42,"column":2},"end":{"line":42,"column":null}},"22":{"start":{"line":47,"column":2},"end":{"line":49,"column":null}},"23":{"start":{"line":48,"column":4},"end":{"line":48,"column":null}},"24":{"start":{"line":52,"column":2},"end":{"line":54,"column":null}},"25":{"start":{"line":53,"column":4},"end":{"line":53,"column":null}},"26":{"start":{"line":57,"column":2},"end":{"line":61,"column":null}},"27":{"start":{"line":58,"column":4},"end":{"line":59,"column":null}},"28":{"start":{"line":64,"column":2},"end":{"line":66,"column":null}},"29":{"start":{"line":65,"column":4},"end":{"line":65,"column":null}},"30":{"start":{"line":69,"column":2},"end":{"line":70,"column":null}},"31":{"start":{"line":74,"column":2},"end":{"line":74,"column":null}},"32":{"start":{"line":77,"column":28},"end":{"line":80,"column":null}},"33":{"start":{"line":77,"column":61},"end":{"line":80,"column":null}},"34":{"start":{"line":83,"column":27},"end":{"line":83,"column":102}},"35":{"start":{"line":83,"column":60},"end":{"line":83,"column":87}},"36":{"start":{"line":85,"column":2},"end":{"line":85,"column":null}},"37":{"start":{"line":86,"column":2},"end":{"line":88,"column":null}},"38":{"start":{"line":88,"column":45},"end":{"line":88,"column":null}},"39":{"start":{"line":91,"column":2},"end":{"line":91,"column":null}},"40":{"start":{"line":96,"column":22},"end":{"line":96,"column":null}},"41":{"start":{"line":96,"column":40},"end":{"line":96,"column":null}},"42":{"start":{"line":98,"column":2},"end":{"line":154,"column":null}},"43":{"start":{"line":101,"column":8},"end":{"line":106,"column":null}},"44":{"start":{"line":110,"column":8},"end":{"line":118,"column":null}},"45":{"start":{"line":122,"column":8},"end":{"line":128,"column":null}},"46":{"start":{"line":132,"column":8},"end":{"line":136,"column":null}},"47":{"start":{"line":140,"column":8},"end":{"line":144,"column":null}},"48":{"start":{"line":147,"column":13},"end":{"line":147,"column":null}},"49":{"start":{"line":150,"column":6},"end":{"line":151,"column":null}},"50":{"start":{"line":151,"column":8},"end":{"line":151,"column":null}},"51":{"start":{"line":158,"column":17},"end":{"line":159,"column":null}},"52":{"start":{"line":159,"column":11},"end":{"line":159,"column":null}},"53":{"start":{"line":161,"column":21},"end":{"line":161,"column":null}},"54":{"start":{"line":161,"column":43},"end":{"line":161,"column":null}},"55":{"start":{"line":162,"column":26},"end":{"line":162,"column":43}},"56":{"start":{"line":164,"column":2},"end":{"line":164,"column":null}},"57":{"start":{"line":164,"column":59},"end":{"line":164,"column":null}},"58":{"start":{"line":165,"column":2},"end":{"line":165,"column":null}},"59":{"start":{"line":165,"column":66},"end":{"line":165,"column":null}},"60":{"start":{"line":166,"column":2},"end":{"line":166,"column":null}},"61":{"start":{"line":170,"column":25},"end":{"line":170,"column":null}},"62":{"start":{"line":170,"column":46},"end":{"line":170,"column":null}},"63":{"start":{"line":171,"column":20},"end":{"line":171,"column":null}},"64":{"start":{"line":171,"column":44},"end":{"line":171,"column":null}},"65":{"start":{"line":173,"column":18},"end":{"line":173,"column":null}},"66":{"start":{"line":175,"column":2},"end":{"line":186,"column":null}},"67":{"start":{"line":197,"column":40},"end":{"line":197,"column":42}},"68":{"start":{"line":200,"column":27},"end":{"line":200,"column":61}},"69":{"start":{"line":202,"column":4},"end":{"line":203,"column":null}},"70":{"start":{"line":203,"column":27},"end":{"line":203,"column":null}},"71":{"start":{"line":204,"column":17},"end":{"line":204,"column":null}},"72":{"start":{"line":204,"column":43},"end":{"line":204,"column":null}},"73":{"start":{"line":205,"column":16},"end":{"line":205,"column":null}},"74":{"start":{"line":205,"column":42},"end":{"line":205,"column":null}},"75":{"start":{"line":208,"column":2},"end":{"line":219,"column":null}},"76":{"start":{"line":208,"column":42},"end":{"line":208,"column":76}},"77":{"start":{"line":209,"column":4},"end":{"line":218,"column":null}},"78":{"start":{"line":221,"column":2},"end":{"line":232,"column":null}},"79":{"start":{"line":221,"column":41},"end":{"line":221,"column":87}},"80":{"start":{"line":222,"column":4},"end":{"line":231,"column":null}},"81":{"start":{"line":235,"column":2},"end":{"line":247,"column":null}},"82":{"start":{"line":236,"column":4},"end":{"line":246,"column":null}},"83":{"start":{"line":249,"column":2},"end":{"line":261,"column":null}},"84":{"start":{"line":250,"column":4},"end":{"line":260,"column":null}},"85":{"start":{"line":264,"column":2},"end":{"line":276,"column":null}},"86":{"start":{"line":265,"column":4},"end":{"line":275,"column":null}},"87":{"start":{"line":278,"column":2},"end":{"line":278,"column":null}},"88":{"start":{"line":288,"column":40},"end":{"line":288,"column":42}},"89":{"start":{"line":289,"column":27},"end":{"line":289,"column":61}},"90":{"start":{"line":292,"column":21},"end":{"line":292,"column":null}},"91":{"start":{"line":294,"column":2},"end":{"line":303,"column":null}},"92":{"start":{"line":306,"column":2},"end":{"line":317,"column":null}},"93":{"start":{"line":306,"column":63},"end":{"line":306,"column":98}},"94":{"start":{"line":307,"column":4},"end":{"line":316,"column":null}},"95":{"start":{"line":320,"column":2},"end":{"line":331,"column":null}},"96":{"start":{"line":321,"column":4},"end":{"line":330,"column":null}},"97":{"start":{"line":333,"column":2},"end":{"line":333,"column":null}},"98":{"start":{"line":343,"column":40},"end":{"line":343,"column":42}},"99":{"start":{"line":344,"column":27},"end":{"line":344,"column":61}},"100":{"start":{"line":345,"column":21},"end":{"line":345,"column":null}},"101":{"start":{"line":348,"column":2},"end":{"line":357,"column":null}},"102":{"start":{"line":360,"column":2},"end":{"line":396,"column":null}},"103":{"start":{"line":361,"column":4},"end":{"line":371,"column":null}},"104":{"start":{"line":372,"column":9},"end":{"line":396,"column":null}},"105":{"start":{"line":373,"column":4},"end":{"line":383,"column":null}},"106":{"start":{"line":384,"column":9},"end":{"line":396,"column":null}},"107":{"start":{"line":384,"column":39},"end":{"line":384,"column":116}},"108":{"start":{"line":385,"column":4},"end":{"line":395,"column":null}},"109":{"start":{"line":398,"column":2},"end":{"line":398,"column":null}},"110":{"start":{"line":408,"column":40},"end":{"line":408,"column":42}},"111":{"start":{"line":409,"column":23},"end":{"line":409,"column":53}},"112":{"start":{"line":410,"column":27},"end":{"line":410,"column":null}},"113":{"start":{"line":411,"column":27},"end":{"line":411,"column":null}},"114":{"start":{"line":414,"column":2},"end":{"line":428,"column":null}},"115":{"start":{"line":415,"column":23},"end":{"line":415,"column":null}},"116":{"start":{"line":416,"column":23},"end":{"line":416,"column":null}},"117":{"start":{"line":416,"column":50},"end":{"line":416,"column":65}},"118":{"start":{"line":418,"column":4},"end":{"line":427,"column":null}},"119":{"start":{"line":430,"column":2},"end":{"line":445,"column":null}},"120":{"start":{"line":431,"column":4},"end":{"line":444,"column":null}},"121":{"start":{"line":448,"column":2},"end":{"line":465,"column":null}},"122":{"start":{"line":449,"column":4},"end":{"line":464,"column":null}},"123":{"start":{"line":467,"column":2},"end":{"line":467,"column":null}},"124":{"start":{"line":477,"column":40},"end":{"line":477,"column":42}},"125":{"start":{"line":478,"column":27},"end":{"line":478,"column":61}},"126":{"start":{"line":479,"column":29},"end":{"line":479,"column":null}},"127":{"start":{"line":482,"column":2},"end":{"line":493,"column":null}},"128":{"start":{"line":483,"column":4},"end":{"line":492,"column":null}},"129":{"start":{"line":495,"column":2},"end":{"line":510,"column":null}},"130":{"start":{"line":497,"column":30},"end":{"line":497,"column":null}},"131":{"start":{"line":499,"column":19},"end":{"line":499,"column":null}},"132":{"start":{"line":500,"column":4},"end":{"line":509,"column":null}},"133":{"start":{"line":513,"column":2},"end":{"line":525,"column":null}},"134":{"start":{"line":514,"column":4},"end":{"line":524,"column":null}},"135":{"start":{"line":527,"column":2},"end":{"line":527,"column":null}},"136":{"start":{"line":536,"column":40},"end":{"line":536,"column":42}},"137":{"start":{"line":537,"column":24},"end":{"line":537,"column":null}},"138":{"start":{"line":538,"column":28},"end":{"line":538,"column":null}},"139":{"start":{"line":540,"column":2},"end":{"line":556,"column":null}},"140":{"start":{"line":558,"column":2},"end":{"line":569,"column":null}},"141":{"start":{"line":559,"column":4},"end":{"line":568,"column":null}},"142":{"start":{"line":572,"column":2},"end":{"line":589,"column":null}},"143":{"start":{"line":573,"column":4},"end":{"line":588,"column":null}},"144":{"start":{"line":591,"column":2},"end":{"line":591,"column":null}},"145":{"start":{"line":602,"column":14},"end":{"line":602,"column":17}},"146":{"start":{"line":605,"column":25},"end":{"line":605,"column":null}},"147":{"start":{"line":605,"column":62},"end":{"line":605,"column":null}},"148":{"start":{"line":606,"column":26},"end":{"line":606,"column":null}},"149":{"start":{"line":606,"column":48},"end":{"line":606,"column":null}},"150":{"start":{"line":607,"column":23},"end":{"line":609,"column":10}},"151":{"start":{"line":608,"column":4},"end":{"line":608,"column":null}},"152":{"start":{"line":608,"column":35},"end":{"line":608,"column":null}},"153":{"start":{"line":610,"column":2},"end":{"line":610,"column":null}},"154":{"start":{"line":613,"column":24},"end":{"line":613,"column":null}},"155":{"start":{"line":613,"column":60},"end":{"line":613,"column":null}},"156":{"start":{"line":614,"column":29},"end":{"line":614,"column":null}},"157":{"start":{"line":614,"column":54},"end":{"line":614,"column":null}},"158":{"start":{"line":615,"column":26},"end":{"line":617,"column":10}},"159":{"start":{"line":616,"column":4},"end":{"line":616,"column":null}},"160":{"start":{"line":616,"column":42},"end":{"line":616,"column":null}},"161":{"start":{"line":618,"column":2},"end":{"line":618,"column":null}},"162":{"start":{"line":621,"column":24},"end":{"line":621,"column":null}},"163":{"start":{"line":622,"column":21},"end":{"line":622,"column":null}},"164":{"start":{"line":623,"column":27},"end":{"line":623,"column":null}},"165":{"start":{"line":626,"column":2},"end":{"line":635,"column":null}},"166":{"start":{"line":627,"column":26},"end":{"line":627,"column":null}},"167":{"start":{"line":628,"column":4},"end":{"line":634,"column":null}},"168":{"start":{"line":638,"column":2},"end":{"line":645,"column":null}},"169":{"start":{"line":639,"column":4},"end":{"line":639,"column":null}},"170":{"start":{"line":640,"column":9},"end":{"line":645,"column":null}},"171":{"start":{"line":644,"column":4},"end":{"line":644,"column":null}},"172":{"start":{"line":648,"column":2},"end":{"line":648,"column":null}},"173":{"start":{"line":648,"column":62},"end":{"line":648,"column":null}},"174":{"start":{"line":649,"column":2},"end":{"line":649,"column":null}},"175":{"start":{"line":649,"column":64},"end":{"line":649,"column":null}},"176":{"start":{"line":650,"column":2},"end":{"line":650,"column":null}},"177":{"start":{"line":650,"column":73},"end":{"line":650,"column":null}},"178":{"start":{"line":651,"column":2},"end":{"line":651,"column":null}},"179":{"start":{"line":651,"column":76},"end":{"line":651,"column":null}},"180":{"start":{"line":654,"column":2},"end":{"line":654,"column":null}},"181":{"start":{"line":654,"column":71},"end":{"line":654,"column":null}},"182":{"start":{"line":655,"column":2},"end":{"line":655,"column":null}},"183":{"start":{"line":655,"column":75},"end":{"line":655,"column":null}},"184":{"start":{"line":656,"column":2},"end":{"line":656,"column":null}},"185":{"start":{"line":656,"column":73},"end":{"line":656,"column":null}},"186":{"start":{"line":657,"column":2},"end":{"line":657,"column":null}},"187":{"start":{"line":657,"column":73},"end":{"line":657,"column":null}},"188":{"start":{"line":658,"column":2},"end":{"line":658,"column":null}},"189":{"start":{"line":658,"column":83},"end":{"line":658,"column":null}},"190":{"start":{"line":664,"column":2},"end":{"line":732,"column":null}},"191":{"start":{"line":666,"column":26},"end":{"line":666,"column":null}},"192":{"start":{"line":667,"column":4},"end":{"line":672,"column":null}},"193":{"start":{"line":668,"column":6},"end":{"line":670,"column":null}},"194":{"start":{"line":674,"column":28},"end":{"line":674,"column":null}},"195":{"start":{"line":675,"column":4},"end":{"line":689,"column":null}},"196":{"start":{"line":676,"column":6},"end":{"line":687,"column":null}},"197":{"start":{"line":693,"column":4},"end":{"line":698,"column":null}},"198":{"start":{"line":694,"column":6},"end":{"line":694,"column":null}},"199":{"start":{"line":696,"column":6},"end":{"line":696,"column":null}},"200":{"start":{"line":697,"column":6},"end":{"line":697,"column":null}},"201":{"start":{"line":701,"column":26},"end":{"line":701,"column":null}},"202":{"start":{"line":702,"column":40},"end":{"line":702,"column":null}},"203":{"start":{"line":704,"column":4},"end":{"line":707,"column":null}},"204":{"start":{"line":705,"column":6},"end":{"line":705,"column":null}},"205":{"start":{"line":706,"column":6},"end":{"line":706,"column":null}},"206":{"start":{"line":710,"column":27},"end":{"line":710,"column":null}},"207":{"start":{"line":711,"column":4},"end":{"line":714,"column":null}},"208":{"start":{"line":712,"column":6},"end":{"line":712,"column":null}},"209":{"start":{"line":713,"column":6},"end":{"line":713,"column":null}},"210":{"start":{"line":717,"column":24},"end":{"line":717,"column":null}},"211":{"start":{"line":720,"column":21},"end":{"line":720,"column":null}},"212":{"start":{"line":721,"column":4},"end":{"line":721,"column":null}},"213":{"start":{"line":722,"column":4},"end":{"line":722,"column":null}},"214":{"start":{"line":723,"column":4},"end":{"line":723,"column":null}},"215":{"start":{"line":724,"column":4},"end":{"line":724,"column":null}},"216":{"start":{"line":725,"column":4},"end":{"line":725,"column":null}},"217":{"start":{"line":727,"column":4},"end":{"line":727,"column":null}},"218":{"start":{"line":729,"column":4},"end":{"line":729,"column":null}},"219":{"start":{"line":730,"column":4},"end":{"line":730,"column":null}},"220":{"start":{"line":731,"column":4},"end":{"line":731,"column":null}}},"fnMap":{"0":{"name":"generateProjectSuggestions","decl":{"start":{"line":16,"column":9},"end":{"line":16,"column":36}},"loc":{"start":{"line":16,"column":69},"end":{"line":92,"column":null}}},"1":{"name":"(anonymous_2)","decl":{"start":{"line":77,"column":44},"end":{"line":77,"column":45}},"loc":{"start":{"line":77,"column":61},"end":{"line":80,"column":null}}},"2":{"name":"(anonymous_3)","decl":{"start":{"line":83,"column":50},"end":{"line":83,"column":51}},"loc":{"start":{"line":83,"column":60},"end":{"line":83,"column":87}}},"3":{"name":"(anonymous_4)","decl":{"start":{"line":88,"column":37},"end":{"line":88,"column":38}},"loc":{"start":{"line":88,"column":45},"end":{"line":88,"column":null}}},"4":{"name":"analyzeSkills","decl":{"start":{"line":95,"column":9},"end":{"line":95,"column":23}},"loc":{"start":{"line":95,"column":39},"end":{"line":155,"column":null}}},"5":{"name":"(anonymous_6)","decl":{"start":{"line":96,"column":33},"end":{"line":96,"column":34}},"loc":{"start":{"line":96,"column":40},"end":{"line":96,"column":null}}},"6":{"name":"(anonymous_7)","decl":{"start":{"line":100,"column":6},"end":{"line":100,"column":7}},"loc":{"start":{"line":101,"column":8},"end":{"line":106,"column":null}}},"7":{"name":"(anonymous_8)","decl":{"start":{"line":109,"column":6},"end":{"line":109,"column":7}},"loc":{"start":{"line":110,"column":8},"end":{"line":118,"column":null}}},"8":{"name":"(anonymous_9)","decl":{"start":{"line":121,"column":6},"end":{"line":121,"column":7}},"loc":{"start":{"line":122,"column":8},"end":{"line":128,"column":null}}},"9":{"name":"(anonymous_10)","decl":{"start":{"line":131,"column":6},"end":{"line":131,"column":7}},"loc":{"start":{"line":132,"column":8},"end":{"line":136,"column":null}}},"10":{"name":"(anonymous_11)","decl":{"start":{"line":139,"column":6},"end":{"line":139,"column":7}},"loc":{"start":{"line":140,"column":8},"end":{"line":144,"column":null}}},"11":{"name":"(anonymous_12)","decl":{"start":{"line":147,"column":6},"end":{"line":147,"column":7}},"loc":{"start":{"line":147,"column":13},"end":{"line":147,"column":null}}},"12":{"name":"(anonymous_13)","decl":{"start":{"line":149,"column":40},"end":{"line":149,"column":41}},"loc":{"start":{"line":150,"column":6},"end":{"line":151,"column":null}}},"13":{"name":"(anonymous_14)","decl":{"start":{"line":150,"column":90},"end":{"line":150,"column":91}},"loc":{"start":{"line":151,"column":8},"end":{"line":151,"column":null}}},"14":{"name":"determineAcademicLevel","decl":{"start":{"line":157,"column":9},"end":{"line":157,"column":32}},"loc":{"start":{"line":157,"column":113},"end":{"line":167,"column":null}}},"15":{"name":"(anonymous_16)","decl":{"start":{"line":159,"column":4},"end":{"line":159,"column":5}},"loc":{"start":{"line":159,"column":11},"end":{"line":159,"column":null}}},"16":{"name":"(anonymous_17)","decl":{"start":{"line":161,"column":36},"end":{"line":161,"column":37}},"loc":{"start":{"line":161,"column":43},"end":{"line":161,"column":null}}},"17":{"name":"analyzeResearchFocus","decl":{"start":{"line":169,"column":9},"end":{"line":169,"column":30}},"loc":{"start":{"line":169,"column":70},"end":{"line":187,"column":null}}},"18":{"name":"(anonymous_19)","decl":{"start":{"line":170,"column":39},"end":{"line":170,"column":40}},"loc":{"start":{"line":170,"column":46},"end":{"line":170,"column":null}}},"19":{"name":"(anonymous_20)","decl":{"start":{"line":171,"column":37},"end":{"line":171,"column":38}},"loc":{"start":{"line":171,"column":44},"end":{"line":171,"column":null}}},"20":{"name":"generateMLProjects","decl":{"start":{"line":190,"column":9},"end":{"line":190,"column":null}},"loc":{"start":{"line":195,"column":25},"end":{"line":279,"column":null}}},"21":{"name":"(anonymous_22)","decl":{"start":{"line":203,"column":20},"end":{"line":203,"column":21}},"loc":{"start":{"line":203,"column":27},"end":{"line":203,"column":null}}},"22":{"name":"(anonymous_23)","decl":{"start":{"line":204,"column":36},"end":{"line":204,"column":37}},"loc":{"start":{"line":204,"column":43},"end":{"line":204,"column":null}}},"23":{"name":"(anonymous_24)","decl":{"start":{"line":205,"column":35},"end":{"line":205,"column":36}},"loc":{"start":{"line":205,"column":42},"end":{"line":205,"column":null}}},"24":{"name":"(anonymous_25)","decl":{"start":{"line":208,"column":35},"end":{"line":208,"column":36}},"loc":{"start":{"line":208,"column":42},"end":{"line":208,"column":76}}},"25":{"name":"(anonymous_26)","decl":{"start":{"line":221,"column":34},"end":{"line":221,"column":35}},"loc":{"start":{"line":221,"column":41},"end":{"line":221,"column":87}}},"26":{"name":"generateWebProjects","decl":{"start":{"line":281,"column":9},"end":{"line":281,"column":null}},"loc":{"start":{"line":286,"column":25},"end":{"line":334,"column":null}}},"27":{"name":"(anonymous_28)","decl":{"start":{"line":306,"column":56},"end":{"line":306,"column":57}},"loc":{"start":{"line":306,"column":63},"end":{"line":306,"column":98}}},"28":{"name":"generateDataScienceProjects","decl":{"start":{"line":336,"column":9},"end":{"line":336,"column":null}},"loc":{"start":{"line":341,"column":25},"end":{"line":399,"column":null}}},"29":{"name":"(anonymous_30)","decl":{"start":{"line":384,"column":32},"end":{"line":384,"column":33}},"loc":{"start":{"line":384,"column":39},"end":{"line":384,"column":116}}},"30":{"name":"generateResearchProjects","decl":{"start":{"line":401,"column":9},"end":{"line":401,"column":null}},"loc":{"start":{"line":406,"column":25},"end":{"line":468,"column":null}}},"31":{"name":"(anonymous_32)","decl":{"start":{"line":416,"column":38},"end":{"line":416,"column":39}},"loc":{"start":{"line":416,"column":50},"end":{"line":416,"column":65}}},"32":{"name":"generateInterdisciplinaryProjects","decl":{"start":{"line":470,"column":9},"end":{"line":470,"column":null}},"loc":{"start":{"line":475,"column":25},"end":{"line":528,"column":null}}},"33":{"name":"(anonymous_34)","decl":{"start":{"line":497,"column":23},"end":{"line":497,"column":24}},"loc":{"start":{"line":497,"column":30},"end":{"line":497,"column":null}}},"34":{"name":"generateOpenSourceProjects","decl":{"start":{"line":530,"column":9},"end":{"line":530,"column":null}},"loc":{"start":{"line":534,"column":25},"end":{"line":592,"column":null}}},"35":{"name":"calculateMatchScore","decl":{"start":{"line":594,"column":9},"end":{"line":594,"column":null}},"loc":{"start":{"line":600,"column":25},"end":{"line":661,"column":null}}},"36":{"name":"(anonymous_37)","decl":{"start":{"line":605,"column":55},"end":{"line":605,"column":56}},"loc":{"start":{"line":605,"column":62},"end":{"line":605,"column":null}}},"37":{"name":"(anonymous_38)","decl":{"start":{"line":606,"column":41},"end":{"line":606,"column":42}},"loc":{"start":{"line":606,"column":48},"end":{"line":606,"column":null}}},"38":{"name":"(anonymous_39)","decl":{"start":{"line":607,"column":45},"end":{"line":607,"column":46}},"loc":{"start":{"line":608,"column":4},"end":{"line":608,"column":null}}},"39":{"name":"(anonymous_40)","decl":{"start":{"line":608,"column":25},"end":{"line":608,"column":26}},"loc":{"start":{"line":608,"column":35},"end":{"line":608,"column":null}}},"40":{"name":"(anonymous_41)","decl":{"start":{"line":613,"column":53},"end":{"line":613,"column":54}},"loc":{"start":{"line":613,"column":60},"end":{"line":613,"column":null}}},"41":{"name":"(anonymous_42)","decl":{"start":{"line":614,"column":47},"end":{"line":614,"column":48}},"loc":{"start":{"line":614,"column":54},"end":{"line":614,"column":null}}},"42":{"name":"(anonymous_43)","decl":{"start":{"line":615,"column":47},"end":{"line":615,"column":48}},"loc":{"start":{"line":616,"column":4},"end":{"line":616,"column":null}}},"43":{"name":"(anonymous_44)","decl":{"start":{"line":616,"column":28},"end":{"line":616,"column":29}},"loc":{"start":{"line":616,"column":42},"end":{"line":616,"column":null}}},"44":{"name":"(anonymous_45)","decl":{"start":{"line":626,"column":24},"end":{"line":626,"column":25}},"loc":{"start":{"line":626,"column":25},"end":{"line":635,"column":null}}},"45":{"name":"POST","decl":{"start":{"line":663,"column":22},"end":{"line":663,"column":27}},"loc":{"start":{"line":663,"column":47},"end":{"line":733,"column":null}}}},"branchMap":{"0":{"loc":{"start":{"line":20,"column":30},"end":{"line":20,"column":null}},"type":"cond-expr","locations":[{"start":{"line":20,"column":43},"end":{"line":20,"column":57}},{"start":{"line":20,"column":57},"end":{"line":20,"column":null}}]},"1":{"loc":{"start":{"line":21,"column":31},"end":{"line":21,"column":null}},"type":"cond-expr","locations":[{"start":{"line":21,"column":45},"end":{"line":21,"column":59}},{"start":{"line":21,"column":59},"end":{"line":21,"column":null}}]},"2":{"loc":{"start":{"line":24,"column":17},"end":{"line":24,"column":41}},"type":"binary-expr","locations":[{"start":{"line":24,"column":17},"end":{"line":24,"column":39}},{"start":{"line":24,"column":39},"end":{"line":24,"column":41}}]},"3":{"loc":{"start":{"line":25,"column":21},"end":{"line":25,"column":49}},"type":"binary-expr","locations":[{"start":{"line":25,"column":21},"end":{"line":25,"column":47}},{"start":{"line":25,"column":47},"end":{"line":25,"column":49}}]},"4":{"loc":{"start":{"line":26,"column":20},"end":{"line":26,"column":47}},"type":"binary-expr","locations":[{"start":{"line":26,"column":20},"end":{"line":26,"column":45}},{"start":{"line":26,"column":45},"end":{"line":26,"column":47}}]},"5":{"loc":{"start":{"line":27,"column":28},"end":{"line":27,"column":64}},"type":"binary-expr","locations":[{"start":{"line":27,"column":28},"end":{"line":27,"column":62}},{"start":{"line":27,"column":62},"end":{"line":27,"column":64}}]},"6":{"loc":{"start":{"line":28,"column":23},"end":{"line":28,"column":54}},"type":"binary-expr","locations":[{"start":{"line":28,"column":23},"end":{"line":28,"column":52}},{"start":{"line":28,"column":52},"end":{"line":28,"column":54}}]},"7":{"loc":{"start":{"line":29,"column":25},"end":{"line":29,"column":null}},"type":"binary-expr","locations":[{"start":{"line":29,"column":25},"end":{"line":29,"column":56}},{"start":{"line":29,"column":56},"end":{"line":29,"column":null}}]},"8":{"loc":{"start":{"line":47,"column":2},"end":{"line":49,"column":null}},"type":"if","locations":[{"start":{"line":47,"column":2},"end":{"line":49,"column":null}},{"start":{},"end":{}}]},"9":{"loc":{"start":{"line":47,"column":6},"end":{"line":47,"column":51}},"type":"binary-expr","locations":[{"start":{"line":47,"column":6},"end":{"line":47,"column":22}},{"start":{"line":47,"column":26},"end":{"line":47,"column":51}}]},"10":{"loc":{"start":{"line":52,"column":2},"end":{"line":54,"column":null}},"type":"if","locations":[{"start":{"line":52,"column":2},"end":{"line":54,"column":null}},{"start":{},"end":{}}]},"11":{"loc":{"start":{"line":57,"column":2},"end":{"line":61,"column":null}},"type":"if","locations":[{"start":{"line":57,"column":2},"end":{"line":61,"column":null}},{"start":{},"end":{}}]},"12":{"loc":{"start":{"line":57,"column":6},"end":{"line":57,"column":62}},"type":"binary-expr","locations":[{"start":{"line":57,"column":6},"end":{"line":57,"column":31}},{"start":{"line":57,"column":35},"end":{"line":57,"column":62}}]},"13":{"loc":{"start":{"line":64,"column":2},"end":{"line":66,"column":null}},"type":"if","locations":[{"start":{"line":64,"column":2},"end":{"line":66,"column":null}},{"start":{},"end":{}}]},"14":{"loc":{"start":{"line":64,"column":6},"end":{"line":64,"column":46}},"type":"binary-expr","locations":[{"start":{"line":64,"column":6},"end":{"line":64,"column":21}},{"start":{"line":64,"column":21},"end":{"line":64,"column":46}}]},"15":{"loc":{"start":{"line":101,"column":8},"end":{"line":106,"column":null}},"type":"binary-expr","locations":[{"start":{"line":101,"column":8},"end":{"line":101,"column":null}},{"start":{"line":102,"column":8},"end":{"line":102,"column":null}},{"start":{"line":103,"column":8},"end":{"line":103,"column":null}},{"start":{"line":104,"column":8},"end":{"line":104,"column":null}},{"start":{"line":105,"column":8},"end":{"line":105,"column":null}},{"start":{"line":106,"column":8},"end":{"line":106,"column":null}}]},"16":{"loc":{"start":{"line":110,"column":8},"end":{"line":118,"column":null}},"type":"binary-expr","locations":[{"start":{"line":110,"column":8},"end":{"line":110,"column":null}},{"start":{"line":111,"column":8},"end":{"line":111,"column":null}},{"start":{"line":112,"column":8},"end":{"line":112,"column":null}},{"start":{"line":113,"column":8},"end":{"line":113,"column":null}},{"start":{"line":114,"column":8},"end":{"line":114,"column":null}},{"start":{"line":115,"column":8},"end":{"line":115,"column":null}},{"start":{"line":116,"column":8},"end":{"line":116,"column":null}},{"start":{"line":117,"column":8},"end":{"line":117,"column":null}},{"start":{"line":118,"column":8},"end":{"line":118,"column":null}}]},"17":{"loc":{"start":{"line":122,"column":8},"end":{"line":128,"column":null}},"type":"binary-expr","locations":[{"start":{"line":122,"column":8},"end":{"line":122,"column":null}},{"start":{"line":123,"column":8},"end":{"line":123,"column":null}},{"start":{"line":124,"column":8},"end":{"line":124,"column":null}},{"start":{"line":125,"column":8},"end":{"line":125,"column":null}},{"start":{"line":126,"column":8},"end":{"line":126,"column":null}},{"start":{"line":127,"column":8},"end":{"line":127,"column":null}},{"start":{"line":128,"column":8},"end":{"line":128,"column":null}}]},"18":{"loc":{"start":{"line":132,"column":8},"end":{"line":136,"column":null}},"type":"binary-expr","locations":[{"start":{"line":132,"column":8},"end":{"line":132,"column":null}},{"start":{"line":133,"column":8},"end":{"line":133,"column":null}},{"start":{"line":134,"column":8},"end":{"line":134,"column":null}},{"start":{"line":135,"column":8},"end":{"line":135,"column":null}},{"start":{"line":136,"column":8},"end":{"line":136,"column":null}}]},"19":{"loc":{"start":{"line":140,"column":8},"end":{"line":144,"column":null}},"type":"binary-expr","locations":[{"start":{"line":140,"column":8},"end":{"line":140,"column":null}},{"start":{"line":141,"column":8},"end":{"line":141,"column":null}},{"start":{"line":142,"column":8},"end":{"line":142,"column":null}},{"start":{"line":143,"column":8},"end":{"line":143,"column":null}},{"start":{"line":144,"column":8},"end":{"line":144,"column":null}}]},"20":{"loc":{"start":{"line":147,"column":13},"end":{"line":147,"column":null}},"type":"binary-expr","locations":[{"start":{"line":147,"column":13},"end":{"line":147,"column":34}},{"start":{"line":147,"column":34},"end":{"line":147,"column":59}},{"start":{"line":147,"column":59},"end":{"line":147,"column":87}},{"start":{"line":147,"column":87},"end":{"line":147,"column":null}}]},"21":{"loc":{"start":{"line":159,"column":11},"end":{"line":159,"column":null}},"type":"binary-expr","locations":[{"start":{"line":159,"column":11},"end":{"line":159,"column":54}},{"start":{"line":159,"column":54},"end":{"line":159,"column":null}}]},"22":{"loc":{"start":{"line":164,"column":2},"end":{"line":164,"column":null}},"type":"if","locations":[{"start":{"line":164,"column":2},"end":{"line":164,"column":null}},{"start":{},"end":{}}]},"23":{"loc":{"start":{"line":164,"column":6},"end":{"line":164,"column":59}},"type":"binary-expr","locations":[{"start":{"line":164,"column":6},"end":{"line":164,"column":16}},{"start":{"line":164,"column":16},"end":{"line":164,"column":42}},{"start":{"line":164,"column":42},"end":{"line":164,"column":59}}]},"24":{"loc":{"start":{"line":165,"column":2},"end":{"line":165,"column":null}},"type":"if","locations":[{"start":{"line":165,"column":2},"end":{"line":165,"column":null}},{"start":{},"end":{}}]},"25":{"loc":{"start":{"line":165,"column":6},"end":{"line":165,"column":66}},"type":"binary-expr","locations":[{"start":{"line":165,"column":6},"end":{"line":165,"column":20}},{"start":{"line":165,"column":20},"end":{"line":165,"column":43}},{"start":{"line":165,"column":43},"end":{"line":165,"column":66}}]},"26":{"loc":{"start":{"line":171,"column":44},"end":{"line":171,"column":null}},"type":"binary-expr","locations":[{"start":{"line":171,"column":44},"end":{"line":171,"column":70}},{"start":{"line":171,"column":70},"end":{"line":171,"column":null}}]},"27":{"loc":{"start":{"line":177,"column":6},"end":{"line":180,"column":null}},"type":"binary-expr","locations":[{"start":{"line":177,"column":6},"end":{"line":177,"column":null}},{"start":{"line":178,"column":6},"end":{"line":178,"column":null}},{"start":{"line":179,"column":6},"end":{"line":179,"column":null}},{"start":{"line":180,"column":6},"end":{"line":180,"column":null}}]},"28":{"loc":{"start":{"line":181,"column":19},"end":{"line":181,"column":null}},"type":"binary-expr","locations":[{"start":{"line":181,"column":19},"end":{"line":181,"column":47}},{"start":{"line":181,"column":47},"end":{"line":181,"column":80}},{"start":{"line":181,"column":80},"end":{"line":181,"column":null}}]},"29":{"loc":{"start":{"line":182,"column":18},"end":{"line":182,"column":null}},"type":"binary-expr","locations":[{"start":{"line":182,"column":18},"end":{"line":182,"column":47}},{"start":{"line":182,"column":47},"end":{"line":182,"column":80}},{"start":{"line":182,"column":80},"end":{"line":182,"column":null}}]},"30":{"loc":{"start":{"line":183,"column":23},"end":{"line":183,"column":null}},"type":"binary-expr","locations":[{"start":{"line":183,"column":23},"end":{"line":183,"column":55}},{"start":{"line":183,"column":55},"end":{"line":183,"column":86}},{"start":{"line":183,"column":86},"end":{"line":183,"column":null}}]},"31":{"loc":{"start":{"line":184,"column":18},"end":{"line":184,"column":null}},"type":"binary-expr","locations":[{"start":{"line":184,"column":18},"end":{"line":184,"column":45}},{"start":{"line":184,"column":45},"end":{"line":184,"column":76}},{"start":{"line":184,"column":76},"end":{"line":184,"column":null}}]},"32":{"loc":{"start":{"line":200,"column":27},"end":{"line":200,"column":61}},"type":"binary-expr","locations":[{"start":{"line":200,"column":27},"end":{"line":200,"column":55}},{"start":{"line":200,"column":59},"end":{"line":200,"column":61}}]},"33":{"loc":{"start":{"line":202,"column":4},"end":{"line":203,"column":null}},"type":"binary-expr","locations":[{"start":{"line":202,"column":4},"end":{"line":202,"column":null}},{"start":{"line":203,"column":4},"end":{"line":203,"column":null}}]},"34":{"loc":{"start":{"line":204,"column":43},"end":{"line":204,"column":null}},"type":"binary-expr","locations":[{"start":{"line":204,"column":43},"end":{"line":204,"column":83}},{"start":{"line":204,"column":83},"end":{"line":204,"column":null}}]},"35":{"loc":{"start":{"line":205,"column":42},"end":{"line":205,"column":null}},"type":"binary-expr","locations":[{"start":{"line":205,"column":42},"end":{"line":205,"column":80}},{"start":{"line":205,"column":80},"end":{"line":205,"column":null}}]},"36":{"loc":{"start":{"line":208,"column":2},"end":{"line":219,"column":null}},"type":"if","locations":[{"start":{"line":208,"column":2},"end":{"line":219,"column":null}},{"start":{},"end":{}}]},"37":{"loc":{"start":{"line":208,"column":6},"end":{"line":208,"column":76}},"type":"binary-expr","locations":[{"start":{"line":208,"column":6},"end":{"line":208,"column":16}},{"start":{"line":208,"column":16},"end":{"line":208,"column":76}}]},"38":{"loc":{"start":{"line":210,"column":16},"end":{"line":210,"column":69}},"type":"cond-expr","locations":[{"start":{"line":210,"column":38},"end":{"line":210,"column":63}},{"start":{"line":210,"column":66},"end":{"line":210,"column":69}}]},"39":{"loc":{"start":{"line":211,"column":70},"end":{"line":211,"column":104}},"type":"binary-expr","locations":[{"start":{"line":211,"column":70},"end":{"line":211,"column":89}},{"start":{"line":211,"column":93},"end":{"line":211,"column":104}}]},"40":{"loc":{"start":{"line":213,"column":53},"end":{"line":213,"column":92}},"type":"binary-expr","locations":[{"start":{"line":213,"column":53},"end":{"line":213,"column":72}},{"start":{"line":213,"column":76},"end":{"line":213,"column":92}}]},"41":{"loc":{"start":{"line":215,"column":25},"end":{"line":215,"column":null}},"type":"cond-expr","locations":[{"start":{"line":215,"column":56},"end":{"line":215,"column":71}},{"start":{"line":215,"column":71},"end":{"line":215,"column":null}}]},"42":{"loc":{"start":{"line":221,"column":2},"end":{"line":232,"column":null}},"type":"if","locations":[{"start":{"line":221,"column":2},"end":{"line":232,"column":null}},{"start":{},"end":{}}]},"43":{"loc":{"start":{"line":221,"column":6},"end":{"line":221,"column":87}},"type":"binary-expr","locations":[{"start":{"line":221,"column":6},"end":{"line":221,"column":15}},{"start":{"line":221,"column":15},"end":{"line":221,"column":87}}]},"44":{"loc":{"start":{"line":223,"column":16},"end":{"line":223,"column":69}},"type":"cond-expr","locations":[{"start":{"line":223,"column":38},"end":{"line":223,"column":63}},{"start":{"line":223,"column":66},"end":{"line":223,"column":69}}]},"45":{"loc":{"start":{"line":224,"column":66},"end":{"line":224,"column":112}},"type":"binary-expr","locations":[{"start":{"line":224,"column":66},"end":{"line":224,"column":85}},{"start":{"line":224,"column":89},"end":{"line":224,"column":112}}]},"46":{"loc":{"start":{"line":226,"column":41},"end":{"line":226,"column":81}},"type":"binary-expr","locations":[{"start":{"line":226,"column":41},"end":{"line":226,"column":60}},{"start":{"line":226,"column":64},"end":{"line":226,"column":81}}]},"47":{"loc":{"start":{"line":235,"column":2},"end":{"line":247,"column":null}},"type":"if","locations":[{"start":{"line":235,"column":2},"end":{"line":247,"column":null}},{"start":{},"end":{}}]},"48":{"loc":{"start":{"line":249,"column":2},"end":{"line":261,"column":null}},"type":"if","locations":[{"start":{"line":249,"column":2},"end":{"line":261,"column":null}},{"start":{},"end":{}}]},"49":{"loc":{"start":{"line":264,"column":2},"end":{"line":276,"column":null}},"type":"if","locations":[{"start":{"line":264,"column":2},"end":{"line":276,"column":null}},{"start":{},"end":{}}]},"50":{"loc":{"start":{"line":289,"column":27},"end":{"line":289,"column":61}},"type":"binary-expr","locations":[{"start":{"line":289,"column":27},"end":{"line":289,"column":55}},{"start":{"line":289,"column":59},"end":{"line":289,"column":61}}]},"51":{"loc":{"start":{"line":292,"column":21},"end":{"line":292,"column":null}},"type":"binary-expr","locations":[{"start":{"line":292,"column":21},"end":{"line":292,"column":40}},{"start":{"line":292,"column":44},"end":{"line":292,"column":null}}]},"52":{"loc":{"start":{"line":306,"column":2},"end":{"line":317,"column":null}},"type":"if","locations":[{"start":{"line":306,"column":2},"end":{"line":317,"column":null}},{"start":{},"end":{}}]},"53":{"loc":{"start":{"line":306,"column":6},"end":{"line":306,"column":98}},"type":"binary-expr","locations":[{"start":{"line":306,"column":6},"end":{"line":306,"column":33}},{"start":{"line":306,"column":37},"end":{"line":306,"column":98}}]},"54":{"loc":{"start":{"line":320,"column":2},"end":{"line":331,"column":null}},"type":"if","locations":[{"start":{"line":320,"column":2},"end":{"line":331,"column":null}},{"start":{},"end":{}}]},"55":{"loc":{"start":{"line":344,"column":27},"end":{"line":344,"column":61}},"type":"binary-expr","locations":[{"start":{"line":344,"column":27},"end":{"line":344,"column":55}},{"start":{"line":344,"column":59},"end":{"line":344,"column":61}}]},"56":{"loc":{"start":{"line":345,"column":21},"end":{"line":345,"column":null}},"type":"binary-expr","locations":[{"start":{"line":345,"column":21},"end":{"line":345,"column":40}},{"start":{"line":345,"column":44},"end":{"line":345,"column":null}}]},"57":{"loc":{"start":{"line":360,"column":2},"end":{"line":396,"column":null}},"type":"if","locations":[{"start":{"line":360,"column":2},"end":{"line":396,"column":null}},{"start":{"line":372,"column":9},"end":{"line":396,"column":null}}]},"58":{"loc":{"start":{"line":372,"column":9},"end":{"line":396,"column":null}},"type":"if","locations":[{"start":{"line":372,"column":9},"end":{"line":396,"column":null}},{"start":{"line":384,"column":9},"end":{"line":396,"column":null}}]},"59":{"loc":{"start":{"line":384,"column":9},"end":{"line":396,"column":null}},"type":"if","locations":[{"start":{"line":384,"column":9},"end":{"line":396,"column":null}},{"start":{},"end":{}}]},"60":{"loc":{"start":{"line":384,"column":39},"end":{"line":384,"column":116}},"type":"binary-expr","locations":[{"start":{"line":384,"column":39},"end":{"line":384,"column":77}},{"start":{"line":384,"column":77},"end":{"line":384,"column":116}}]},"61":{"loc":{"start":{"line":409,"column":23},"end":{"line":409,"column":53}},"type":"binary-expr","locations":[{"start":{"line":409,"column":23},"end":{"line":409,"column":47}},{"start":{"line":409,"column":51},"end":{"line":409,"column":53}}]},"62":{"loc":{"start":{"line":414,"column":2},"end":{"line":428,"column":null}},"type":"if","locations":[{"start":{"line":414,"column":2},"end":{"line":428,"column":null}},{"start":{},"end":{}}]},"63":{"loc":{"start":{"line":416,"column":50},"end":{"line":416,"column":65}},"type":"binary-expr","locations":[{"start":{"line":416,"column":50},"end":{"line":416,"column":57}},{"start":{"line":416,"column":61},"end":{"line":416,"column":65}}]},"64":{"loc":{"start":{"line":419,"column":25},"end":{"line":419,"column":59}},"type":"binary-expr","locations":[{"start":{"line":419,"column":25},"end":{"line":419,"column":44}},{"start":{"line":419,"column":48},"end":{"line":419,"column":59}}]},"65":{"loc":{"start":{"line":420,"column":62},"end":{"line":420,"column":98}},"type":"binary-expr","locations":[{"start":{"line":420,"column":62},"end":{"line":420,"column":81}},{"start":{"line":420,"column":85},"end":{"line":420,"column":98}}]},"66":{"loc":{"start":{"line":422,"column":61},"end":{"line":422,"column":106}},"type":"binary-expr","locations":[{"start":{"line":422,"column":61},"end":{"line":422,"column":80}},{"start":{"line":422,"column":84},"end":{"line":422,"column":106}}]},"67":{"loc":{"start":{"line":425,"column":40},"end":{"line":425,"column":74}},"type":"binary-expr","locations":[{"start":{"line":425,"column":40},"end":{"line":425,"column":59}},{"start":{"line":425,"column":63},"end":{"line":425,"column":74}}]},"68":{"loc":{"start":{"line":430,"column":2},"end":{"line":445,"column":null}},"type":"if","locations":[{"start":{"line":430,"column":2},"end":{"line":445,"column":null}},{"start":{},"end":{}}]},"69":{"loc":{"start":{"line":430,"column":6},"end":{"line":430,"column":51}},"type":"binary-expr","locations":[{"start":{"line":430,"column":6},"end":{"line":430,"column":26}},{"start":{"line":430,"column":26},"end":{"line":430,"column":51}}]},"70":{"loc":{"start":{"line":433,"column":146},"end":{"line":433,"column":182}},"type":"binary-expr","locations":[{"start":{"line":433,"column":146},"end":{"line":433,"column":165}},{"start":{"line":433,"column":169},"end":{"line":433,"column":182}}]},"71":{"loc":{"start":{"line":438,"column":8},"end":{"line":438,"column":null}},"type":"binary-expr","locations":[{"start":{"line":438,"column":8},"end":{"line":438,"column":27}},{"start":{"line":438,"column":31},"end":{"line":438,"column":null}}]},"72":{"loc":{"start":{"line":448,"column":2},"end":{"line":465,"column":null}},"type":"if","locations":[{"start":{"line":448,"column":2},"end":{"line":465,"column":null}},{"start":{},"end":{}}]},"73":{"loc":{"start":{"line":448,"column":6},"end":{"line":448,"column":52}},"type":"binary-expr","locations":[{"start":{"line":448,"column":6},"end":{"line":448,"column":24}},{"start":{"line":448,"column":28},"end":{"line":448,"column":52}}]},"74":{"loc":{"start":{"line":451,"column":196},"end":{"line":451,"column":232}},"type":"binary-expr","locations":[{"start":{"line":451,"column":196},"end":{"line":451,"column":215}},{"start":{"line":451,"column":219},"end":{"line":451,"column":232}}]},"75":{"loc":{"start":{"line":459,"column":75},"end":{"line":459,"column":118}},"type":"binary-expr","locations":[{"start":{"line":459,"column":75},"end":{"line":459,"column":94}},{"start":{"line":459,"column":98},"end":{"line":459,"column":118}}]},"76":{"loc":{"start":{"line":478,"column":27},"end":{"line":478,"column":61}},"type":"binary-expr","locations":[{"start":{"line":478,"column":27},"end":{"line":478,"column":55}},{"start":{"line":478,"column":59},"end":{"line":478,"column":61}}]},"77":{"loc":{"start":{"line":482,"column":2},"end":{"line":493,"column":null}},"type":"if","locations":[{"start":{"line":482,"column":2},"end":{"line":493,"column":null}},{"start":{},"end":{}}]},"78":{"loc":{"start":{"line":482,"column":6},"end":{"line":482,"column":68}},"type":"binary-expr","locations":[{"start":{"line":482,"column":6},"end":{"line":482,"column":37}},{"start":{"line":482,"column":37},"end":{"line":482,"column":68}}]},"79":{"loc":{"start":{"line":495,"column":2},"end":{"line":510,"column":null}},"type":"if","locations":[{"start":{"line":495,"column":2},"end":{"line":510,"column":null}},{"start":{},"end":{}}]},"80":{"loc":{"start":{"line":496,"column":4},"end":{"line":497,"column":null}},"type":"binary-expr","locations":[{"start":{"line":496,"column":4},"end":{"line":496,"column":30}},{"start":{"line":497,"column":4},"end":{"line":497,"column":null}}]},"81":{"loc":{"start":{"line":497,"column":30},"end":{"line":497,"column":null}},"type":"binary-expr","locations":[{"start":{"line":497,"column":30},"end":{"line":497,"column":71}},{"start":{"line":497,"column":71},"end":{"line":497,"column":null}}]},"82":{"loc":{"start":{"line":499,"column":19},"end":{"line":499,"column":null}},"type":"binary-expr","locations":[{"start":{"line":499,"column":19},"end":{"line":499,"column":38}},{"start":{"line":499,"column":42},"end":{"line":499,"column":null}}]},"83":{"loc":{"start":{"line":513,"column":2},"end":{"line":525,"column":null}},"type":"if","locations":[{"start":{"line":513,"column":2},"end":{"line":525,"column":null}},{"start":{},"end":{}}]},"84":{"loc":{"start":{"line":537,"column":24},"end":{"line":537,"column":null}},"type":"binary-expr","locations":[{"start":{"line":537,"column":24},"end":{"line":537,"column":40}},{"start":{"line":537,"column":44},"end":{"line":537,"column":null}}]},"85":{"loc":{"start":{"line":552,"column":16},"end":{"line":552,"column":null}},"type":"cond-expr","locations":[{"start":{"line":552,"column":47},"end":{"line":552,"column":60}},{"start":{"line":552,"column":60},"end":{"line":552,"column":null}}]},"86":{"loc":{"start":{"line":558,"column":2},"end":{"line":569,"column":null}},"type":"if","locations":[{"start":{"line":558,"column":2},"end":{"line":569,"column":null}},{"start":{},"end":{}}]},"87":{"loc":{"start":{"line":558,"column":6},"end":{"line":558,"column":57}},"type":"binary-expr","locations":[{"start":{"line":558,"column":6},"end":{"line":558,"column":27}},{"start":{"line":558,"column":27},"end":{"line":558,"column":57}}]},"88":{"loc":{"start":{"line":572,"column":2},"end":{"line":589,"column":null}},"type":"if","locations":[{"start":{"line":572,"column":2},"end":{"line":589,"column":null}},{"start":{},"end":{}}]},"89":{"loc":{"start":{"line":608,"column":35},"end":{"line":608,"column":null}},"type":"binary-expr","locations":[{"start":{"line":608,"column":35},"end":{"line":608,"column":57}},{"start":{"line":608,"column":57},"end":{"line":608,"column":null}}]},"90":{"loc":{"start":{"line":616,"column":42},"end":{"line":616,"column":null}},"type":"binary-expr","locations":[{"start":{"line":616,"column":42},"end":{"line":616,"column":69}},{"start":{"line":616,"column":69},"end":{"line":616,"column":null}}]},"91":{"loc":{"start":{"line":628,"column":4},"end":{"line":634,"column":null}},"type":"if","locations":[{"start":{"line":628,"column":4},"end":{"line":634,"column":null}},{"start":{},"end":{}}]},"92":{"loc":{"start":{"line":629,"column":6},"end":{"line":631,"column":null}},"type":"binary-expr","locations":[{"start":{"line":629,"column":6},"end":{"line":629,"column":null}},{"start":{"line":630,"column":6},"end":{"line":630,"column":null}},{"start":{"line":631,"column":6},"end":{"line":631,"column":null}}]},"93":{"loc":{"start":{"line":638,"column":2},"end":{"line":645,"column":null}},"type":"if","locations":[{"start":{"line":638,"column":2},"end":{"line":645,"column":null}},{"start":{"line":640,"column":9},"end":{"line":645,"column":null}}]},"94":{"loc":{"start":{"line":640,"column":9},"end":{"line":645,"column":null}},"type":"if","locations":[{"start":{"line":640,"column":9},"end":{"line":645,"column":null}},{"start":{},"end":{}}]},"95":{"loc":{"start":{"line":641,"column":4},"end":{"line":642,"column":null}},"type":"binary-expr","locations":[{"start":{"line":641,"column":4},"end":{"line":641,"column":49}},{"start":{"line":641,"column":49},"end":{"line":641,"column":null}},{"start":{"line":642,"column":5},"end":{"line":642,"column":45}},{"start":{"line":642,"column":45},"end":{"line":642,"column":null}}]},"96":{"loc":{"start":{"line":648,"column":2},"end":{"line":648,"column":null}},"type":"if","locations":[{"start":{"line":648,"column":2},"end":{"line":648,"column":null}},{"start":{},"end":{}}]},"97":{"loc":{"start":{"line":648,"column":6},"end":{"line":648,"column":60}},"type":"binary-expr","locations":[{"start":{"line":648,"column":6},"end":{"line":648,"column":44}},{"start":{"line":648,"column":44},"end":{"line":648,"column":60}}]},"98":{"loc":{"start":{"line":649,"column":2},"end":{"line":649,"column":null}},"type":"if","locations":[{"start":{"line":649,"column":2},"end":{"line":649,"column":null}},{"start":{},"end":{}}]},"99":{"loc":{"start":{"line":649,"column":6},"end":{"line":649,"column":62}},"type":"binary-expr","locations":[{"start":{"line":649,"column":6},"end":{"line":649,"column":45}},{"start":{"line":649,"column":45},"end":{"line":649,"column":62}}]},"100":{"loc":{"start":{"line":650,"column":2},"end":{"line":650,"column":null}},"type":"if","locations":[{"start":{"line":650,"column":2},"end":{"line":650,"column":null}},{"start":{},"end":{}}]},"101":{"loc":{"start":{"line":650,"column":6},"end":{"line":650,"column":71}},"type":"binary-expr","locations":[{"start":{"line":650,"column":6},"end":{"line":650,"column":46}},{"start":{"line":650,"column":46},"end":{"line":650,"column":71}}]},"102":{"loc":{"start":{"line":651,"column":2},"end":{"line":651,"column":null}},"type":"if","locations":[{"start":{"line":651,"column":2},"end":{"line":651,"column":null}},{"start":{},"end":{}}]},"103":{"loc":{"start":{"line":651,"column":6},"end":{"line":651,"column":76}},"type":"binary-expr","locations":[{"start":{"line":651,"column":6},"end":{"line":651,"column":50}},{"start":{"line":651,"column":50},"end":{"line":651,"column":76}}]},"104":{"loc":{"start":{"line":654,"column":2},"end":{"line":654,"column":null}},"type":"if","locations":[{"start":{"line":654,"column":2},"end":{"line":654,"column":null}},{"start":{},"end":{}}]},"105":{"loc":{"start":{"line":654,"column":6},"end":{"line":654,"column":71}},"type":"binary-expr","locations":[{"start":{"line":654,"column":6},"end":{"line":654,"column":31}},{"start":{"line":654,"column":35},"end":{"line":654,"column":71}}]},"106":{"loc":{"start":{"line":655,"column":2},"end":{"line":655,"column":null}},"type":"if","locations":[{"start":{"line":655,"column":2},"end":{"line":655,"column":null}},{"start":{},"end":{}}]},"107":{"loc":{"start":{"line":655,"column":6},"end":{"line":655,"column":75}},"type":"binary-expr","locations":[{"start":{"line":655,"column":6},"end":{"line":655,"column":33}},{"start":{"line":655,"column":37},"end":{"line":655,"column":75}}]},"108":{"loc":{"start":{"line":656,"column":2},"end":{"line":656,"column":null}},"type":"if","locations":[{"start":{"line":656,"column":2},"end":{"line":656,"column":null}},{"start":{},"end":{}}]},"109":{"loc":{"start":{"line":656,"column":6},"end":{"line":656,"column":73}},"type":"binary-expr","locations":[{"start":{"line":656,"column":6},"end":{"line":656,"column":32}},{"start":{"line":656,"column":36},"end":{"line":656,"column":73}}]},"110":{"loc":{"start":{"line":657,"column":2},"end":{"line":657,"column":null}},"type":"if","locations":[{"start":{"line":657,"column":2},"end":{"line":657,"column":null}},{"start":{},"end":{}}]},"111":{"loc":{"start":{"line":657,"column":6},"end":{"line":657,"column":73}},"type":"binary-expr","locations":[{"start":{"line":657,"column":6},"end":{"line":657,"column":32}},{"start":{"line":657,"column":36},"end":{"line":657,"column":73}}]},"112":{"loc":{"start":{"line":658,"column":2},"end":{"line":658,"column":null}},"type":"if","locations":[{"start":{"line":658,"column":2},"end":{"line":658,"column":null}},{"start":{},"end":{}}]},"113":{"loc":{"start":{"line":658,"column":6},"end":{"line":658,"column":83}},"type":"binary-expr","locations":[{"start":{"line":658,"column":6},"end":{"line":658,"column":37}},{"start":{"line":658,"column":41},"end":{"line":658,"column":83}}]},"114":{"loc":{"start":{"line":667,"column":4},"end":{"line":672,"column":null}},"type":"if","locations":[{"start":{"line":667,"column":4},"end":{"line":672,"column":null}},{"start":{},"end":{}}]},"115":{"loc":{"start":{"line":670,"column":18},"end":{"line":670,"column":68}},"type":"cond-expr","locations":[{"start":{"line":670,"column":58},"end":{"line":670,"column":64}},{"start":{"line":670,"column":64},"end":{"line":670,"column":68}}]},"116":{"loc":{"start":{"line":675,"column":4},"end":{"line":689,"column":null}},"type":"if","locations":[{"start":{"line":675,"column":4},"end":{"line":689,"column":null}},{"start":{},"end":{}}]},"117":{"loc":{"start":{"line":685,"column":33},"end":{"line":685,"column":null}},"type":"binary-expr","locations":[{"start":{"line":685,"column":33},"end":{"line":685,"column":74}},{"start":{"line":685,"column":74},"end":{"line":685,"column":null}}]},"118":{"loc":{"start":{"line":704,"column":4},"end":{"line":707,"column":null}},"type":"if","locations":[{"start":{"line":704,"column":4},"end":{"line":707,"column":null}},{"start":{},"end":{}}]},"119":{"loc":{"start":{"line":704,"column":8},"end":{"line":704,"column":37}},"type":"binary-expr","locations":[{"start":{"line":704,"column":8},"end":{"line":704,"column":23}},{"start":{"line":704,"column":23},"end":{"line":704,"column":37}}]},"120":{"loc":{"start":{"line":711,"column":4},"end":{"line":714,"column":null}},"type":"if","locations":[{"start":{"line":711,"column":4},"end":{"line":714,"column":null}},{"start":{},"end":{}}]}},"s":{"0":0,"1":0,"2":0,"3":0,"4":0,"5":0,"6":0,"7":0,"8":0,"9":0,"10":0,"11":0,"12":0,"13":0,"14":0,"15":0,"16":0,"17":0,"18":0,"19":0,"20":0,"21":0,"22":0,"23":0,"24":0,"25":0,"26":0,"27":0,"28":0,"29":0,"30":0,"31":0,"32":0,"33":0,"34":0,"35":0,"36":0,"37":0,"38":0,"39":0,"40":0,"41":0,"42":0,"43":0,"44":0,"45":0,"46":0,"47":0,"48":0,"49":0,"50":0,"51":0,"52":0,"53":0,"54":0,"55":0,"56":0,"57":0,"58":0,"59":0,"60":0,"61":0,"62":0,"63":0,"64":0,"65":0,"66":0,"67":0,"68":0,"69":0,"70":0,"71":0,"72":0,"73":0,"74":0,"75":0,"76":0,"77":0,"78":0,"79":0,"80":0,"81":0,"82":0,"83":0,"84":0,"85":0,"86":0,"87":0,"88":0,"89":0,"90":0,"91":0,"92":0,"93":0,"94":0,"95":0,"96":0,"97":0,"98":0,"99":0,"100":0,"101":0,"102":0,"103":0,"104":0,"105":0,"106":0,"107":0,"108":0,"109":0,"110":0,"111":0,"112":0,"113":0,"114":0,"115":0,"116":0,"117":0,"118":0,"119":0,"120":0,"121":0,"122":0,"123":0,"124":0,"125":0,"126":0,"127":0,"128":0,"129":0,"130":0,"131":0,"132":0,"133":0,"134":0,"135":0,"136":0,"137":0,"138":0,"139":0,"140":0,"141":0,"142":0,"143":0,"144":0,"145":0,"146":0,"147":0,"148":0,"149":0,"150":0,"151":0,"152":0,"153":0,"154":0,"155":0,"156":0,"157":0,"158":0,"159":0,"160":0,"161":0,"162":0,"163":0,"164":0,"165":0,"166":0,"167":0,"168":0,"169":0,"170":0,"171":0,"172":0,"173":0,"174":0,"175":0,"176":0,"177":0,"178":0,"179":0,"180":0,"181":0,"182":0,"183":0,"184":0,"185":0,"186":0,"187":0,"188":0,"189":0,"190":0,"191":0,"192":0,"193":0,"194":0,"195":0,"196":0,"197":0,"198":0,"199":0,"200":0,"201":0,"202":0,"203":0,"204":0,"205":0,"206":0,"207":0,"208":0,"209":0,"210":0,"211":0,"212":0,"213":0,"214":0,"215":0,"216":0,"217":0,"218":0,"219":0,"220":0},"f":{"0":0,"1":0,"2":0,"3":0,"4":0,"5":0,"6":0,"7":0,"8":0,"9":0,"10":0,"11":0,"12":0,"13":0,"14":0,"15":0,"16":0,"17":0,"18":0,"19":0,"20":0,"21":0,"22":0,"23":0,"24":0,"25":0,"26":0,"27":0,"28":0,"29":0,"30":0,"31":0,"32":0,"33":0,"34":0,"35":0,"36":0,"37":0,"38":0,"39":0,"40":0,"41":0,"42":0,"43":0,"44":0,"45":0},"b":{"0":[0,0],"1":[0,0],"2":[0,0],"3":[0,0],"4":[0,0],"5":[0,0],"6":[0,0],"7":[0,0],"8":[0,0],"9":[0,0],"10":[0,0],"11":[0,0],"12":[0,0],"13":[0,0],"14":[0,0],"15":[0,0,0,0,0,0],"16":[0,0,0,0,0,0,0,0,0],"17":[0,0,0,0,0,0,0],"18":[0,0,0,0,0],"19":[0,0,0,0,0],"20":[0,0,0,0],"21":[0,0],"22":[0,0],"23":[0,0,0],"24":[0,0],"25":[0,0,0],"26":[0,0],"27":[0,0,0,0],"28":[0,0,0],"29":[0,0,0],"30":[0,0,0],"31":[0,0,0],"32":[0,0],"33":[0,0],"34":[0,0],"35":[0,0],"36":[0,0],"37":[0,0],"38":[0,0],"39":[0,0],"40":[0,0],"41":[0,0],"42":[0,0],"43":[0,0],"44":[0,0],"45":[0,0],"46":[0,0],"47":[0,0],"48":[0,0],"49":[0,0],"50":[0,0],"51":[0,0],"52":[0,0],"53":[0,0],"54":[0,0],"55":[0,0],"56":[0,0],"57":[0,0],"58":[0,0],"59":[0,0],"60":[0,0],"61":[0,0],"62":[0,0],"63":[0,0],"64":[0,0],"65":[0,0],"66":[0,0],"67":[0,0],"68":[0,0],"69":[0,0],"70":[0,0],"71":[0,0],"72":[0,0],"73":[0,0],"74":[0,0],"75":[0,0],"76":[0,0],"77":[0,0],"78":[0,0],"79":[0,0],"80":[0,0],"81":[0,0],"82":[0,0],"83":[0,0],"84":[0,0],"85":[0,0],"86":[0,0],"87":[0,0],"88":[0,0],"89":[0,0],"90":[0,0],"91":[0,0],"92":[0,0,0],"93":[0,0],"94":[0,0],"95":[0,0,0,0],"96":[0,0],"97":[0,0],"98":[0,0],"99":[0,0],"100":[0,0],"101":[0,0],"102":[0,0],"103":[0,0],"104":[0,0],"105":[0,0],"106":[0,0],"107":[0,0],"108":[0,0],"109":[0,0],"110":[0,0],"111":[0,0],"112":[0,0],"113":[0,0],"114":[0,0],"115":[0,0],"116":[0,0],"117":[0,0],"118":[0,0],"119":[0,0],"120":[0,0]}}
,"C:\\Users\\Dev\\Downloads\\scholarsync-app (2)\\app\\api\\parse-resume\\route.ts": {"path":"C:\\Users\\Dev\\Downloads\\scholarsync-app (2)\\app\\api\\parse-resume\\route.ts","statementMap":{"0":{"start":{"line":6,"column":22},"end":{"line":6,"column":26}},"1":{"start":{"line":118,"column":30},"end":{"line":118,"column":38}},"2":{"start":{"line":1,"column":47},"end":{"line":1,"column":null}},"3":{"start":{"line":3,"column":29},"end":{"line":3,"column":null}},"4":{"start":{"line":4,"column":53},"end":{"line":4,"column":null}},"5":{"start":{"line":7,"column":2},"end":{"line":115,"column":null}},"6":{"start":{"line":9,"column":26},"end":{"line":9,"column":null}},"7":{"start":{"line":10,"column":4},"end":{"line":15,"column":null}},"8":{"start":{"line":11,"column":6},"end":{"line":13,"column":null}},"9":{"start":{"line":17,"column":28},"end":{"line":17,"column":null}},"10":{"start":{"line":18,"column":4},"end":{"line":32,"column":null}},"11":{"start":{"line":19,"column":6},"end":{"line":30,"column":null}},"12":{"start":{"line":36,"column":4},"end":{"line":41,"column":null}},"13":{"start":{"line":37,"column":6},"end":{"line":37,"column":null}},"14":{"start":{"line":39,"column":6},"end":{"line":39,"column":null}},"15":{"start":{"line":40,"column":6},"end":{"line":40,"column":null}},"16":{"start":{"line":43,"column":17},"end":{"line":43,"column":null}},"17":{"start":{"line":45,"column":4},"end":{"line":48,"column":null}},"18":{"start":{"line":46,"column":6},"end":{"line":46,"column":null}},"19":{"start":{"line":47,"column":6},"end":{"line":47,"column":null}},"20":{"start":{"line":51,"column":25},"end":{"line":55,"column":null}},"21":{"start":{"line":57,"column":4},"end":{"line":65,"column":null}},"22":{"start":{"line":58,"column":6},"end":{"line":58,"column":null}},"23":{"start":{"line":59,"column":6},"end":{"line":63,"column":null}},"24":{"start":{"line":68,"column":4},"end":{"line":76,"column":null}},"25":{"start":{"line":69,"column":6},"end":{"line":69,"column":null}},"26":{"start":{"line":70,"column":6},"end":{"line":74,"column":null}},"27":{"start":{"line":79,"column":4},"end":{"line":87,"column":null}},"28":{"start":{"line":80,"column":6},"end":{"line":80,"column":null}},"29":{"start":{"line":81,"column":6},"end":{"line":85,"column":null}},"30":{"start":{"line":90,"column":23},"end":{"line":90,"column":null}},"31":{"start":{"line":93,"column":26},"end":{"line":93,"column":null}},"32":{"start":{"line":95,"column":4},"end":{"line":95,"column":null}},"33":{"start":{"line":98,"column":21},"end":{"line":98,"column":null}},"34":{"start":{"line":99,"column":4},"end":{"line":99,"column":null}},"35":{"start":{"line":100,"column":4},"end":{"line":100,"column":null}},"36":{"start":{"line":101,"column":4},"end":{"line":101,"column":null}},"37":{"start":{"line":102,"column":4},"end":{"line":102,"column":null}},"38":{"start":{"line":104,"column":4},"end":{"line":104,"column":null}},"39":{"start":{"line":106,"column":4},"end":{"line":106,"column":null}},"40":{"start":{"line":107,"column":4},"end":{"line":107,"column":null}},"41":{"start":{"line":110,"column":4},"end":{"line":112,"column":null}},"42":{"start":{"line":111,"column":6},"end":{"line":111,"column":null}},"43":{"start":{"line":114,"column":4},"end":{"line":114,"column":null}},"44":{"start":{"line":119,"column":2},"end":{"line":124,"column":null}},"45":{"start":{"line":121,"column":6},"end":{"line":121,"column":null}},"46":{"start":{"line":123,"column":6},"end":{"line":123,"column":null}}},"fnMap":{"0":{"name":"POST","decl":{"start":{"line":6,"column":22},"end":{"line":6,"column":26}},"loc":{"start":{"line":6,"column":47},"end":{"line":116,"column":null}}},"1":{"name":"handler","decl":{"start":{"line":118,"column":30},"end":{"line":118,"column":38}},"loc":{"start":{"line":118,"column":58},"end":{"line":125,"column":1}}}},"branchMap":{"0":{"loc":{"start":{"line":10,"column":4},"end":{"line":15,"column":null}},"type":"if","locations":[{"start":{"line":10,"column":4},"end":{"line":15,"column":null}},{"start":{},"end":{}}]},"1":{"loc":{"start":{"line":13,"column":18},"end":{"line":13,"column":68}},"type":"cond-expr","locations":[{"start":{"line":13,"column":58},"end":{"line":13,"column":64}},{"start":{"line":13,"column":64},"end":{"line":13,"column":68}}]},"2":{"loc":{"start":{"line":18,"column":4},"end":{"line":32,"column":null}},"type":"if","locations":[{"start":{"line":18,"column":4},"end":{"line":32,"column":null}},{"start":{},"end":{}}]},"3":{"loc":{"start":{"line":28,"column":33},"end":{"line":28,"column":null}},"type":"binary-expr","locations":[{"start":{"line":28,"column":33},"end":{"line":28,"column":74}},{"start":{"line":28,"column":74},"end":{"line":28,"column":null}}]},"4":{"loc":{"start":{"line":45,"column":4},"end":{"line":48,"column":null}},"type":"if","locations":[{"start":{"line":45,"column":4},"end":{"line":48,"column":null}},{"start":{},"end":{}}]},"5":{"loc":{"start":{"line":57,"column":4},"end":{"line":65,"column":null}},"type":"if","locations":[{"start":{"line":57,"column":4},"end":{"line":65,"column":null}},{"start":{},"end":{}}]},"6":{"loc":{"start":{"line":68,"column":4},"end":{"line":76,"column":null}},"type":"if","locations":[{"start":{"line":68,"column":4},"end":{"line":76,"column":null}},{"start":{},"end":{}}]},"7":{"loc":{"start":{"line":79,"column":4},"end":{"line":87,"column":null}},"type":"if","locations":[{"start":{"line":79,"column":4},"end":{"line":87,"column":null}},{"start":{},"end":{}}]},"8":{"loc":{"start":{"line":79,"column":8},"end":{"line":79,"column":75}},"type":"binary-expr","locations":[{"start":{"line":79,"column":8},"end":{"line":79,"column":34}},{"start":{"line":79,"column":34},"end":{"line":79,"column":75}}]},"9":{"loc":{"start":{"line":110,"column":4},"end":{"line":112,"column":null}},"type":"if","locations":[{"start":{"line":110,"column":4},"end":{"line":112,"column":null}},{"start":{},"end":{}}]},"10":{"loc":{"start":{"line":119,"column":2},"end":{"line":124,"column":null}},"type":"switch","locations":[{"start":{"line":120,"column":4},"end":{"line":121,"column":null}},{"start":{"line":122,"column":4},"end":{"line":123,"column":null}}]}},"s":{"0":0,"1":6,"2":1,"3":1,"4":1,"5":5,"6":5,"7":5,"8":0,"9":5,"10":5,"11":0,"12":5,"13":5,"14":2,"15":2,"16":3,"17":3,"18":0,"19":0,"20":3,"21":3,"22":3,"23":3,"24":0,"25":0,"26":0,"27":0,"28":0,"29":0,"30":0,"31":0,"32":0,"33":0,"34":0,"35":0,"36":0,"37":0,"38":0,"39":0,"40":0,"41":0,"42":0,"43":0,"44":6,"45":5,"46":1},"f":{"0":5,"1":6},"b":{"0":[0,5],"1":[0,0],"2":[0,5],"3":[0,0],"4":[0,3],"5":[3,0],"6":[0,0],"7":[0,0],"8":[0,0],"9":[0,0],"10":[5,1]}}
,"C:\\Users\\Dev\\Downloads\\scholarsync-app (2)\\components\\header.tsx": {"path":"C:\\Users\\Dev\\Downloads\\scholarsync-app (2)\\components\\header.tsx","statementMap":{"0":{"start":{"line":1,"column":16},"end":{"line":1,"column":null}}},"fnMap":{"0":{"name":"Header","decl":{"start":{"line":1,"column":16},"end":{"line":1,"column":null}},"loc":{"start":{"line":1,"column":16},"end":{"line":14,"column":null}}}},"branchMap":{},"s":{"0":3},"f":{"0":3},"b":{}}
,"C:\\Users\\Dev\\Downloads\\scholarsync-app (2)\\components\\project-suggestions.tsx": {"path":"C:\\Users\\Dev\\Downloads\\scholarsync-app (2)\\components\\project-suggestions.tsx","statementMap":{"0":{"start":{"line":54,"column":16},"end":{"line":54,"column":null}},"1":{"start":{"line":3,"column":106},"end":{"line":3,"column":null}},"2":{"start":{"line":4,"column":26},"end":{"line":4,"column":null}},"3":{"start":{"line":5,"column":41},"end":{"line":5,"column":null}},"4":{"start":{"line":7,"column":40},"end":{"line":7,"column":null}},"5":{"start":{"line":8,"column":22},"end":{"line":8,"column":null}},"6":{"start":{"line":9,"column":23},"end":{"line":9,"column":null}},"7":{"start":{"line":10,"column":74},"end":{"line":10,"column":null}},"8":{"start":{"line":11,"column":25},"end":{"line":11,"column":null}},"9":{"start":{"line":12,"column":25},"end":{"line":12,"column":null}},"10":{"start":{"line":13,"column":53},"end":{"line":13,"column":null}},"11":{"start":{"line":55,"column":19},"end":{"line":55,"column":null}},"12":{"start":{"line":56,"column":48},"end":{"line":56,"column":null}},"13":{"start":{"line":56,"column":82},"end":{"line":56,"column":99}},"14":{"start":{"line":57,"column":21},"end":{"line":57,"column":null}},"15":{"start":{"line":57,"column":55},"end":{"line":57,"column":72}},"16":{"start":{"line":58,"column":22},"end":{"line":58,"column":null}},"17":{"start":{"line":58,"column":56},"end":{"line":58,"column":74}},"18":{"start":{"line":59,"column":20},"end":{"line":59,"column":null}},"19":{"start":{"line":61,"column":2},"end":{"line":65,"column":null}},"20":{"start":{"line":62,"column":4},"end":{"line":64,"column":null}},"21":{"start":{"line":63,"column":6},"end":{"line":63,"column":null}},"22":{"start":{"line":67,"column":30},"end":{"line":107,"column":null}},"23":{"start":{"line":68,"column":4},"end":{"line":68,"column":null}},"24":{"start":{"line":69,"column":4},"end":{"line":69,"column":null}},"25":{"start":{"line":71,"column":4},"end":{"line":106,"column":null}},"26":{"start":{"line":72,"column":23},"end":{"line":81,"column":null}},"27":{"start":{"line":83,"column":6},"end":{"line":85,"column":null}},"28":{"start":{"line":84,"column":8},"end":{"line":84,"column":null}},"29":{"start":{"line":87,"column":19},"end":{"line":87,"column":null}},"30":{"start":{"line":88,"column":6},"end":{"line":88,"column":null}},"31":{"start":{"line":91,"column":6},"end":{"line":95,"column":null}},"32":{"start":{"line":97,"column":27},"end":{"line":97,"column":null}},"33":{"start":{"line":98,"column":6},"end":{"line":98,"column":null}},"34":{"start":{"line":99,"column":6},"end":{"line":103,"column":null}},"35":{"start":{"line":105,"column":6},"end":{"line":105,"column":null}},"36":{"start":{"line":109,"column":2},"end":{"line":127,"column":null}},"37":{"start":{"line":122,"column":12},"end":{"line":122,"column":null}},"38":{"start":{"line":129,"column":2},"end":{"line":144,"column":null}},"39":{"start":{"line":146,"column":2},"end":{"line":169,"column":null}},"40":{"start":{"line":171,"column":2},"end":{"line":193,"column":null}},"41":{"start":{"line":208,"column":10},"end":{"line":208,"column":28}},"42":{"start":{"line":235,"column":20},"end":{"line":235,"column":44}},"43":{"start":{"line":267,"column":22},"end":{"line":268,"column":null}}},"fnMap":{"0":{"name":"ProjectSuggestionSkeleton","decl":{"start":{"line":17,"column":9},"end":{"line":17,"column":null}},"loc":{"start":{"line":17,"column":9},"end":{"line":52,"column":null}}},"1":{"name":"ProjectSuggestions","decl":{"start":{"line":54,"column":16},"end":{"line":54,"column":null}},"loc":{"start":{"line":54,"column":16},"end":{"line":305,"column":null}}},"2":{"name":"(anonymous_3)","decl":{"start":{"line":56,"column":60},"end":{"line":56,"column":61}},"loc":{"start":{"line":56,"column":82},"end":{"line":56,"column":99}}},"3":{"name":"(anonymous_4)","decl":{"start":{"line":57,"column":33},"end":{"line":57,"column":34}},"loc":{"start":{"line":57,"column":55},"end":{"line":57,"column":72}}},"4":{"name":"(anonymous_5)","decl":{"start":{"line":58,"column":34},"end":{"line":58,"column":35}},"loc":{"start":{"line":58,"column":56},"end":{"line":58,"column":74}}},"5":{"name":"(anonymous_6)","decl":{"start":{"line":61,"column":12},"end":{"line":61,"column":null}},"loc":{"start":{"line":61,"column":12},"end":{"line":65,"column":5}}},"6":{"name":"(anonymous_7)","decl":{"start":{"line":67,"column":30},"end":{"line":67,"column":null}},"loc":{"start":{"line":67,"column":30},"end":{"line":107,"column":null}}},"7":{"name":"(anonymous_8)","decl":{"start":{"line":121,"column":29},"end":{"line":121,"column":30}},"loc":{"start":{"line":122,"column":12},"end":{"line":122,"column":null}}},"8":{"name":"(anonymous_9)","decl":{"start":{"line":207,"column":25},"end":{"line":207,"column":26}},"loc":{"start":{"line":208,"column":10},"end":{"line":208,"column":28}}},"9":{"name":"(anonymous_10)","decl":{"start":{"line":234,"column":46},"end":{"line":234,"column":47}},"loc":{"start":{"line":235,"column":20},"end":{"line":235,"column":44}}},"10":{"name":"(anonymous_11)","decl":{"start":{"line":266,"column":47},"end":{"line":266,"column":48}},"loc":{"start":{"line":267,"column":22},"end":{"line":268,"column":null}}}},"branchMap":{"0":{"loc":{"start":{"line":62,"column":4},"end":{"line":64,"column":null}},"type":"if","locations":[{"start":{"line":62,"column":4},"end":{"line":64,"column":null}},{"start":{},"end":{}}]},"1":{"loc":{"start":{"line":62,"column":8},"end":{"line":62,"column":35}},"type":"binary-expr","locations":[{"start":{"line":62,"column":8},"end":{"line":62,"column":22}},{"start":{"line":62,"column":22},"end":{"line":62,"column":35}}]},"2":{"loc":{"start":{"line":83,"column":6},"end":{"line":85,"column":null}},"type":"if","locations":[{"start":{"line":83,"column":6},"end":{"line":85,"column":null}},{"start":{},"end":{}}]},"3":{"loc":{"start":{"line":97,"column":27},"end":{"line":97,"column":null}},"type":"cond-expr","locations":[{"start":{"line":97,"column":52},"end":{"line":97,"column":65}},{"start":{"line":97,"column":68},"end":{"line":97,"column":null}}]},"4":{"loc":{"start":{"line":109,"column":2},"end":{"line":127,"column":null}},"type":"if","locations":[{"start":{"line":109,"column":2},"end":{"line":127,"column":null}},{"start":{},"end":{}}]},"5":{"loc":{"start":{"line":129,"column":2},"end":{"line":144,"column":null}},"type":"if","locations":[{"start":{"line":129,"column":2},"end":{"line":144,"column":null}},{"start":{},"end":{}}]},"6":{"loc":{"start":{"line":146,"column":2
[...]
":null}},"114":{"start":{"line":364,"column":4},"end":{"line":364,"column":null}}},"fnMap":{"0":{"name":"(anonymous_4)","decl":{"start":{"line":49,"column":2},"end":{"line":49,"column":17}},"loc":{"start":{"line":49,"column":59},"end":{"line":56,"column":null}}},"1":{"name":"(anonymous_5)","decl":{"start":{"line":59,"column":2},"end":{"line":59,"column":9}},"loc":{"start":{"line":59,"column":60},"end":{"line":76,"column":null}}},"2":{"name":"(anonymous_6)","decl":{"start":{"line":79,"column":2},"end":{"line":79,"column":9}},"loc":{"start":{"line":79,"column":67},"end":{"line":95,"column":null}}},"3":{"name":"(anonymous_7)","decl":{"start":{"line":98,"column":2},"end":{"line":98,"column":9}},"loc":{"start":{"line":98,"column":67},"end":{"line":110,"column":null}}},"4":{"name":"(anonymous_8)","decl":{"start":{"line":113,"column":2},"end":{"line":113,"column":9}},"loc":{"start":{"line":113,"column":40},"end":{"line":146,"column":null}}},"5":{"name":"(anonymous_9)","decl":{"start":{"line":125,"column":37},"end":{"line":125,"column":38}},"loc":{"start":{"line":125,"column":47},"end":{"line":125,"column":73}}},"6":{"name":"(anonymous_10)","decl":{"start":{"line":149,"column":2},"end":{"line":149,"column":9}},"loc":{"start":{"line":149,"column":49},"end":{"line":196,"column":null}}},"7":{"name":"(anonymous_11)","decl":{"start":{"line":199,"column":2},"end":{"line":199,"column":9}},"loc":{"start":{"line":199,"column":63},"end":{"line":224,"column":null}}},"8":{"name":"(anonymous_12)","decl":{"start":{"line":227,"column":2},"end":{"line":227,"column":9}},"loc":{"start":{"line":227,"column":67},"end":{"line":252,"column":null}}},"9":{"name":"(anonymous_13)","decl":{"start":{"line":255,"column":2},"end":{"line":255,"column":9}},"loc":{"start":{"line":255,"column":49},"end":{"line":260,"column":null}}},"10":{"name":"(anonymous_14)","decl":{"start":{"line":263,"column":2},"end":{"line":263,"column":15}},"loc":{"start":{"line":263,"column":90},"end":{"line":301,"column":null}}},"11":{"name":"(anonymous_15)","decl":{"start":{"line":316,"column":2},"end":{"line":316,"column":15}},"loc":{"start":{"line":319,"column":74},"end":{"line":365,"column":null}}}},"branchMap":{"0":{"loc":{"start":{"line":11,"column":4},"end":{"line":11,"column":null}},"type":"binary-expr","locations":[{"start":{"line":11,"column":4},"end":{"line":11,"column":35}},{"start":{"line":11,"column":39},"end":{"line":11,"column":null}}]},"1":{"loc":{"start":{"line":51,"column":6},"end":{"line":54,"column":null}},"type":"binary-expr","locations":[{"start":{"line":51,"column":6},"end":{"line":51,"column":59}},{"start":{"line":52,"column":6},"end":{"line":52,"column":null}},{"start":{"line":53,"column":6},"end":{"line":53,"column":49}},{"start":{"line":54,"column":6},"end":{"line":54,"column":null}}]},"2":{"loc":{"start":{"line":62,"column":4},"end":{"line":65,"column":null}},"type":"if","locations":[{"start":{"line":62,"column":4},"end":{"line":65,"column":null}},{"start":{},"end":{}}]},"3":{"loc":{"start":{"line":67,"column":4},"end":{"line":69,"column":null}},"type":"if","locations":[{"start":{"line":67,"column":4},"end":{"line":69,"column":null}},{"start":{},"end":{}}]},"4":{"loc":{"start":{"line":82,"column":4},"end":{"line":84,"column":null}},"type":"if","locations":[{"start":{"line":82,"column":4},"end":{"line":84,"column":null}},{"start":{},"end":{}}]},"5":{"loc":{"start":{"line":86,"column":4},"end":{"line":92,"column":null}},"type":"if","locations":[{"start":{"line":86,"column":4},"end":{"line":92,"column":null}},{"start":{},"end":{}}]},"6":{"loc":{"start":{"line":86,"column":8},"end":{"line":86,"column":67}},"type":"binary-expr","locations":[{"start":{"line":86,"column":8},"end":{"line":86,"column":24}},{"start":{"line":86,"column":24},"end":{"line":86,"column":67}}]},"7":{"loc":{"start":{"line":101,"column":4},"end":{"line":107,"column":null}},"type":"if","locations":[{"start":{"line":101,"column":4},"end":{"line":107,"column":null}},{"start":{},"end":{}}]},"8":{"loc":{"start":{"line":101,"column":8},"end":{"line":101,"column":81}},"type":"binary-expr","locations":[{"start":{"line":101,"column":8},"end":{"line":101,"column":25}},{"start":{"line":101,"column":25},"end":{"line":101,"column":81}}]},"9":{"loc":{"start":{"line":114,"column":4},"end":{"line":122,"column":null}},"type":"if","locations":[{"start":{"line":114,"column":4},"end":{"line":122,"column":null}},{"start":{},"end":{}}]},"10":{"loc":{"start":{"line":124,"column":4},"end":{"line":126,"column":null}},"type":"if","locations":[{"start":{"line":124,"column":4},"end":{"line":126,"column":null}},{"start":{},"end":{}}]},"11":{"loc":{"start":{"line":128,"column":4},"end":{"line":143,"column":null}},"type":"if","locations":[{"start":{"line":128,"column":4},"end":{"line":143,"column":null}},{"start":{},"end":{}}]},"12":{"loc":{"start":{"line":128,"column":8},"end":{"line":128,"column":53}},"type":"binary-expr","locations":[{"start":{"line":128,"column":8},"end":{"line":128,"column":37}},{"start":{"line":128,"column":37},"end":{"line":128,"column":53}}]},"13":{"loc":{"start":{"line":133,"column":8},"end":{"line":133,"column":36}},"type":"if","locations":[{"start":{"line":133,"column":8},"end":{"line":133,"column":36}},{"start":{},"end":{}}]},"14":{"loc":{"start":{"line":136,"column":8},"end":{"line":139,"column":null}},"type":"if","locations":[{"start":{"line":136,"column":8},"end":{"line":139,"column":null}},{"start":{},"end":{}}]},"15":{"loc":{"start":{"line":152,"column":6},"end":{"line":158,"column":null}},"type":"if","locations":[{"start":{"line":152,"column":6},"end":{"line":158,"column":null}},{"start":{},"end":{}}]},"16":{"loc":{"start":{"line":161,"column":6},"end":{"line":167,"column":null}},"type":"if","locations":[{"start":{"line":161,"column":6},"end":{"line":167,"column":null}},{"start":{},"end":{}}]},"17":{"loc":{"start":{"line":161,"column":10},"end":{"line":161,"column":84}},"type":"binary-expr","locations":[{"start":{"line":161,"column":10},"end":{"line":161,"column":25}},{"start":{"line":161,"column":29},"end":{"line":161,"column":84}}]},"18":{"loc":{"start":{"line":170,"column":6},"end":{"line":186,"column":null}},"type":"if","locations":[{"start":{"line":170,"column":6},"end":{"line":186,"column":null}},{"start":{},"end":{}}]},"19":{"loc":{"start":{"line":171,"column":8},"end":{"line":177,"column":null}},"type":"if","locations":[{"start":{"line":171,"column":8},"end":{"line":177,"column":null}},{"start":{},"end":{}}]},"20":{"loc":{"start":{"line":179,"column":8},"end":{"line":185,"column":null}},"type":"if","locations":[{"start":{"line":179,"column":8},"end":{"line":185,"column":null}},{"start":{},"end":{}}]},"21":{"loc":{"start":{"line":204,"column":4},"end":{"line":206,"column":null}},"type":"if","locations":[{"start":{"line":204,"column":4},"end":{"line":206,"column":null}},{"start":{},"end":{}}]},"22":{"loc":{"start":{"line":209,"column":4},"end":{"line":215,"column":null}},"type":"if","locations":[{"start":{"line":209,"column":4},"end":{"line":215,"column":null}},{"start":{},"end":{}}]},"23":{"loc":{"start":{"line":209,"column":8},"end":{"line":209,"column":56}},"type":"binary-expr","locations":[{"start":{"line":209,"column":8},"end":{"line":209,"column":26}},{"start":{"line":209,"column":30},"end":{"line":209,"column":56}}]},"24":{"loc":{"start":{"line":218,"column":4},"end":{"line":221,"column":null}},"type":"if","locations":[{"start":{"line":218,"column":4},"end":{"line":221,"column":null}},{"start":{},"end":{}}]},"25":{"loc":{"start":{"line":230,"column":18},"end":{"line":234,"column":null}},"type":"binary-expr","locations":[{"start":{"line":230,"column":18},"end":{"line":230,"column":49}},{"start":{"line":230,"column":49},"end":{"line":234,"column":null}}]},"26":{"loc":{"start":{"line":240,"column":4},"end":{"line":242,"column":null}},"type":"if","locations":[{"start":{"line":240,"column":4},"end":{"line":242,"column":null}},{"start":{},"end":{}}]},"27":{"loc":{"start":{"line":258,"column":22},"end":{"line":258,"column":63}},"type":"binary-expr","locations":[{"start":{"line":258,"column":22},"end":{"line":258,"column":44}},{"start":{"line":258,"column":48},"end":{"line":258,"column":63}}]},"28":{"loc":{"start":{"line":266,"column":4},"end":{"line":268,"column":null}},"type":"if","locations":[{"start":{"line":266,"column":4},"end":{"line":268,"column":null}},{"start":{},"end":{}}]},"29":{"loc":{"start":{"line":272,"column":4},"end":{"line":275,"column":null}},"type":"if","locations":[{"start":{"line":272,"column":4},"end":{"line":275,"column":null}},{"start":{},"end":{}}]},"30":{"loc":{"start":{"line":279,"column":4},"end":{"line":282,"column":null}},"type":"if","locations":[{"start":{"line":279,"column":4},"end":{"line":282,"column":null}},{"start":{},"end":{}}]},"31":{"loc":{"start":{"line":286,"column":4},"end":{"line":289,"column":null}},"type":"if","locations":[{"start":{"line":286,"column":4},"end":{"line":289,"column":null}},{"start":{},"end":{}}]},"32":{"loc":{"start":{"line":292,"column":4},"end":{"line":298,"column":null}},"type":"if","locations":[{"start":{"line":292,"column":4},"end":{"line":298,"column":null}},{"start":{},"end":{}}]},"33":{"loc":{"start":{"line":294,"column":6},"end":{"line":297,"column":null}},"type":"if","locations":[{"start":{"line":294,"column":6},"end":{"line":297,"column":null}},{"start":{},"end":{}}]},"34":{"loc":{"start":{"line":318,"column":4},"end":{"line":318,"column":80}},"type":"default-arg","locations":[{"start":{"line":318,"column":71},"end":{"line":318,"column":80}}]},"35":{"loc":{"start":{"line":321,"column":6},"end":{"line":324,"column":null}},"type":"binary-expr","locations":[{"start":{"line":321,"column":6},"end":{"line":321,"column":59}},{"start":{"line":322,"column":6},"end":{"line":322,"column":null}},{"start":{"line":323,"column":6},"end":{"line":323,"column":null}},{"start":{"line":324,"column":6},"end":{"line":324,"column":null}}]},"36":{"loc":{"start":{"line":331,"column":4},"end":{"line":333,"column":null}},"type":"if","locations":[{"start":{"line":331,"column":4},"end":{"line":333,"column":null}},{"start":{},"end":{}}]},"37":{"loc":{"start":{"line":338,"column":6},"end":{"line":340,"column":null}},"type":"if","locations":[{"start":{"line":338,"column":6},"end":{"line":340,"column":null}},{"start":{},"end":{}}]},"38":{"loc":{"start":{"line":345,"column":4},"end":{"line":348,"column":null}},"type":"if","locations":[{"start":{"line":345,"column":4},"end":{"line":348,"column":null}},{"start":{},"end":{}}]},"39":{"loc":{"start":{"line":350,"column":4},"end":{"line":353,"column":null}},"type":"if","locations":[{"start":{"line":350,"column":4},"end":{"line":353,"column":null}},{"start":{},"end":{}}]},"40":{"loc":{"start":{"line":355,"column":4},"end":{"line":361,"column":null}},"type":"if","locations":[{"start":{"line":355,"column":4},"end":{"line":361,"column":null}},{"start":{},"end":{}}]}},"s":{"0":0,"1":0,"2":0,"3":0,"4":0,"5":0,"6":0,"7":0,"8":0,"9":0,"10":0,"11":0,"12":0,"13":0,"14":0,"15":0,"16":0,"17":0,"18":0,"19":0,"20":0,"21":0,"22":0,"23":0,"24":0,"25":0,"26":0,"27":0,"28":0,"29":0,"30":0,"31":0,"32":0,"33":0,"34":0,"35":0,"36":0,"37":0,"38":0,"39":0,"40":0,"41":0,"42":0,"43":0,"44":0,"45":0,"46":0,"47":0,"48":0,"49":0,"50":0,"51":0,"52":0,"53":0,"54":0,"55":0,"56":0,"57":0,"58":0,"59":0,"60":0,"61":0,"62":0,"63":0,"64":0,"65":0,"66":0,"67":0,"68":0,"69":0,"70":0,"71":0,"72":0,"73":0,"74":0,"75":0,"76":0,"77":0,"78":0,"79":0,"80":0,"81":0,"82":0,"83":0,"84":0,"85":0,"86":0,"87":0,"88":0,"89":0,"90":0,"91":0,"92":0,"93":0,"94":0,"95":0,"96":0,"97":0,"98":0,"99":0,"100":0,"101":0,"102":0,"103":0,"104":0,"105":0,"106":0,"107":0,"108":0,"109":0,"110":0,"111":0,"112":0,"113":0,"114":0},"f":{"0":0,"1":0,"2":0,"3":0,"4":0,"5":0,"6":0,"7":0,"8":0,"9":0,"10":0,"11":0},"b":{"0":[0,0],"1":[0,0,0,0],"2":[0,0],"3":[0,0],"4":[0,0],"5":[0,0],"6":[0,0],"7":[0,0],"8":[0,0],"9":[0,0],"10":[0,0],"11":[0,0],"12":[0,0],"13":[0,0],"14":[0,0],"15":[0,0],"16":[0,0],"17":[0,0],"18":[0,0],"19":[0,0],"20":[0,0],"21":[0,0],"22":[0,0],"23":[0,0],"24":[0,0],"25":[0,0],"26":[0,0],"27":[0,0],"28":[0,0],"29":[0,0],"30":[0,0],"31":[0,0],"32":[0,0],"33":[0,0],"34":[0],"35":[0,0,0,0],"36":[0,0],"37":[0,0],"38":[0,0],"39":[0,0],"40":[0,0]}}
,"C:\\Users\\Dev\\Downloads\\scholarsync-app (2)\\lib\\store.ts": {"path":"C:\\Users\\Dev\\Downloads\\scholarsync-app (2)\\lib\\store.ts","statementMap":{"0":{"start":{"line":7,"column":13},"end":{"line":7,"column":21}},"1":{"start":{"line":1,"column":31},"end":{"line":1,"column":null}},"2":{"start":{"line":3,"column":26},"end":{"line":3,"column":null}},"3":{"start":{"line":4,"column":27},"end":{"line":4,"column":null}},"4":{"start":{"line":5,"column":31},"end":{"line":5,"column":null}},"5":{"start":{"line":7,"column":21},"end":{"line":13,"column":null}}},"fnMap":{},"branchMap":{},"s":{"0":3,"1":1,"2":1,"3":1,"4":1,"5":1},"f":{},"b":{}}
,"C:\\Users\\Dev\\Downloads\\scholarsync-app (2)\\lib\\utils.ts": {"path":"C:\\Users\\Dev\\Downloads\\scholarsync-app (2)\\lib\\utils.ts","statementMap":{"0":{"start":{"line":4,"column":16},"end":{"line":4,"column":19}},"1":{"start":{"line":1,"column":38},"end":{"line":1,"column":null}},"2":{"start":{"line":2,"column":24},"end":{"line":2,"column":null}},"3":{"start":{"line":5,"column":2},"end":{"line":5,"column":null}}},"fnMap":{"0":{"name":"cn","decl":{"start":{"line":4,"column":16},"end":{"line":4,"column":19}},"loc":{"start":{"line":4,"column":42},"end":{"line":6,"column":null}}}},"branchMap":{},"s":{"0":0,"1":0,"2":0,"3":0},"f":{"0":0},"b":{}}
,"C:\\Users\\Dev\\Downloads\\scholarsync-app (2)\\lib\\slices\\resume-slice.ts": {"path":"C:\\Users\\Dev\\Downloads\\scholarsync-app (2)\\lib\\slices\\resume-slice.ts","statementMap":{"0":{"start":{"line":60,"column":52},"end":{"line":60,"column":67}},"1":{"start":{"line":61,"column":0},"end":{"line":61,"column":15}},"2":{"start":{"line":60,"column":42},"end":{"line":60,"column":50}},"3":{"start":{"line":60,"column":30},"end":{"line":60,"column":40}},"4":{"start":{"line":60,"column":15},"end":{"line":60,"column":28}},"5":{"start":{"line":1,"column":48},"end":{"line":1,"column":null}},"6":{"start":{"line":33,"column":34},"end":{"line":37,"column":null}},"7":{"start":{"line":39,"column":20},"end":{"line":58,"column":null}},"8":{"start":{"line":44,"column":6},"end":{"line":44,"column":null}},"9":{"start":{"line":45,"column":6},"end":{"line":45,"column":null}},"10":{"start":{"line":48,"column":6},"end":{"line":48,"column":null}},"11":{"start":{"line":51,"column":6},"end":{"line":51,"column":null}},"12":{"start":{"line":54,"column":6},"end":{"line":54,"column":null}},"13":{"start":{"line":55,"column":6},"end":{"line":55,"column":null}},"14":{"start":{"line":60,"column":72},"end":{"line":60,"column":91}},"15":{"start":{"line":61,"column":15},"end":{"line":61,"column":34}}},"fnMap":{"0":{"name":"(anonymous_6)","decl":{"start":{"line":43,"column":19},"end":{"line":43,"column":20}},"loc":{"start":{"line":43,"column":27},"end":{"line":46,"column":null}}},"1":{"name":"(anonymous_7)","decl":{"start":{"line":47,"column":16},"end":{"line":47,"column":17}},"loc":{"start":{"line":47,"column":24},"end":{"line":49,"column":null}}},"2":{"name":"(anonymous_8)","decl":{"start":{"line":50,"column":14},"end":{"line":50,"column":15}},"loc":{"start":{"line":50,"column":22},"end":{"line":52,"column":null}}},"3":{"name":"(anonymous_9)","decl":{"start":{"line":53,"column":21},"end":{"line":53,"column":22}},"loc":{"start":{"line":53,"column":22},"end":{"line":56,"column":null}}}},"branchMap":{},"s":{"0":0,"1":1,"2":0,"3":0,"4":0,"5":1,"6":1,"7":1,"8":0,"9":0,"10":0,"11":0,"12":0,"13":0,"14":1,"15":1},"f":{"0":0,"1":0,"2":0,"3":0},"b":{}}
,"C:\\Users\\Dev\\Downloads\\scholarsync-app (2)\\lib\\slices\\scholar-slice.ts": {"path":"C:\\Users\\Dev\\Downloads\\scholarsync-app (2)\\lib\\slices\\scholar-slice.ts","statementMap":{"0":{"start":{"line":55,"column":53},"end":{"line":55,"column":69}},"1":{"start":{"line":56,"column":0},"end":{"line":56,"column":15}},"2":{"start":{"line":55,"column":43},"end":{"line":55,"column":51}},"3":{"start":{"line":55,"column":31},"end":{"line":55,"column":41}},"4":{"start":{"line":55,"column":15},"end":{"line":55,"column":29}},"5":{"start":{"line":1,"column":48},"end":{"line":1,"column":null}},"6":{"start":{"line":28,"column":35},"end":{"line":32,"column":null}},"7":{"start":{"line":34,"column":21},"end":{"line":53,"column":null}},"8":{"start":{"line":39,"column":6},"end":{"line":39,"column":null}},"9":{"start":{"line":40,"column":6},"end":{"line":40,"column":null}},"10":{"start":{"line":43,"column":6},"end":{"line":43,"column":null}},"11":{"start":{"line":46,"column":6},"end":{"line":46,"column":null}},"12":{"start":{"line":49,"column":6},"end":{"line":49,"column":null}},"13":{"start":{"line":50,"column":6},"end":{"line":50,"column":null}},"14":{"start":{"line":55,"column":74},"end":{"line":55,"column":94}},"15":{"start":{"line":56,"column":15},"end":{"line":56,"column":35}}},"fnMap":{"0":{"name":"(anonymous_6)","decl":{"start":{"line":38,"column":20},"end":{"line":38,"column":21}},"loc":{"start":{"line":38,"column":28},"end":{"line":41,"column":null}}},"1":{"name":"(anonymous_7)","decl":{"start":{"line":42,"column":16},"end":{"line":42,"column":17}},"loc":{"start":{"line":42,"column":24},"end":{"line":44,"column":null}}},"2":{"name":"(anonymous_8)","decl":{"start":{"line":45,"column":14},"end":{"line":45,"column":15}},"loc":{"start":{"line":45,"column":22},"end":{"line":47,"column":null}}},"3":{"name":"(anonymous_9)","decl":{"start":{"line":48,"column":22},"end":{"line":48,"column":23}},"loc":{"start":{"line":48,"column":23},"end":{"line":51,"column":null}}}},"branchMap":{},"s":{"0":0,"1":1,"2":0,"3":0,"4":0,"5":1,"6":1,"7":1,"8":0,"9":0,"10":0,"11":0,"12":0,"13":0,"14":1,"15":1},"f":{"0":0,"1":0,"2":0,"3":0},"b":{}}
,"C:\\Users\\Dev\\Downloads\\scholarsync-app (2)\\lib\\slices\\suggestions-slice.ts": {"path":"C:\\Users\\Dev\\Downloads\\scholarsync-app (2)\\lib\\slices\\suggestions-slice.ts","statementMap":{"0":{"start":{"line":47,"column":53},"end":{"line":47,"column":69}},"1":{"start":{"line":48,"column":0},"end":{"line":48,"column":15}},"2":{"start":{"line":47,"column":43},"end":{"line":47,"column":51}},"3":{"start":{"line":47,"column":31},"end":{"line":47,"column":41}},"4":{"start":{"line":47,"column":15},"end":{"line":47,"column":29}},"5":{"start":{"line":1,"column":48},"end":{"line":1,"column":null}},"6":{"start":{"line":20,"column":39},"end":{"line":24,"column":null}},"7":{"start":{"line":26,"column":25},"end":{"line":45,"column":null}},"8":{"start":{"line":31,"column":6},"end":{"line":31,"column":null}},"9":{"start":{"line":32,"column":6},"end":{"line":32,"column":null}},"10":{"start":{"line":35,"column":6},"end":{"line":35,"column":null}},"11":{"start":{"line":38,"column":6},"end":{"line":38,"column":null}},"12":{"start":{"line":41,"column":6},"end":{"line":41,"column":null}},"13":{"start":{"line":42,"column":6},"end":{"line":42,"column":null}},"14":{"start":{"line":47,"column":74},"end":{"line":47,"column":98}},"15":{"start":{"line":48,"column":15},"end":{"line":48,"column":39}}},"fnMap":{"0":{"name":"(anonymous_6)","decl":{"start":{"line":30,"column":20},"end":{"line":30,"column":21}},"loc":{"start":{"line":30,"column":28},"end":{"line":33,"column":null}}},"1":{"name":"(anonymous_7)","decl":{"start":{"line":34,"column":16},"end":{"line":34,"column":17}},"loc":{"start":{"line":34,"column":24},"end":{"line":36,"column":null}}},"2":{"name":"(anonymous_8)","decl":{"start":{"line":37,"column":14},"end":{"line":37,"column":15}},"loc":{"start":{"line":37,"column":22},"end":{"line":39,"column":null}}},"3":{"name":"(anonymous_9)","decl":{"start":{"line":40,"column":22},"end":{"line":40,"column":23}},"loc":{"start":{"line":40,"column":23},"end":{"line":43,"column":null}}}},"branchMap":{},"s":{"0":0,"1":1,"2":0,"3":0,"4":0,"5":1,"6":1,"7":1,"8":0,"9":0,"10":0,"11":0,"12":0,"13":0,"14":1,"15":1},"f":{"0":0,"1":0,"2":0,"3":0},"b":{}}
}
