TN:
SF:app\layout.tsx
FN:12,RootLayout
FNF:1
FNH:0
FNDA:0,RootLayout
DA:1,0
DA:2,0
DA:4,0
DA:5,0
DA:7,0
DA:12,0
LF:6
LH:0
BRF:0
BRH:0
end_of_record
TN:
SF:app\page.tsx
FN:16,HomePage
FNF:1
FNH:0
FNDA:0,HomePage
DA:2,0
DA:3,0
DA:5,0
DA:6,0
DA:7,0
DA:8,0
DA:9,0
DA:10,0
DA:11,0
DA:12,0
DA:13,0
DA:14,0
DA:16,0
LF:13
LH:0
BRF:0
BRH:0
end_of_record
TN:
SF:app\api\fetch-scholar-profile\route.ts
FN:7,(anonymous_1)
FN:26,POST
FNF:2
FNH:0
FNDA:0,(anonymous_1)
FNDA:0,POST
DA:1,0
DA:3,0
DA:4,0
DA:7,0
DA:26,0
DA:27,0
DA:29,0
DA:30,0
DA:31,0
DA:38,0
DA:39,0
DA:40,0
DA:57,0
DA:58,0
DA:60,0
DA:61,0
DA:65,0
DA:66,0
DA:68,0
DA:69,0
DA:70,0
DA:74,0
DA:75,0
DA:76,0
DA:79,0
DA:80,0
DA:81,0
DA:89,0
DA:91,0
DA:94,0
DA:97,0
DA:98,0
DA:99,0
DA:100,0
DA:101,0
DA:103,0
DA:105,0
DA:108,0
DA:109,0
DA:111,0
DA:117,0
DA:118,0
DA:119,0
DA:120,0
DA:122,0
DA:125,0
DA:126,0
DA:129,0
LF:48
LH:0
BRDA:30,0,0,0
BRDA:30,0,1,0
BRDA:33,1,0,0
BRDA:33,1,1,0
BRDA:39,2,0,0
BRDA:39,2,1,0
BRDA:49,3,0,0
BRDA:49,3,1,0
BRDA:68,4,0,0
BRDA:68,4,1,0
BRDA:74,5,0,0
BRDA:74,5,1,0
BRDA:74,6,0,0
BRDA:74,6,1,0
BRDA:79,7,0,0
BRDA:79,7,1,0
BRF:16
BRH:0
end_of_record
TN:
SF:app\api\generate-suggestions\route.ts
FN:16,generateProjectSuggestions
FN:77,(anonymous_2)
FN:83,(anonymous_3)
FN:88,(anonymous_4)
FN:95,analyzeSkills
FN:96,(anonymous_6)
FN:100,(anonymous_7)
FN:109,(anonymous_8)
FN:121,(anonymous_9)
FN:131,(anonymous_10)
FN:139,(anonymous_11)
FN:147,(anonymous_12)
FN:149,(anonymous_13)
FN:150,(anonymous_14)
FN:157,determineAcademicLevel
FN:159,(anonymous_16)
FN:161,(anonymous_17)
FN:169,analyzeResearchFocus
FN:170,(anonymous_19)
FN:171,(anonymous_20)
FN:190,generateMLProjects
FN:203,(anonymous_22)
FN:204,(anonymous_23)
FN:205,(anonymous_24)
FN:208,(anonymous_25)
FN:221,(anonymous_26)
FN:281,generateWebProjects
FN:306,(anonymous_28)
FN:336,generateDataScienceProjects
FN:384,(anonymous_30)
FN:401,generateResearchProjects
FN:416,(anonymous_32)
FN:470,generateInterdisciplinaryProjects
FN:497,(anonymous_34)
FN:530,generateOpenSourceProjects
FN:594,calculateMatchScore
FN:605,(anonymous_37)
FN:606,(anonymous_38)
FN:607,(anonymous_39)
FN:608,(anonymous_40)
FN:613,(anonymous_41)
FN:614,(anonymous_42)
FN:615,(anonymous_43)
FN:616,(anonymous_44)
FN:626,(anonymous_45)
FN:663,POST
FNF:46
FNH:0
FNDA:0,generateProjectSuggestions
FNDA:0,(anonymous_2)
FNDA:0,(anonymous_3)
FNDA:0,(anonymous_4)
FNDA:0,analyzeSkills
FNDA:0,(anonymous_6)
FNDA:0,(anonymous_7)
FNDA:0,(anonymous_8)
FNDA:0,(anonymous_9)
FNDA:0,(anonymous_10)
FNDA:0,(anonymous_11)
FNDA:0,(anonymous_12)
FNDA:0,(anonymous_13)
FNDA:0,(anonymous_14)
FNDA:0,determineAcademicLevel
FNDA:0,(anonymous_16)
FNDA:0,(anonymous_17)
FNDA:0,analyzeResearchFocus
FNDA:0,(anonymous_19)
FNDA:0,(anonymous_20)
FNDA:0,generateMLProjects
FNDA:0,(anonymous_22)
FNDA:0,(anonymous_23)
FNDA:0,(anonymous_24)
FNDA:0,(anonymous_25)
FNDA:0,(anonymous_26)
FNDA:0,generateWebProjects
FNDA:0,(anonymous_28)
FNDA:0,generateDataScienceProjects
FNDA:0,(anonymous_30)
FNDA:0,generateResearchProjects
FNDA:0,(anonymous_32)
FNDA:0,generateInterdisciplinaryProjects
FNDA:0,(anonymous_34)
FNDA:0,generateOpenSourceProjects
FNDA:0,calculateMatchScore
FNDA:0,(anonymous_37)
FNDA:0,(anonymous_38)
FNDA:0,(anonymous_39)
FNDA:0,(anonymous_40)
FNDA:0,(anonymous_41)
FNDA:0,(anonymous_42)
FNDA:0,(anonymous_43)
FNDA:0,(anonymous_44)
FNDA:0,(anonymous_45)
FNDA:0,POST
DA:1,0
DA:3,0
DA:17,0
DA:19,0
DA:20,0
DA:21,0
DA:24,0
DA:25,0
DA:26,0
DA:27,0
DA:28,0
DA:29,0
DA:31,0
DA:32,0
DA:33,0
DA:36,0
DA:37,0
DA:38,0
DA:40,0
DA:41,0
DA:42,0
DA:47,0
DA:48,0
DA:52,0
DA:53,0
DA:57,0
DA:58,0
DA:64,0
DA:65,0
DA:69,0
DA:74,0
DA:77,0
DA:83,0
DA:85,0
DA:86,0
DA:88,0
DA:91,0
DA:96,0
DA:98,0
DA:101,0
DA:110,0
DA:122,0
DA:132,0
DA:140,0
DA:147,0
DA:150,0
DA:151,0
DA:158,0
DA:159,0
DA:161,0
DA:162,0
DA:164,0
DA:165,0
DA:166,0
DA:170,0
DA:171,0
DA:173,0
DA:175,0
DA:197,0
DA:200,0
DA:202,0
DA:203,0
DA:204,0
DA:205,0
DA:208,0
DA:209,0
DA:221,0
DA:222,0
DA:235,0
DA:236,0
DA:249,0
DA:250,0
DA:264,0
DA:265,0
DA:278,0
DA:288,0
DA:289,0
DA:292,0
DA:294,0
DA:306,0
DA:307,0
DA:320,0
DA:321,0
DA:333,0
DA:343,0
DA:344,0
DA:345,0
DA:348,0
DA:360,0
DA:361,0
DA:372,0
DA:373,0
DA:384,0
DA:385,0
DA:398,0
DA:408,0
DA:409,0
DA:410,0
DA:411,0
DA:414,0
DA:415,0
DA:416,0
DA:418,0
DA:430,0
DA:431,0
DA:448,0
DA:449,0
DA:467,0
DA:477,0
DA:478,0
DA:479,0
DA:482,0
DA:483,0
DA:495,0
DA:497,0
DA:499,0
DA:500,0
DA:513,0
DA:514,0
DA:527,0
DA:536,0
DA:537,0
DA:538,0
DA:540,0
DA:558,0
DA:559,0
DA:572,0
DA:573,0
DA:591,0
DA:602,0
DA:605,0
DA:606,0
DA:607,0
DA:608,0
DA:610,0
DA:613,0
DA:614,0
DA:615,0
DA:616,0
DA:618,0
DA:621,0
DA:622,0
DA:623,0
DA:626,0
DA:627,0
DA:628,0
DA:638,0
DA:639,0
DA:640,0
DA:644,0
DA:648,0
DA:649,0
DA:650,0
DA:651,0
DA:654,0
DA:655,0
DA:656,0
DA:657,0
DA:658,0
DA:663,0
DA:664,0
DA:666,0
DA:667,0
DA:668,0
DA:674,0
DA:675,0
DA:676,0
DA:693,0
DA:694,0
DA:696,0
DA:697,0
DA:701,0
DA:702,0
DA:704,0
DA:705,0
DA:706,0
DA:710,0
DA:711,0
DA:712,0
DA:713,0
DA:717,0
DA:720,0
DA:721,0
DA:722,0
DA:723,0
DA:724,0
DA:725,0
DA:727,0
DA:729,0
DA:730,0
DA:731,0
LF:191
LH:0
BRDA:20,0,0,0
BRDA:20,0,1,0
BRDA:21,1,0,0
BRDA:21,1,1,0
BRDA:24,2,0,0
BRDA:24,2,1,0
BRDA:25,3,0,0
BRDA:25,3,1,0
BRDA:26,4,0,0
BRDA:26,4,1,0
BRDA:27,5,0,0
BRDA:27,5,1,0
BRDA:28,6,0,0
BRDA:28,6,1,0
BRDA:29,7,0,0
BRDA:29,7,1,0
BRDA:47,8,0,0
BRDA:47,8,1,0
BRDA:47,9,0,0
BRDA:47,9,1,0
BRDA:52,10,0,0
BRDA:52,10,1,0
BRDA:57,11,0,0
BRDA:57,11,1,0
BRDA:57,12,0,0
BRDA:57,12,1,0
BRDA:64,13,0,0
BRDA:64,13,1,0
BRDA:64,14,0,0
BRDA:64,14,1,0
BRDA:101,15,0,0
BRDA:101,15,1,0
BRDA:101,15,2,0
BRDA:101,15,3,0
BRDA:101,15,4,0
BRDA:101,15,5,0
BRDA:110,16,0,0
BRDA:110,16,1,0
BRDA:110,16,2,0
BRDA:110,16,3,0
BRDA:110,16,4,0
BRDA:110,16,5,0
BRDA:110,16,6,0
BRDA:110,16,7,0
BRDA:110,16,8,0
BRDA:122,17,0,0
BRDA:122,17,1,0
BRDA:122,17,2,0
BRDA:122,17,3,0
BRDA:122,17,4,0
BRDA:122,17,5,0
BRDA:122,17,6,0
BRDA:132,18,0,0
BRDA:132,18,1,0
BRDA:132,18,2,0
BRDA:132,18,3,0
BRDA:132,18,4,0
BRDA:140,19,0,0
BRDA:140,19,1,0
BRDA:140,19,2,0
BRDA:140,19,3,0
BRDA:140,19,4,0
BRDA:147,20,0,0
BRDA:147,20,1,0
BRDA:147,20,2,0
BRDA:147,20,3,0
BRDA:159,21,0,0
BRDA:159,21,1,0
BRDA:164,22,0,0
BRDA:164,22,1,0
BRDA:164,23,0,0
BRDA:164,23,1,0
BRDA:164,23,2,0
BRDA:165,24,0,0
BRDA:165,24,1,0
BRDA:165,25,0,0
BRDA:165,25,1,0
BRDA:165,25,2,0
BRDA:171,26,0,0
BRDA:171,26,1,0
BRDA:177,27,0,0
BRDA:177,27,1,0
BRDA:177,27,2,0
BRDA:177,27,3,0
BRDA:181,28,0,0
BRDA:181,28,1,0
BRDA:181,28,2,0
BRDA:182,29,0,0
BRDA:182,29,1,0
BRDA:182,29,2,0
BRDA:183,30,0,0
BRDA:183,30,1,0
BRDA:183,30,2,0
BRDA:184,31,0,0
BRDA:184,31,1,0
BRDA:184,31,2,0
BRDA:200,32,0,0
BRDA:200,32,1,0
BRDA:202,33,0,0
BRDA:202,33,1,0
BRDA:204,34,0,0
BRDA:204,34,1,0
BRDA:205,35,0,0
BRDA:205,35,1,0
BRDA:208,36,0,0
BRDA:208,36,1,0
BRDA:208,37,0,0
BRDA:208,37,1,0
BRDA:210,38,0,0
BRDA:210,38,1,0
BRDA:211,39,0,0
BRDA:211,39,1,0
BRDA:213,40,0,0
BRDA:213,40,1,0
BRDA:215,41,0,0
BRDA:215,41,1,0
BRDA:221,42,0,0
BRDA:221,42,1,0
BRDA:221,43,0,0
BRDA:221,43,1,0
BRDA:223,44,0,0
BRDA:223,44,1,0
BRDA:224,45,0,0
BRDA:224,45,1,0
BRDA:226,46,0,0
BRDA:226,46,1,0
BRDA:235,47,0,0
BRDA:235,47,1,0
BRDA:249,48,0,0
BRDA:249,48,1,0
BRDA:264,49,0,0
BRDA:264,49,1,0
BRDA:289,50,0,0
BRDA:289,50,1,0
BRDA:292,51,0,0
BRDA:292,51,1,0
BRDA:306,52,0,0
BRDA:306,52,1,0
BRDA:306,53,0,0
BRDA:306,53,1,0
BRDA:320,54,0,0
BRDA:320,54,1,0
BRDA:344,55,0,0
BRDA:344,55,1,0
BRDA:345,56,0,0
BRDA:345,56,1,0
BRDA:360,57,0,0
BRDA:360,57,1,0
BRDA:372,58,0,0
BRDA:372,58,1,0
BRDA:384,59,0,0
BRDA:384,59,1,0
BRDA:384,60,0,0
BRDA:384,60,1,0
BRDA:409,61,0,0
BRDA:409,61,1,0
BRDA:414,62,0,0
BRDA:414,62,1,0
BRDA:416,63,0,0
BRDA:416,63,1,0
BRDA:419,64,0,0
BRDA:419,64,1,0
BRDA:420,65,0,0
BRDA:420,65,1,0
BRDA:422,66,0,0
BRDA:422,66,1,0
BRDA:425,67,0,0
BRDA:425,67,1,0
BRDA:430,68,0,0
BRDA:430,68,1,0
BRDA:430,69,0,0
BRDA:430,69,1,0
BRDA:433,70,0,0
BRDA:433,70,1,0
BRDA:438,71,0,0
BRDA:438,71,1,0
BRDA:448,72,0,0
BRDA:448,72,1,0
BRDA:448,73,0,0
BRDA:448,73,1,0
BRDA:451,74,0,0
BRDA:451,74,1,0
BRDA:459,75,0,0
BRDA:459,75,1,0
BRDA:478,76,0,0
BRDA:478,76,1,0
BRDA:482,77,0,0
BRDA:482,77,1,0
BRDA:482,78,0,0
BRDA:482,78,1,0
BRDA:495,79,0,0
BRDA:495,79,1,0
BRDA:496,80,0,0
BRDA:496,80,1,0
BRDA:497,81,0,0
BRDA:497,81,1,0
BRDA:499,82,0,0
BRDA:499,82,1,0
BRDA:513,83,0,0
BRDA:513,83,1,0
BRDA:537,84,0,0
BRDA:537,84,1,0
BRDA:552,85,0,0
BRDA:552,85,1,0
BRDA:558,86,0,0
BRDA:558,86,1,0
BRDA:558,87,0,0
BRDA:558,87,1,0
BRDA:572,88,0,0
BRDA:572,88,1,0
BRDA:608,89,0,0
BRDA:608,89,1,0
BRDA:616,90,0,0
BRDA:616,90,1,0
BRDA:628,91,0,0
BRDA:628,91,1,0
BRDA:629,92,0,0
BRDA:629,92,1,0
BRDA:629,92,2,0
BRDA:638,93,0,0
BRDA:638,93,1,0
BRDA:640,94,0,0
BRDA:640,94,1,0
BRDA:641,95,0,0
BRDA:641,95,1,0
BRDA:641,95,2,0
BRDA:641,95,3,0
BRDA:648,96,0,0
BRDA:648,96,1,0
BRDA:648,97,0,0
BRDA:648,97,1,0
BRDA:649,98,0,0
BRDA:649,98,1,0
BRDA:649,99,0,0
BRDA:649,99,1,0
BRDA:650,100,0,0
BRDA:650,100,1,0
BRDA:650,101,0,0
BRDA:650,101,1,0
BRDA:651,102,0,0
BRDA:651,102,1,0
BRDA:651,103,0,0
BRDA:651,103,1,0
BRDA:654,104,0,0
BRDA:654,104,1,0
BRDA:654,105,0,0
BRDA:654,105,1,0
BRDA:655,106,0,0
BRDA:655,106,1,0
BRDA:655,107,0,0
BRDA:655,107,1,0
BRDA:656,108,0,0
BRDA:656,108,1,0
BRDA:656,109,0,0
BRDA:656,109,1,0
BRDA:657,110,0,0
BRDA:657,110,1,0
BRDA:657,111,0,0
BRDA:657,111,1,0
BRDA:658,112,0,0
BRDA:658,112,1,0
BRDA:658,113,0,0
BRDA:658,113,1,0
BRDA:667,114,0,0
BRDA:667,114,1,0
BRDA:670,115,0,0
BRDA:670,115,1,0
BRDA:675,116,0,0
BRDA:675,116,1,0
BRDA:685,117,0,0
BRDA:685,117,1,0
BRDA:704,118,0,0
BRDA:704,118,1,0
BRDA:704,119,0,0
BRDA:704,119,1,0
BRDA:711,120,0,0
BRDA:711,120,1,0
BRF:277
BRH:0
end_of_record
TN:
SF:app\api\parse-resume\route.ts
FN:6,POST
FN:118,handler
FNF:2
FNH:2
FNDA:5,POST
FNDA:6,handler
DA:1,1
DA:3,1
DA:4,1
DA:6,0
DA:7,5
DA:9,5
DA:10,5
DA:11,0
DA:17,5
DA:18,5
DA:19,0
DA:36,5
DA:37,5
DA:39,2
DA:40,2
DA:43,3
DA:45,3
DA:46,0
DA:47,0
DA:51,3
DA:57,3
DA:58,3
DA:59,3
DA:68,0
DA:69,0
DA:70,0
DA:79,0
DA:80,0
DA:81,0
DA:90,0
DA:93,0
DA:95,0
DA:98,0
DA:99,0
DA:100,0
DA:101,0
DA:102,0
DA:104,0
DA:106,0
DA:107,0
DA:110,0
DA:111,0
DA:114,0
DA:118,6
DA:119,6
DA:121,5
DA:123,1
LF:47
LH:22
BRDA:10,0,0,0
BRDA:10,0,1,5
BRDA:13,1,0,0
BRDA:13,1,1,0
BRDA:18,2,0,0
BRDA:18,2,1,5
BRDA:28,3,0,0
BRDA:28,3,1,0
BRDA:45,4,0,0
BRDA:45,4,1,3
BRDA:57,5,0,3
BRDA:57,5,1,0
BRDA:68,6,0,0
BRDA:68,6,1,0
BRDA:79,7,0,0
BRDA:79,7,1,0
BRDA:79,8,0,0
BRDA:79,8,1,0
BRDA:110,9,0,0
BRDA:110,9,1,0
BRDA:119,10,0,5
BRDA:119,10,1,1
BRF:22
BRH:6
end_of_record
TN:
SF:components\header.tsx
FN:1,Header
FNF:1
FNH:1
FNDA:3,Header
DA:1,3
LF:1
LH:1
BRF:0
BRH:0
end_of_record
TN:
SF:components\project-suggestions.tsx
FN:17,ProjectSuggestionSkeleton
FN:54,ProjectSuggestions
FN:56,(anonymous_3)
FN:57,(anonymous_4)
FN:58,(anonymous_5)
FN:61,(anonymous_6)
FN:67,(anonymous_7)
FN:121,(anonymous_8)
FN:207,(anonymous_9)
FN:234,(anonymous_10)
FN:266,(anonymous_11)
FNF:11
FNH:0
FNDA:0,ProjectSuggestionSkeleton
FNDA:0,ProjectSuggestions
FNDA:0,(anonymous_3)
FNDA:0,(anonymous_4)
FNDA:0,(anonymous_5)
FNDA:0,(anonymous_6)
FNDA:0,(anonymous_7)
FNDA:0,(anonymous_8)
FNDA:0,(anonymous_9)
FNDA:0,(anonymous_10)
FNDA:0,(anonymous_11)
DA:3,0
DA:4,0
DA:5,0
DA:7,0
DA:8,0
DA:9,0
DA:10,0
DA:11,0
DA:12,0
DA:13,0
DA:54,0
DA:55,0
DA:56,0
DA:57,0
DA:58,0
DA:59,0
DA:61,0
DA:62,0
DA:63,0
DA:67,0
DA:68,0
DA:69,0
DA:71,0
DA:72,0
DA:83,0
DA:84,0
DA:87,0
DA:88,0
DA:91,0
DA:97,0
DA:98,0
DA:99,0
DA:105,0
DA:109,0
DA:122,0
DA:129,0
DA:146,0
DA:171,0
DA:208,0
DA:235,0
DA:267,0
LF:41
LH:0
BRDA:62,0,0,0
BRDA:62,0,1,0
BRDA:62,1,0,0
BRDA:62,1,1,0
BRDA:83,2,0,0
BRDA:83,2,1,0
BRDA:97,3,0,0
BRDA:97,3,1,0
BRDA:109,4,0,0
BRDA:109,4,1,0
BRDA:129,5,0,0
BRDA:129,5,1,0
BRDA:146,6,0,0
BRDA:146,6,1,0
BRDA:146,7,0,0
BRDA:146,7,1,0
BRDA:161,8,0,0
BRDA:161,8,1,0
BRDA:171,9,0,0
BRDA:171,9,1,0
BRDA:171,10,0,0
BRDA:171,10,1,0
BRDA:259,11,0,0
BRDA:259,11,1,0
BRF:24
BRH:0
end_of_record
TN:
SF:components\resume-display.tsx
FN:11,ResumeDisplay
FN:12,(anonymous_2)
FN:96,(anonymous_3)
FN:116,(anonymous_4)
FN:143,(anonymous_5)
FNF:5
FNH:0
FNDA:0,ResumeDisplay
FNDA:0,(anonymous_2)
FNDA:0,(anonymous_3)
FNDA:0,(anonymous_4)
FNDA:0,(anonymous_5)
DA:3,0
DA:4,0
DA:6,0
DA:7,0
DA:8,0
DA:11,0
DA:12,0
DA:14,0
DA:25,0
DA:35,0
DA:97,0
DA:117,0
DA:144,0
LF:13
LH:0
BRDA:14,0,0,0
BRDA:14,0,1,0
BRDA:25,1,0,0
BRDA:25,1,1,0
BRDA:35,2,0,0
BRDA:35,2,1,0
BRDA:60,3,0,0
BRDA:66,4,0,0
BRDA:72,5,0,0
BRDA:85,6,0,0
BRDA:85,6,1,0
BRDA:107,7,0,0
BRDA:107,7,1,0
BRDA:125,8,0,0
BRDA:126,9,0,0
BRDA:134,10,0,0
BRDA:134,10,1,0
BRDA:149,11,0,0
BRDA:153,12,0,0
BRF:19
BRH:0
end_of_record
TN:
SF:components\resume-uploader.tsx
FN:15,ResumeUploader
FN:17,(anonymous_2)
FN:23,(anonymous_3)
FN:65,(anonymous_4)
FN:66,(anonymous_5)
FN:106,(anonymous_6)
FN:122,(anonymous_7)
FNF:7
FNH:0
FNDA:0,ResumeUploader
FNDA:0,(anonymous_2)
FNDA:0,(anonymous_3)
FNDA:0,(anonymous_4)
FNDA:0,(anonymous_5)
FNDA:0,(anonymous_6)
FNDA:0,(anonymous_7)
DA:3,0
DA:4,0
DA:5,0
DA:6,0
DA:8,0
DA:9,0
DA:10,0
DA:11,0
DA:12,0
DA:15,0
DA:16,0
DA:17,0
DA:18,0
DA:19,0
DA:20,0
DA:22,0
DA:24,0
DA:25,0
DA:28,0
DA:32,0
DA:33,0
DA:34,0
DA:35,0
DA:40,0
DA:44,0
DA:45,0
DA:46,0
DA:47,0
DA:52,0
DA:55,0
DA:56,0
DA:57,0
DA:58,0
DA:60,0
DA:61,0
DA:62,0
DA:65,0
DA:66,0
DA:67,0
DA:68,0
DA:69,0
DA:71,0
DA:75,0
DA:80,0
DA:81,0
DA:83,0
DA:84,0
DA:87,0
DA:88,0
DA:91,0
DA:97,0
DA:98,0
DA:99,0
DA:105,0
DA:106,0
DA:112,0
DA:122,0
DA:123,0
DA:124,0
LF:59
LH:0
BRDA:25,0,0,0
BRDA:25,0,1,0
BRDA:32,1,0,0
BRDA:32,1,1,0
BRDA:44,2,0,0
BRDA:44,2,1,0
BRDA:67,3,0,0
BRDA:67,3,1,0
BRDA:83,4,0,0
BRDA:83,4,1,0
BRDA:97,5,0,0
BRDA:97,5,1,0
BRDA:130,6,0,0
BRDA:133,7,0,0
BRDA:133,7,1,0
BRDA:136,8,0,0
BRDA:136,8,1,0
BRDA:140,9,0,0
BRDA:140,9,1,0
BRDA:141,10,0,0
BRDA:141,10,1,0
BRDA:145,11,0,0
BRDA:145,11,1,0
BRDA:164,12,0,0
BRDA:173,13,0,0
BRDA:189,14,0,0
BRDA:196,15,0,0
BRDA:196,15,1,0
BRDA:196,15,2,0
BRF:29
BRH:0
end_of_record
TN:
SF:components\scholar-display.tsx
FN:12,ScholarDisplay
FN:13,(anonymous_2)
FN:104,(anonymous_3)
FN:125,(anonymous_4)
FNF:4
FNH:0
FNDA:0,ScholarDisplay
FNDA:0,(anonymous_2)
FNDA:0,(anonymous_3)
FNDA:0,(anonymous_4)
DA:3,0
DA:4,0
DA:6,0
DA:7,0
DA:8,0
DA:9,0
DA:12,0
DA:13,0
DA:15,0
DA:26,0
DA:36,0
DA:105,0
DA:126,0
LF:13
LH:0
BRDA:15,0,0,0
BRDA:15,0,1,0
BRDA:26,1,0,0
BRDA:26,1,1,0
BRDA:36,2,0,0
BRDA:36,2,1,0
BRDA:49,3,0,0
BRDA:67,4,0,0
BRDA:68,5,0,0
BRDA:73,6,0,0
BRDA:73,6,1,0
BRDA:77,7,0,0
BRDA:77,7,1,0
BRDA:81,8,0,0
BRDA:81,8,1,0
BRDA:85,9,0,0
BRDA:85,9,1,0
BRDA:93,10,0,0
BRDA:93,10,1,0
BRDA:115,11,0,0
BRDA:115,11,1,0
BRDA:131,12,0,0
BRDA:137,13,0,0
BRDA:143,14,0,0
BRDA:151,15,0,0
BRDA:154,16,0,0
BRF:26
BRH:0
end_of_record
TN:
SF:components\scholar-profile-input.tsx
FN:16,ScholarProfileInput
FN:18,(anonymous_2)
FN:22,(anonymous_3)
FN:100,(anonymous_4)
FNF:4
FNH:0
FNDA:0,ScholarProfileInput
FNDA:0,(anonymous_2)
FNDA:0,(anonymous_3)
FNDA:0,(anonymous_4)
DA:3,0
DA:5,0
DA:6,0
DA:8,0
DA:9,0
DA:10,0
DA:11,0
DA:12,0
DA:13,0
DA:16,0
DA:17,0
DA:18,0
DA:19,0
DA:20,0
DA:22,0
DA:23,0
DA:25,0
DA:26,0
DA:27,0
DA:28,0
DA:33,0
DA:37,0
DA:38,0
DA:39,0
DA:40,0
DA:41,0
DA:46,0
DA:49,0
DA:50,0
DA:52,0
DA:53,0
DA:61,0
DA:62,0
DA:65,0
DA:66,0
DA:69,0
DA:75,0
DA:76,0
DA:77,0
DA:83,0
DA:100,0
LF:41
LH:0
BRDA:25,0,0,0
BRDA:25,0,1,0
BRDA:38,1,0,0
BRDA:38,1,1,0
BRDA:61,2,0,0
BRDA:61,2,1,0
BRDA:75,3,0,0
BRDA:75,3,1,0
BRDA:111,4,0,0
BRDA:111,4,1,0
BRDA:115,5,0,0
BRDA:128,6,0,0
BRDA:135,7,0,0
BRDA:135,7,1,0
BRDA:135,7,2,0
BRF:15
BRH:0
end_of_record
TN:
SF:components\theme-provider.tsx
FN:6,ThemeProvider
FNF:1
FNH:0
FNDA:0,ThemeProvider
DA:3,0
DA:4,0
DA:6,0
LF:3
LH:0
BRF:0
BRH:0
end_of_record
TN:
SF:components\ui\accordion.tsx
FNF:0
FNH:0
DA:3,0
DA:4,0
DA:5,0
DA:7,0
DA:9,0
DA:17,0
DA:37,0
DA:52,0
DA:54,0
LF:9
LH:0
BRF:0
BRH:0
end_of_record
TN:
SF:components\ui\alert-dialog.tsx
FNF:0
FNH:0
DA:3,0
DA:4,0
DA:6,0
DA:7,0
DA:9,0
DA:11,0
DA:13,0
DA:28,0
DA:46,0
DA:51,0
DA:56,0
DA:64,0
DA:72,0
DA:80,0
DA:92,0
DA:95,0
DA:96,0
DA:97,0
DA:98,0
DA:99,0
DA:100,0
DA:101,0
DA:102,0
DA:103,0
DA:104,0
DA:105,0
LF:26
LH:0
BRF:0
BRH:0
end_of_record
TN:
SF:components\ui\alert.tsx
FNF:0
FNH:0
DA:1,0
DA:2,0
DA:4,0
DA:6,0
DA:27,0
DA:36,0
DA:43,0
DA:45,0
LF:8
LH:0
BRF:0
BRH:0
end_of_record
TN:
SF:components\ui\aspect-ratio.tsx
FNF:0
FNH:0
DA:3,0
DA:5,0
DA:7,0
LF:3
LH:0
BRF:0
BRH:0
end_of_record
TN:
SF:components\ui\avatar.tsx
FNF:0
FNH:0
DA:3,0
DA:4,0
DA:6,0
DA:18,0
DA:26,0
DA:38,0
DA:40,0
LF:7
LH:0
BRF:0
BRH:0
end_of_record
TN:
SF:components\ui\badge.tsx
FN:25,Badge
FNF:1
FNH:0
FNDA:0,Badge
DA:1,0
DA:2,0
DA:4,0
DA:6,0
DA:29,0
LF:5
LH:0
BRF:0
BRH:0
end_of_record
TN:
SF:components\ui\breadcrumb.tsx
FN:41,(anonymous_14)
FNF:1
FNH:0
FNDA:0,(anonymous_14)
DA:1,0
DA:2,0
DA:3,0
DA:5,0
DA:13,0
DA:27,0
DA:34,0
DA:36,0
DA:42,0
DA:46,0
DA:60,0
DA:67,0
DA:80,0
DA:83,0
DA:84,0
DA:85,0
DA:86,0
DA:87,0
DA:88,0
DA:89,0
LF:20
LH:0
BRDA:42,0,0,0
BRDA:42,0,1,0
BRDA:64,1,0,0
BRDA:64,1,1,0
BRF:4
BRH:0
end_of_record
TN:
SF:components\ui\button.tsx
FN:40,(anonymous_6)
FNF:1
FNH:0
FNDA:0,(anonymous_6)
DA:1,0
DA:2,0
DA:3,0
DA:5,0
DA:7,0
DA:39,0
DA:41,0
DA:45,0
DA:47,0
LF:9
LH:0
BRDA:40,0,0,0
BRDA:41,1,0,0
BRDA:41,1,1,0
BRF:3
BRH:0
end_of_record
TN:
SF:components\ui\calendar.tsx
FN:10,Calendar
FN:35,(anonymous_7)
FN:99,(anonymous_8)
FN:102,(anonymous_9)
FN:114,(anonymous_10)
FN:128,CalendarDayButton
FN:132,(anonymous_12)
FNF:7
FNH:0
FNDA:0,Calendar
FNDA:0,(anonymous_7)
FNDA:0,(anonymous_8)
FNDA:0,(anonymous_9)
FNDA:0,(anonymous_10)
FNDA:0,CalendarDayButton
FNDA:0,(anonymous_12)
DA:3,0
DA:4,0
DA:5,0
DA:7,0
DA:8,0
DA:22,0
DA:35,0
DA:103,0
DA:107,0
DA:129,0
DA:131,0
DA:132,0
DA:133,0
DA:158,0
LF:14
LH:0
BRDA:13,0,0,0
BRDA:14,1,0,0
BRDA:15,2,0,0
BRDA:68,3,0,0
BRDA:68,3,1,0
BRDA:103,4,0,0
BRDA:103,4,1,0
BRDA:107,5,0,0
BRDA:107,5,1,0
BRDA:133,6,0,0
BRDA:133,6,1,0
BRDA:143,7,0,0
BRDA:143,7,1,0
BRDA:143,7,2,0
BRDA:143,7,3,0
BRF:15
BRH:0
end_of_record
TN:
SF:components\ui\card.tsx
FNF:0
FNH:0
DA:1,0
DA:3,0
DA:8,0
DA:15,0
DA:22,0
DA:29,0
DA:34,0
DA:39,0
DA:41,0
LF:9
LH:0
BRF:0
BRH:0
end_of_record
TN:
SF:components\ui\carousel.tsx
FN:33,useCarousel
FN:44,(anonymous_11)
FN:55,(anonymous_12)
FN:64,(anonymous_13)
FN:68,(anonymous_14)
FN:73,(anonymous_15)
FN:85,(anonymous_16)
FN:93,(anonymous_17)
FN:102,(anonymous_18)
FN:137,(anonymous_19)
FN:154,(anonymous_20)
FN:171,(anonymous_21)
FN:199,(anonymous_22)
FNF:13
FNH:0
FNDA:0,useCarousel
FNDA:0,(anonymous_11)
FNDA:0,(anonymous_12)
FNDA:0,(anonymous_13)
FNDA:0,(anonymous_14)
FNDA:0,(anonymous_15)
FNDA:0,(anonymous_16)
FNDA:0,(anonymous_17)
FNDA:0,(anonymous_18)
FNDA:0,(anonymous_19)
FNDA:0,(anonymous_20)
FNDA:0,(anonymous_21)
FNDA:0,(anonymous_22)
DA:3,0
DA:4,0
DA:5,0
DA:7,0
DA:8,0
DA:31,0
DA:34,0
DA:36,0
DA:37,0
DA:40,0
DA:43,0
DA:45,0
DA:52,0
DA:53,0
DA:55,0
DA:56,0
DA:57,0
DA:60,0
DA:61,0
DA:64,0
DA:65,0
DA:68,0
DA:69,0
DA:72,0
DA:74,0
DA:75,0
DA:76,0
DA:77,0
DA:78,0
DA:79,0
DA:85,0
DA:86,0
DA:87,0
DA:90,0
DA:93,0
DA:94,0
DA:95,0
DA:98,0
DA:99,0
DA:100,0
DA:102,0
DA:103,0
DA:134,0
DA:136,0
DA:138,0
DA:151,0
DA:153,0
DA:155,0
DA:168,0
DA:170,0
DA:172,0
DA:196,0
DA:198,0
DA:200,0
DA:224,0
DA:226,0
LF:56
LH:0
BRDA:36,0,0,0
BRDA:36,0,1,0
BRDA:44,1,0,0
BRDA:48,2,0,0
BRDA:48,2,1,0
BRDA:56,3,0,0
BRDA:56,3,1,0
BRDA:74,4,0,0
BRDA:74,4,1,0
BRDA:77,5,0,0
BRDA:77,5,1,0
BRDA:86,6,0,0
BRDA:86,6,1,0
BRDA:86,7,0,0
BRDA:86,7,1,0
BRDA:94,8,0,0
BRDA:94,8,1,0
BRDA:113,9,0,0
BRDA:113,9,1,0
BRDA:113,10,0,0
BRDA:113,10,1,0
BRDA:144,11,0,0
BRDA:144,11,1,0
BRDA:162,12,0,0
BRDA:162,12,1,0
BRDA:171,13,0,0
BRDA:171,14,0,0
BRDA:181,15,0,0
BRDA:181,15,1,0
BRDA:199,16,0,0
BRDA:199,17,0,0
BRDA:209,18,0,0
BRDA:209,18,1,0
BRF:33
BRH:0
end_of_record
TN:
SF:components\ui\chart.tsx
FN:24,useChart
FN:40,(anonymous_11)
FN:63,(anonymous_12)
FN:64,(anonymous_13)
FN:75,(anonymous_14)
FN:78,(anonymous_15)
FN:105,(anonymous_16)
FN:125,(anonymous_17)
FN:165,(anonymous_18)
FN:239,(anonymous_19)
FN:251,(anonymous_20)
FN:280,getPayloadConfigFromPayload
FNF:12
FNH:0
FNDA:0,useChart
FNDA:0,(anonymous_11)
FNDA:0,(anonymous_12)
FNDA:0,(anonymous_13)
FNDA:0,(anonymous_14)
FNDA:0,(anonymous_15)
FNDA:0,(anonymous_16)
FNDA:0,(anonymous_17)
FNDA:0,(anonymous_18)
FNDA:0,(anonymous_19)
FNDA:0,(anonymous_20)
FNDA:0,getPayloadConfigFromPayload
DA:3,0
DA:4,0
DA:6,0
DA:9,0
DA:22,0
DA:25,0
DA:27,0
DA:28,0
DA:31,0
DA:34,0
DA:41,0
DA:42,0
DA:61,0
DA:63,0
DA:64,0
DA:66,0
DA:67,0
DA:75,0
DA:79,0
DA:80,0
DA:92,0
DA:94,0
DA:123,0
DA:125,0
DA:126,0
DA:127,0
DA:130,0
DA:131,0
DA:132,0
DA:134,0
DA:138,0
DA:142,0
DA:143,0
DA:149,0
DA:150,0
DA:153,0
DA:166,0
DA:167,0
DA:168,0
DA:170,0
DA:228,0
DA:230,0
DA:232,0
DA:240,0
DA:242,0
DA:243,0
DA:252,0
DA:253,0
DA:255,0
DA:277,0
DA:281,0
DA:282,0
DA:286,0
DA:290,0
DA:292,0
DA:293,0
DA:294,0
DA:299,0
DA:302,0
DA:305,0
LF:60
LH:0
BRDA:27,0,0,0
BRDA:27,0,1,0
BRDA:42,1,0,0
BRDA:42,1,1,0
BRDA:64,2,0,0
BRDA:64,2,1,0
BRDA:66,3,0,0
BRDA:66,3,1,0
BRDA:79,4,0,0
BRDA:79,4,1,0
BRDA:80,5,0,0
BRDA:80,5,1,0
BRDA:110,6,0,0
BRDA:111,7,0,0
BRDA:112,8,0,0
BRDA:126,9,0,0
BRDA:126,9,1,0
BRDA:126,10,0,0
BRDA:126,10,1,0
BRDA:131,11,0,0
BRDA:131,11,1,0
BRDA:131,11,2,0
BRDA:131,11,3,0
BRDA:134,12,0,0
BRDA:134,12,1,0
BRDA:134,13,0,0
BRDA:134,13,1,0
BRDA:135,14,0,0
BRDA:135,14,1,0
BRDA:138,15,0,0
BRDA:138,15,1,0
BRDA:142,16,0,0
BRDA:142,16,1,0
BRDA:149,17,0,0
BRDA:149,17,1,0
BRDA:149,18,0,0
BRDA:149,18,1,0
BRDA:153,19,0,0
BRDA:153,19,1,0
BRDA:163,20,0,0
BRDA:163,20,1,0
BRDA:166,21,0,0
BRDA:166,21,1,0
BRDA:166,21,2,0
BRDA:166,21,3,0
BRDA:168,22,0,0
BRDA:168,22,1,0
BRDA:168,22,2,0
BRDA:175,23,0,0
BRDA:175,23,1,0
BRDA:179,24,0,0
BRDA:178,25,0,0
BRDA:178,25,1,0
BRDA:178,25,2,0
BRDA:183,26,0,0
BRDA:185,27,0,0
BRDA:191,28,0,0
BRDA:191,28,1,0
BRDA:205,29,0,0
BRDA:205,29,1,0
BRDA:209,30,0,0
BRDA:209,30,1,0
BRDA:210,31,0,0
BRDA:210,31,1,0
BRDA:212,32,0,0
BRDA:239,33,0,0
BRDA:239,34,0,0
BRDA:242,35,0,0
BRDA:242,35,1,0
BRDA:249,36,0,0
BRDA:249,36,1,0
BRDA:252,37,0,0
BRDA:252,37,1,0
BRDA:252,37,2,0
BRDA:261,38,0,0
BRDA:260,39,0,0
BRDA:260,39,1,0
BRDA:281,40,0,0
BRDA:281,40,1,0
BRDA:281,41,0,0
BRDA:281,41,1,0
BRDA:286,42,0,0
BRDA:286,42,1,0
BRDA:286,43,0,0
BRDA:286,43,1,0
BRDA:286,43,2,0
BRDA:292,44,0,0
BRDA:292,44,1,0
BRDA:292,45,0,0
BRDA:292,45,1,0
BRDA:294,46,0,0
BRDA:294,46,1,0
BRDA:295,47,0,0
BRDA:295,47,1,0
BRDA:295,47,2,0
BRDA:302,48,0,0
BRDA:302,48,1,0
BRF:97
BRH:0
end_of_record
TN:
SF:components\ui\checkbox.tsx
FNF:0
FNH:0
DA:3,0
DA:4,0
DA:5,0
DA:7,0
DA:26,0
DA:28,0
LF:6
LH:0
BRF:0
BRH:0
end_of_record
TN:
SF:components\ui\collapsible.tsx
FNF:0
FNH:0
DA:3,0
DA:5,0
DA:7,0
DA:9,0
DA:11,0
LF:5
LH:0
BRF:0
BRH:0
end_of_record
TN:
SF:components\ui\command.tsx
FN:26,(anonymous_14)
FN:117,(anonymous_21)
FNF:2
FNH:0
FNDA:0,(anonymous_14)
FNDA:0,(anonymous_21)
DA:4,0
DA:5,0
DA:6,0
DA:8,0
DA:9,0
DA:24,0
DA:26,0
DA:55,0
DA:68,0
DA:75,0
DA:91,0
DA:99,0
DA:115,0
DA:117,0
DA:120,0
DA:123,0
DA:124,0
DA:125,0
DA:126,0
DA:127,0
DA:128,0
DA:129,0
DA:130,0
DA:131,0
LF:24
LH:0
BRF:0
BRH:0
end_of_record
TN:
SF:components\ui\context-menu.tsx
FN:159,(anonymous_27)
FNF:1
FNH:0
FNDA:0,(anonymous_27)
DA:3,0
DA:4,0
DA:5,0
DA:7,0
DA:9,0
DA:11,0
DA:13,0
DA:15,0
DA:17,0
DA:19,0
DA:40,0
DA:55,0
DA:72,0
DA:90,0
DA:113,0
DA:135,0
DA:149,0
DA:157,0
DA:159,0
DA:162,0
DA:165,0
DA:166,0
DA:167,0
DA:168,0
DA:169,0
DA:170,0
DA:171,0
DA:172,0
DA:173,0
DA:174,0
DA:175,0
DA:176,0
DA:177,0
DA:178,0
DA:179,0
LF:35
LH:0
BRDA:31,0,0,0
BRDA:31,0,1,0
BRDA:84,1,0,0
BRDA:84,1,1,0
BRDA:145,2,0,0
BRDA:145,2,1,0
BRF:6
BRH:0
end_of_record
TN:
SF:components\ui\dialog.tsx
FNF:0
FNH:0
DA:3,0
DA:4,0
DA:5,0
DA:7,0
DA:9,0
DA:11,0
DA:13,0
DA:15,0
DA:30,0
DA:54,0
DA:59,0
DA:64,0
DA:76,0
DA:84,0
DA:87,0
DA:88,0
DA:89,0
DA:90,0
DA:91,0
DA:92,0
DA:93,0
DA:94,0
DA:95,0
DA:96,0
LF:24
LH:0
BRF:0
BRH:0
end_of_record
TN:
SF:components\ui\drawer.tsx
FNF:0
FNH:0
DA:3,0
DA:4,0
DA:6,0
DA:11,0
DA:13,0
DA:15,0
DA:17,0
DA:25,0
DA:46,0
DA:51,0
DA:56,0
DA:68,0
DA:76,0
DA:79,0
DA:80,0
DA:81,0
DA:82,0
DA:83,0
DA:84,0
DA:85,0
DA:86,0
DA:87,0
DA:88,0
LF:23
LH:0
BRDA:8,0,0,0
BRF:1
BRH:0
end_of_record
TN:
SF:components\ui\dropdown-menu.tsx
FN:160,(anonymous_27)
FNF:1
FNH:0
FNDA:0,(anonymous_27)
DA:3,0
DA:4,0
DA:5,0
DA:7,0
DA:9,0
DA:11,0
DA:13,0
DA:15,0
DA:17,0
DA:19,0
DA:40,0
DA:55,0
DA:73,0
DA:91,0
DA:114,0
DA:136,0
DA:150,0
DA:158,0
DA:160,0
DA:163,0
DA:166,0
DA:167,0
DA:168,0
DA:169,0
DA:170,0
DA:171,0
DA:172,0
DA:173,0
DA:174,0
DA:175,0
DA:176,0
DA:177,0
DA:178,0
DA:179,0
DA:180,0
LF:35
LH:0
BRDA:31,0,0,0
BRDA:31,0,1,0
BRDA:60,1,0,0
BRDA:85,2,0,0
BRDA:85,2,1,0
BRDA:146,3,0,0
BRDA:146,3,1,0
BRF:7
BRH:0
end_of_record
TN:
SF:components\ui\form.tsx
FN:22,(anonymous_12)
FN:35,(anonymous_13)
FN:65,(anonymous_14)
FN:80,(anonymous_15)
FN:88,(anonymous_16)
FN:105,(anonymous_17)
FN:114,(anonymous_18)
FNF:7
FNH:0
FNDA:0,(anonymous_12)
FNDA:0,(anonymous_13)
FNDA:0,(anonymous_14)
FNDA:0,(anonymous_15)
FNDA:0,(anonymous_16)
FNDA:0,(anonymous_17)
FNDA:0,(anonymous_18)
DA:4,0
DA:5,0
DA:6,0
DA:8,0
DA:9,0
DA:11,0
DA:20,0
DA:22,0
DA:35,0
DA:36,0
DA:37,0
DA:38,0
DA:40,0
DA:42,0
DA:43,0
DA:46,0
DA:48,0
DA:62,0
DA:64,0
DA:66,0
DA:75,0
DA:77,0
DA:81,0
DA:85,0
DA:87,0
DA:89,0
DA:102,0
DA:104,0
DA:106,0
DA:111,0
DA:113,0
DA:115,0
DA:116,0
DA:118,0
DA:119,0
DA:129,0
DA:131,0
LF:37
LH:0
BRDA:42,0,0,0
BRDA:42,0,1,0
BRDA:83,1,0,0
BRDA:83,1,1,0
BRDA:95,2,0,0
BRDA:95,2,1,0
BRDA:116,3,0,0
BRDA:116,3,1,0
BRDA:118,4,0,0
BRDA:118,4,1,0
BRF:10
BRH:0
end_of_record
TN:
SF:components\ui\hover-card.tsx
FNF:0
FNH:0
DA:3,0
DA:4,0
DA:6,0
DA:8,0
DA:10,0
DA:27,0
DA:29,0
LF:7
LH:0
BRDA:15,0,0,0
BRDA:15,1,0,0
BRF:2
BRH:0
end_of_record
TN:
SF:components\ui\input-otp.tsx
FN:29,(anonymous_10)
FNF:1
FNH:0
FNDA:0,(anonymous_10)
DA:3,0
DA:4,0
DA:5,0
DA:7,0
DA:19,0
DA:24,0
DA:26,0
DA:30,0
DA:31,0
DA:52,0
DA:61,0
DA:63,0
LF:12
LH:0
BRDA:38,0,0,0
BRDA:38,0,1,0
BRDA:44,1,0,0
BRF:3
BRH:0
end_of_record
TN:
SF:components\ui\input.tsx
FN:6,(anonymous_4)
FNF:1
FNH:0
FNDA:0,(anonymous_4)
DA:1,0
DA:3,0
DA:5,0
DA:20,0
DA:22,0
LF:5
LH:0
BRF:0
BRH:0
end_of_record
TN:
SF:components\ui\label.tsx
FNF:0
FNH:0
DA:3,0
DA:4,0
DA:5,0
DA:7,0
DA:9,0
DA:17,0
DA:19,0
LF:7
LH:0
BRF:0
BRH:0
end_of_record
TN:
SF:components\ui\menubar.tsx
FN:187,(anonymous_30)
FNF:1
FNH:0
FNDA:0,(anonymous_30)
DA:3,0
DA:4,0
DA:5,0
DA:7,0
DA:9,0
DA:11,0
DA:13,0
DA:15,0
DA:17,0
DA:29,0
DA:44,0
DA:65,0
DA:80,0
DA:100,0
DA:118,0
DA:141,0
DA:163,0
DA:177,0
DA:185,0
DA:187,0
DA:190,0
DA:193,0
DA:194,0
DA:195,0
DA:196,0
DA:197,0
DA:198,0
DA:199,0
DA:200,0
DA:201,0
DA:202,0
DA:203,0
DA:204,0
DA:205,0
DA:206,0
DA:207,0
DA:208,0
LF:37
LH:0
BRDA:56,0,0,0
BRDA:56,0,1,0
BRDA:85,1,0,0
BRDA:85,2,0,0
BRDA:85,3,0,0
BRDA:112,4,0,0
BRDA:112,4,1,0
BRDA:173,5,0,0
BRDA:173,5,1,0
BRF:9
BRH:0
end_of_record
TN:
SF:components\ui\navigation-menu.tsx
FNF:0
FNH:0
DA:1,0
DA:2,0
DA:3,0
DA:4,0
DA:6,0
DA:21,0
DA:33,0
DA:35,0
DA:37,0
DA:57,0
DA:72,0
DA:74,0
DA:91,0
DA:108,0
DA:111,0
DA:112,0
DA:113,0
DA:114,0
DA:115,0
DA:116,0
DA:117,0
DA:118,0
DA:119,0
LF:23
LH:0
BRF:0
BRH:0
end_of_record
TN:
SF:components\ui\pagination.tsx
FNF:0
FNH:0
DA:1,0
DA:2,0
DA:4,0
DA:5,0
DA:15,0
DA:22,0
DA:27,0
DA:49,0
DA:57,0
DA:65,0
DA:73,0
DA:76,0
DA:77,0
DA:78,0
DA:79,0
DA:80,0
DA:81,0
DA:82,0
LF:18
LH:0
BRDA:34,0,0,0
BRDA:36,1,0,0
BRDA:36,1,1,0
BRDA:39,2,0,0
BRDA:39,2,1,0
BRF:5
BRH:0
end_of_record
TN:
SF:components\ui\popover.tsx
FNF:0
FNH:0
DA:3,0
DA:4,0
DA:6,0
DA:8,0
DA:10,0
DA:29,0
DA:31,0
LF:7
LH:0
BRDA:15,0,0,0
BRDA:15,1,0,0
BRF:2
BRH:0
end_of_record
TN:
SF:components\ui\progress.tsx
FNF:0
FNH:0
DA:3,0
DA:4,0
DA:6,0
DA:23,0
DA:25,0
LF:5
LH:0
BRDA:19,0,0,0
BRDA:19,0,1,0
BRF:2
BRH:0
end_of_record
TN:
SF:components\ui\radio-group.tsx
FN:12,(anonymous_6)
FN:20,(anonymous_7)
FNF:2
FNH:0
FNDA:0,(anonymous_6)
FNDA:0,(anonymous_7)
DA:3,0
DA:4,0
DA:5,0
DA:7,0
DA:9,0
DA:15,0
DA:17,0
DA:36,0
DA:38,0
LF:9
LH:0
BRF:0
BRH:0
end_of_record
TN:
SF:components\ui\resizable.tsx
FNF:0
FNH:0
DA:3,0
DA:4,0
DA:5,0
DA:7,0
DA:16,0
DA:40,0
LF:6
LH:0
BRDA:32,0,0,0
BRF:1
BRH:0
end_of_record
TN:
SF:components\ui\scroll-area.tsx
FNF:0
FNH:0
DA:3,0
DA:4,0
DA:6,0
DA:18,0
DA:38,0
DA:40,0
LF:6
LH:0
BRDA:23,0,0,0
BRDA:29,1,0,0
BRDA:29,1,1,0
BRDA:30,2,0,0
BRDA:30,2,1,0
BRF:5
BRH:0
end_of_record
TN:
SF:components\ui\select.tsx
FNF:0
FNH:0
DA:3,0
DA:4,0
DA:5,0
DA:7,0
DA:9,0
DA:11,0
DA:13,0
DA:33,0
DA:47,0
DA:61,0
DA:93,0
DA:101,0
DA:124,0
DA:132,0
DA:135,0
DA:136,0
DA:137,0
DA:138,0
DA:139,0
DA:140,0
DA:141,0
DA:142,0
DA:143,0
DA:144,0
LF:24
LH:0
BRDA:66,0,0,0
BRDA:72,1,0,0
BRDA:72,1,1,0
BRDA:83,2,0,0
BRDA:83,2,1,0
BRF:5
BRH:0
end_of_record
TN:
SF:components\ui\separator.tsx
FNF:0
FNH:0
DA:3,0
DA:4,0
DA:6,0
DA:20,0
DA:22,0
LF:5
LH:0
BRDA:11,0,0,0
BRDA:11,1,0,0
BRDA:16,2,0,0
BRDA:16,2,1,0
BRF:4
BRH:0
end_of_record
TN:
SF:components\ui\sheet.tsx
FNF:0
FNH:0
DA:3,0
DA:4,0
DA:5,0
DA:6,0
DA:8,0
DA:10,0
DA:12,0
DA:14,0
DA:16,0
DA:31,0
DA:33,0
DA:70,0
DA:75,0
DA:80,0
DA:88,0
DA:96,0
DA:99,0
DA:100,0
DA:101,0
DA:102,0
DA:103,0
DA:104,0
DA:105,0
DA:106,0
DA:107,0
DA:108,0
LF:26
LH:0
BRDA:57,0,0,0
BRF:1
BRH:0
end_of_record
TN:
SF:components\ui\sidebar.tsx
FN:36,useSidebar
FN:52,(anonymous_29)
FN:61,(anonymous_30)
FN:76,(anonymous_31)
FN:77,(anonymous_32)
FN:77,(anonymous_33)
FN:81,(anonymous_34)
FN:82,(anonymous_35)
FN:90,(anonymous_36)
FN:98,(anonymous_37)
FN:140,(anonymous_38)
FN:222,(anonymous_39)
FN:232,(anonymous_40)
FN:247,(anonymous_41)
FN:274,(anonymous_42)
FN:290,(anonymous_43)
FN:306,(anonymous_44)
FN:311,(anonymous_45)
FN:317,(anonymous_46)
FN:330,(anonymous_47)
FN:345,(anonymous_48)
FN:358,(anonymous_49)
FN:378,(anonymous_50)
FN:445,(anonymous_54)
FN:485,(anonymous_55)
FN:535,(anonymous_57)
FN:537,(anonymous_58)
FN:591,(anonymous_61)
FNF:28
FNH:0
FNDA:0,useSidebar
FNDA:0,(anonymous_29)
FNDA:0,(anonymous_30)
FNDA:0,(anonymous_31)
FNDA:0,(anonymous_32)
FNDA:0,(anonymous_33)
FNDA:0,(anonymous_34)
FNDA:0,(anonymous_35)
FNDA:0,(anonymous_36)
FNDA:0,(anonymous_37)
FNDA:0,(anonymous_38)
FNDA:0,(anonymous_39)
FNDA:0,(anonymous_40)
FNDA:0,(anonymous_41)
FNDA:0,(anonymous_42)
FNDA:0,(anonymous_43)
FNDA:0,(anonymous_44)
FNDA:0,(anonymous_45)
FNDA:0,(anonymous_46)
FNDA:0,(anonymous_47)
FNDA:0,(anonymous_48)
FNDA:0,(anonymous_49)
FNDA:0,(anonymous_50)
FNDA:0,(anonymous_54)
FNDA:0,(anonymous_55)
FNDA:0,(anonymous_57)
FNDA:0,(anonymous_58)
FNDA:0,(anonymous_61)
DA:3,0
DA:4,0
DA:5,0
DA:6,0
DA:8,0
DA:9,0
DA:10,0
DA:11,0
DA:12,0
DA:13,0
DA:14,0
DA:15,0
DA:17,0
DA:18,0
DA:19,0
DA:20,0
DA:21,0
DA:22,0
DA:34,0
DA:37,0
DA:38,0
DA:39,0
DA:42,0
DA:45,0
DA:53,0
DA:54,0
DA:58,0
DA:59,0
DA:60,0
DA:62,0
DA:63,0
DA:64,0
DA:66,0
DA:70,0
DA:76,0
DA:77,0
DA:81,0
DA:82,0
DA:83,0
DA:84,0
DA:85,0
DA:89,0
DA:90,0
DA:95,0
DA:97,0
DA:98,0
DA:131,0
DA:133,0
DA:141,0
DA:143,0
DA:155,0
DA:219,0
DA:221,0
DA:223,0
DA:233,0
DA:234,0
DA:244,0
DA:246,0
DA:248,0
DA:272,0
DA:274,0
DA:287,0
DA:289,0
DA:304,0
DA:306,0
DA:309,0
DA:311,0
DA:314,0
DA:316,0
DA:328,0
DA:330,0
DA:343,0
DA:345,0
DA:355,0
DA:357,0
DA:359,0
DA:375,0
DA:377,0
DA:379,0
DA:397,0
DA:404,0
DA:409,0
DA:414,0
DA:416,0
DA:438,0
DA:446,0
DA:447,0
DA:460,0
DA:461,0
DA:464,0
DA:465,0
DA:477,0
DA:479,0
DA:486,0
DA:508,0
DA:528,0
DA:530,0
DA:537,0
DA:538,0
DA:561,0
DA:577,0
DA:582,0
DA:584,0
DA:592,0
DA:612,0
DA:615,0
DA:616,0
DA:617,0
DA:618,0
DA:619,0
DA:620,0
DA:621,0
DA:622,0
DA:623,0
DA:624,0
DA:625,0
DA:626,0
DA:627,0
DA:628,0
DA:629,0
DA:630,0
DA:631,0
DA:632,0
DA:633,0
DA:634,0
DA:635,0
DA:636,0
DA:637,0
DA:638,0
LF:129
LH:0
BRDA:38,0,0,0
BRDA:38,0,1,0
BRDA:52,1,0,0
BRDA:59,2,0,0
BRDA:59,2,1,0
BRDA:62,3,0,0
BRDA:62,3,1,0
BRDA:63,4,0,0
BRDA:63,4,1,0
BRDA:77,5,0,0
BRDA:77,5,1,0
BRDA:83,6,0,0
BRDA:83,6,1,0
BRDA:83,7,0,0
BRDA:83,7,1,0
BRDA:83,7,2,0
BRDA:95,8,0,0
BRDA:95,8,1,0
BRDA:140,9,0,0
BRDA:140,10,0,0
BRDA:140,11,0,0
BRDA:143,12,0,0
BRDA:143,12,1,0
BRDA:155,13,0,0
BRDA:155,13,1,0
BRDA:180,14,0,0
BRDA:180,14,1,0
BRDA:190,15,0,0
BRDA:190,15,1,0
BRDA:190,16,0,0
BRDA:190,16,1,0
BRDA:198,17,0,0
BRDA:198,17,1,0
BRDA:202,18,0,0
BRDA:202,18,1,0
BRDA:202,19,0,0
BRDA:202,19,1,0
BRDA:358,20,0,0
BRDA:359,21,0,0
BRDA:359,21,1,0
BRDA:378,22,0,0
BRDA:379,23,0,0
BRDA:379,23,1,0
BRDA:445,24,0,0
BRDA:445,25,0,0
BRDA:445,26,0,0
BRDA:445,27,0,0
BRDA:446,28,0,0
BRDA:446,28,1,0
BRDA:460,29,0,0
BRDA:460,29,1,0
BRDA:464,30,0,0
BRDA:464,30,1,0
BRDA:473,31,0,0
BRDA:473,31,1,0
BRDA:485,32,0,0
BRDA:485,33,0,0
BRDA:486,34,0,0
BRDA:486,34,1,0
BRDA:500,35,0,0
BRDA:500,35,1,0
BRDA:535,36,0,0
BRDA:548,37,0,0
BRDA:591,38,0,0
BRDA:591,39,0,0
BRDA:592,40,0,0
BRDA:592,40,1,0
BRDA:603,41,0,0
BRDA:603,41,1,0
BRDA:604,42,0,0
BRDA:604,42,1,0
BRF:71
BRH:0
end_of_record
TN:
SF:components\ui\skeleton.tsx
FN:5,Skeleton
FNF:1
FNH:0
FNDA:0,Skeleton
DA:3,0
DA:9,0
LF:2
LH:0
BRF:0
BRH:0
end_of_record
TN:
SF:components\ui\slider.tsx
FNF:0
FNH:0
DA:3,0
DA:4,0
DA:6,0
DA:23,0
DA:25,0
LF:5
LH:0
BRF:0
BRH:0
end_of_record
TN:
SF:components\ui\sonner.tsx
FN:9,(anonymous_2)
FNF:1
FNH:0
FNDA:0,(anonymous_2)
DA:3,0
DA:4,0
DA:5,0
DA:9,0
DA:10,0
DA:30,0
LF:6
LH:0
BRDA:10,0,0,0
BRF:1
BRH:0
end_of_record
TN:
SF:components\ui\switch.tsx
FNF:0
FNH:0
DA:3,0
DA:4,0
DA:6,0
DA:27,0
DA:29,0
LF:5
LH:0
BRF:0
BRH:0
end_of_record
TN:
SF:components\ui\table.tsx
FNF:0
FNH:0
DA:1,0
DA:3,0
DA:12,0
DA:17,0
DA:24,0
DA:31,0
DA:42,0
DA:56,0
DA:63,0
DA:70,0
DA:72,0
LF:11
LH:0
BRF:0
BRH:0
end_of_record
TN:
SF:components\ui\tabs.tsx
FNF:0
FNH:0
DA:3,0
DA:4,0
DA:6,0
DA:8,0
DA:23,0
DA:38,0
DA:53,0
DA:55,0
LF:8
LH:0
BRF:0
BRH:0
end_of_record
TN:
SF:components\ui\textarea.tsx
FN:6,(anonymous_4)
FNF:1
FNH:0
FNDA:0,(anonymous_4)
DA:1,0
DA:3,0
DA:5,0
DA:19,0
DA:21,0
LF:5
LH:0
BRF:0
BRH:0
end_of_record
TN:
SF:components\ui\toast.tsx
FN:46,(anonymous_12)
FNF:1
FNH:0
FNDA:0,(anonymous_12)
DA:3,0
DA:4,0
DA:5,0
DA:6,0
DA:8,0
DA:10,0
DA:25,0
DA:27,0
DA:43,0
DA:49,0
DA:64,0
DA:82,0
DA:90,0
DA:98,0
DA:107,0
DA:108,0
DA:109,0
DA:110,0
DA:111,0
DA:112,0
DA:113,0
LF:21
LH:0
BRF:0
BRH:0
end_of_record
TN:
SF:components\ui\toaster.tsx
FN:6,Toaster
FN:11,(anonymous_2)
FNF:2
FNH:0
FNDA:0,Toaster
FNDA:0,(anonymous_2)
DA:3,0
DA:4,0
DA:6,0
DA:7,0
DA:12,0
LF:5
LH:0
BRDA:14,0,0,0
BRDA:15,1,0,0
BRF:2
BRH:0
end_of_record
TN:
SF:components\ui\toggle-group.tsx
FN:29,(anonymous_7)
FNF:1
FNH:0
FNDA:0,(anonymous_7)
DA:3,0
DA:5,0
DA:7,0
DA:8,0
DA:10,0
DA:24,0
DA:26,0
DA:30,0
DA:49,0
DA:51,0
LF:10
LH:0
BRDA:37,0,0,0
BRDA:37,0,1,0
BRDA:38,1,0,0
BRDA:38,1,1,0
BRF:4
BRH:0
end_of_record
TN:
SF:components\ui\toggle.tsx
FNF:0
FNH:0
DA:3,0
DA:4,0
DA:5,0
DA:7,0
DA:9,0
DA:37,0
DA:39,0
LF:7
LH:0
BRF:0
BRH:0
end_of_record
TN:
SF:components\ui\tooltip.tsx
FNF:0
FNH:0
DA:3,0
DA:4,0
DA:6,0
DA:8,0
DA:10,0
DA:12,0
DA:28,0
DA:30,0
LF:8
LH:0
BRDA:17,0,0,0
BRF:1
BRH:0
end_of_record
TN:
SF:components\ui\use-mobile.tsx
FN:5,useIsMobile
FN:8,(anonymous_5)
FN:10,(anonymous_6)
FN:15,(anonymous_7)
FNF:4
FNH:0
FNDA:0,useIsMobile
FNDA:0,(anonymous_5)
FNDA:0,(anonymous_6)
FNDA:0,(anonymous_7)
DA:1,0
DA:3,0
DA:5,0
DA:6,0
DA:8,0
DA:9,0
DA:10,0
DA:11,0
DA:13,0
DA:14,0
DA:15,0
DA:18,0
LF:12
LH:0
BRF:0
BRH:0
end_of_record
TN:
SF:components\ui\use-toast.ts
FN:27,genId
FN:58,(anonymous_8)
FN:63,(anonymous_9)
FN:74,(anonymous_10)
FN:85,(anonymous_11)
FN:96,(anonymous_12)
FN:103,(anonymous_13)
FN:122,(anonymous_14)
FN:131,dispatch
FN:133,(anonymous_16)
FN:140,toast
FN:143,(anonymous_18)
FN:148,(anonymous_19)
FN:156,(anonymous_20)
FN:169,useToast
FN:172,(anonymous_22)
FN:174,(anonymous_23)
FN:185,(anonymous_24)
FNF:18
FNH:0
FNDA:0,genId
FNDA:0,(anonymous_8)
FNDA:0,(anonymous_9)
FNDA:0,(anonymous_10)
FNDA:0,(anonymous_11)
FNDA:0,(anonymous_12)
FNDA:0,(anonymous_13)
FNDA:0,(anonymous_14)
FNDA:0,dispatch
FNDA:0,(anonymous_16)
FNDA:0,toast
FNDA:0,(anonymous_18)
FNDA:0,(anonymous_19)
FNDA:0,(anonymous_20)
FNDA:0,useToast
FNDA:0,(anonymous_22)
FNDA:0,(anonymous_23)
FNDA:0,(anonymous_24)
DA:4,0
DA:8,0
DA:9,0
DA:18,0
DA:25,0
DA:28,0
DA:29,0
DA:56,0
DA:58,0
DA:59,0
DA:60,0
DA:63,0
DA:64,0
DA:65,0
DA:71,0
DA:74,0
DA:75,0
DA:77,0
DA:83,0
DA:85,0
DA:89,0
DA:93,0
DA:94,0
DA:96,0
DA:97,0
DA:101,0
DA:104,0
DA:114,0
DA:115,0
DA:120,0
DA:122,0
DA:127,0
DA:129,0
DA:132,0
DA:133,0
DA:134,0
DA:141,0
DA:143,0
DA:144,0
DA:148,0
DA:150,0
DA:157,0
DA:162,0
DA:170,0
DA:172,0
DA:173,0
DA:174,0
DA:175,0
DA:176,0
DA:177,0
DA:182,0
DA:185,0
DA:189,0
LF:53
LH:0
BRDA:59,0,0,0
BRDA:59,0,1,0
BRDA:75,1,0,0
BRDA:75,1,1,0
BRDA:75,1,2,0
BRDA:75,1,3,0
BRDA:85,2,0,0
BRDA:85,2,1,0
BRDA:93,3,0,0
BRDA:93,3,1,0
BRDA:104,4,0,0
BRDA:104,4,1,0
BRDA:104,5,0,0
BRDA:104,5,1,0
BRDA:114,6,0,0
BRDA:114,6,1,0
BRDA:157,7,0,0
BRDA:157,7,1,0
BRDA:176,8,0,0
BRDA:176,8,1,0
BRF:20
BRH:0
end_of_record
TN:
SF:lib\rate-limit.ts
FN:6,rateLimit
FNF:1
FNH:0
FNDA:0,rateLimit
DA:4,0
DA:6,0
DA:8,0
DA:12,0
DA:13,0
DA:16,0
DA:17,0
DA:18,0
DA:22,0
DA:24,0
DA:25,0
DA:26,0
DA:29,0
DA:30,0
DA:31,0
DA:34,0
DA:35,0
DA:38,0
DA:39,0
LF:19
LH:0
BRDA:6,0,0,0
BRDA:6,1,0,0
BRDA:8,2,0,0
BRDA:8,2,1,0
BRDA:8,2,2,0
BRDA:8,2,3,0
BRDA:17,3,0,0
BRDA:17,3,1,0
BRDA:24,4,0,0
BRDA:24,4,1,0
BRDA:29,5,0,0
BRDA:29,5,1,0
BRDA:34,6,0,0
BRDA:34,6,1,0
BRF:14
BRH:0
end_of_record
TN:
SF:lib\resume-parser.ts
FN:93,(anonymous_5)
FN:107,(anonymous_6)
FN:116,(anonymous_7)
FN:118,(anonymous_8)
FN:129,(anonymous_9)
FN:141,(anonymous_10)
FN:156,(anonymous_11)
FN:199,(anonymous_12)
FN:207,(anonymous_13)
FN:215,(anonymous_14)
FN:224,(anonymous_15)
FN:235,(anonymous_16)
FN:283,(anonymous_17)
FN:289,(anonymous_18)
FN:290,(anonymous_19)
FN:291,(anonymous_20)
FN:298,(anonymous_21)
FN:321,(anonymous_22)
FN:346,(anonymous_23)
FN:385,(anonymous_24)
FN:424,(anonymous_25)
FN:447,(anonymous_26)
FN:475,(anonymous_27)
FN:477,(anonymous_28)
FN:484,(anonymous_29)
FN:489,(anonymous_30)
FN:499,(anonymous_31)
FN:509,(anonymous_32)
FN:527,(anonymous_33)
FN:528,(anonymous_34)
FN:536,(anonymous_35)
FNF:31
FNH:28
FNDA:6,(anonymous_5)
FNDA:6,(anonymous_6)
FNDA:2,(anonymous_7)
FNDA:2,(anonymous_8)
FNDA:2,(anonymous_9)
FNDA:4,(anonymous_10)
FNDA:7,(anonymous_11)
FNDA:6,(anonymous_12)
FNDA:7,(anonymous_13)
FNDA:4,(anonymous_14)
FNDA:48,(anonymous_15)
FNDA:6,(anonymous_16)
FNDA:12,(anonymous_17)
FNDA:66,(anonymous_18)
FNDA:66,(anonymous_19)
FNDA:66,(anonymous_20)
FNDA:8,(anonymous_21)
FNDA:4,(anonymous_22)
FNDA:11,(anonymous_23)
FNDA:3,(anonymous_24)
FNDA:4,(anonymous_25)
FNDA:5,(anonymous_26)
FNDA:3,(anonymous_27)
FNDA:6,(anonymous_28)
FNDA:6,(anonymous_29)
FNDA:0,(anonymous_30)
FNDA:0,(anonymous_31)
FNDA:0,(anonymous_32)
FNDA:2,(anonymous_33)
FNDA:3,(anonymous_34)
FNDA:2,(anonymous_35)
DA:1,3
DA:23,18
DA:24,3
DA:25,3
DA:26,3
DA:94,6
DA:96,6
DA:97,2
DA:98,4
DA:99,2
DA:101,2
DA:105,2
DA:107,6
DA:110,2
DA:117,2
DA:118,2
DA:119,2
DA:120,0
DA:122,2
DA:130,2
DA:131,2
DA:132,2
DA:134,0
DA:142,4
DA:157,7
DA:158,2
DA:161,5
DA:162,9
DA:163,9
DA:182,4
DA:186,1
DA:187,3
DA:188,3
DA:189,0
DA:193,1
DA:200,6
DA:201,6
DA:208,7
DA:209,7
DA:216,4
DA:217,2
DA:220,2
DA:222,2
DA:223,6
DA:224,48
DA:225,0
DA:229,2
DA:236,6
DA:237,6
DA:239,6
DA:240,6
DA:241,1
DA:242,1
DA:243,1
DA:246,6
DA:247,366
DA:248,366
DA:249,11
DA:254,6
DA:260,6
DA:261,24
DA:262,24
DA:263,0
DA:264,0
DA:265,0
DA:266,0
DA:272,0
DA:277,6
DA:284,12
DA:288,12
DA:289,66
DA:290,66
DA:291,66
DA:299,8
DA:300,4
DA:301,4
DA:302,4
DA:303,12
DA:304,0
DA:305,0
DA:308,4
DA:309,0
DA:310,0
DA:311,0
DA:312,0
DA:315,0
DA:330,4
DA:332,4
DA:333,4
DA:334,4
DA:337,4
DA:338,4
DA:342,4
DA:343,4
DA:344,1
DA:346,11
DA:351,4
DA:352,4
DA:353,4
DA:354,4
DA:355,3
DA:356,3
DA:359,3
DA:360,3
DA:361,3
DA:363,3
DA:375,3
DA:376,2
DA:377,1
DA:378,1
DA:379,1
DA:381,2
DA:382,2
DA:383,2
DA:384,2
DA:385,3
DA:386,1
DA:387,1
DA:388,1
DA:389,1
DA:390,0
DA:391,0
DA:392,0
DA:393,0
DA:395,1
DA:396,1
DA:397,1
DA:398,1
DA:400,1
DA:402,2
DA:407,1
DA:411,1
DA:414,4
DA:415,1
DA:416,1
DA:418,4
DA:433,4
DA:435,4
DA:436,4
DA:437,4
DA:438,4
DA:439,4
DA:443,4
DA:444,4
DA:445,1
DA:447,5
DA:452,4
DA:453,4
DA:454,2
DA:455,2
DA:456,2
DA:457,2
DA:458,2
DA:475,3
DA:476,2
DA:477,6
DA:478,2
DA:479,2
DA:480,2
DA:481,2
DA:482,2
DA:483,2
DA:484,6
DA:485,2
DA:486,2
DA:487,2
DA:488,0
DA:489,0
DA:490,0
DA:491,0
DA:492,0
DA:494,0
DA:495,0
DA:496,0
DA:497,0
DA:498,0
DA:499,0
DA:500,0
DA:501,0
DA:504,0
DA:505,0
DA:506,0
DA:507,0
DA:508,0
DA:509,0
DA:510,0
DA:515,2
DA:516,2
DA:517,2
DA:526,4
DA:528,3
DA:530,4
DA:538,2
DA:539,2
DA:540,2
DA:541,2
DA:543,0
LF:197
LH:156
BRDA:96,0,0,2
BRDA:96,0,1,4
BRDA:98,1,0,2
BRDA:98,1,1,2
BRDA:157,2,0,2
BRDA:157,2,1,5
BRDA:157,3,0,7
BRDA:157,3,1,5
BRDA:163,4,0,4
BRDA:163,4,1,5
BRDA:164,5,0,9
BRDA:164,5,1,8
BRDA:164,5,2,8
BRDA:164,5,3,8
BRDA:164,5,4,8
BRDA:164,5,5,6
BRDA:164,5,6,6
BRDA:164,5,7,6
BRDA:164,5,8,5
BRDA:164,5,9,5
BRDA:164,5,10,5
BRDA:164,5,11,4
BRDA:164,5,12,4
BRDA:164,5,13,4
BRDA:164,5,14,4
BRDA:164,5,15,4
BRDA:164,5,16,4
BRDA:188,6,0,0
BRDA:188,6,1,3
BRDA:188,7,0,3
BRDA:188,7,1,0
BRDA:201,8,0,4
BRDA:201,8,1,2
BRDA:209,9,0,3
BRDA:209,9,1,4
BRDA:216,10,0,2
BRDA:216,10,1,2
BRDA:224,11,0,0
BRDA:224,11,1,6
BRDA:224,12,0,6
BRDA:224,12,1,6
BRDA:240,13,0,1
BRDA:240,13,1,5
BRDA:243,14,0,1
BRDA:243,14,1,0
BRDA:248,15,0,11
BRDA:248,15,1,355
BRDA:266,16,0,0
BRDA:266,16,1,0
BRDA:267,17,0,0
BRDA:267,17,1,0
BRDA:267,17,2,0
BRDA:267,17,3,0
BRDA:289,18,0,12
BRDA:289,18,1,12
BRDA:289,18,2,12
BRDA:299,19,0,4
BRDA:299,19,1,4
BRDA:299,20,0,8
BRDA:299,20,1,8
BRDA:303,21,0,0
BRDA:303,21,1,12
BRDA:308,22,0,4
BRDA:308,22,1,0
BRDA:310,23,0,0
BRDA:310,23,1,0
BRDA:315,24,0,0
BRDA:315,24,1,0
BRDA:330,25,0,2
BRDA:330,25,1,2
BRDA:337,26,0,4
BRDA:337,26,1,0
BRDA:343,27,0,1
BRDA:343,27,1,3
BRDA:343,28,0,4
BRDA:343,28,1,1
BRDA:356,29,0,0
BRDA:356,29,1,3
BRDA:361,30,0,2
BRDA:361,30,1,1
BRDA:363,31,0,3
BRDA:363,31,1,2
BRDA:363,31,2,2
BRDA:363,31,3,2
BRDA:363,31,4,2
BRDA:363,31,5,2
BRDA:363,31,6,2
BRDA:363,31,7,2
BRDA:363,31,8,2
BRDA:363,31,9,2
BRDA:363,31,10,2
BRDA:363,31,11,1
BRDA:375,32,0,2
BRDA:375,32,1,1
BRDA:376,33,0,1
BRDA:376,33,1,1
BRDA:377,34,0,0
BRDA:377,34,1,1
BRDA:384,35,0,1
BRDA:384,35,1,1
BRDA:386,36,0,1
BRDA:386,36,1,0
BRDA:387,37,0,1
BRDA:387,37,1,0
BRDA:388,38,0,1
BRDA:388,38,1,0
BRDA:388,38,2,0
BRDA:389,39,0,0
BRDA:389,39,1,1
BRDA:389,40,0,1
BRDA:389,40,1,0
BRDA:392,41,0,0
BRDA:392,41,1,0
BRDA:393,42,0,0
BRDA:393,42,1,0
BRDA:396,43,0,1
BRDA:396,43,1,0
BRDA:400,44,0,1
BRDA:400,44,1,0
BRDA:403,45,0,2
BRDA:403,45,1,0
BRDA:404,46,0,2
BRDA:404,46,1,0
BRDA:405,47,0,2
BRDA:405,47,1,0
BRDA:407,48,0,1
BRDA:407,48,1,0
BRDA:408,49,0,1
BRDA:408,49,1,1
BRDA:408,49,2,1
BRDA:408,49,3,1
BRDA:408,49,4,1
BRDA:408,49,5,1
BRDA:414,50,0,1
BRDA:414,50,1,3
BRDA:415,51,0,1
BRDA:415,51,1,0
BRDA:433,52,0,2
BRDA:433,52,1,2
BRDA:438,53,0,4
BRDA:438,53,1,0
BRDA:444,54,0,1
BRDA:444,54,1,3
BRDA:444,55,0,4
BRDA:444,55,1,1
BRDA:455,56,0,0
BRDA:455,56,1,2
BRDA:455,57,0,2
BRDA:455,57,1,2
BRDA:478,58,0,2
BRDA:478,58,1,0
BRDA:478,59,0,2
BRDA:478,59,1,0
BRDA:478,59,2,0
BRDA:483,60,0,2
BRDA:483,60,1,0
BRDA:485,61,0,2
BRDA:485,61,1,0
BRDA:486,62,0,2
BRDA:486,62,1,0
BRDA:487,63,0,2
BRDA:487,63,1,0
BRDA:488,64,0,0
BRDA:488,64,1,0
BRDA:490,65,0,0
BRDA:490,65,1,0
BRDA:491,66,0,0
BRDA:491,66,1,0
BRDA:492,67,0,0
BRDA:492,67,1,0
BRDA:494,68,0,0
BRDA:494,68,1,0
BRDA:496,69,0,0
BRDA:496,69,1,0
BRDA:497,70,0,0
BRDA:497,70,1,0
BRDA:499,71,0,0
BRDA:499,71,1,0
BRDA:504,72,0,0
BRDA:504,72,1,0
BRDA:506,73,0,0
BRDA:506,73,1,0
BRDA:507,74,0,0
BRDA:507,74,1,0
BRDA:509,75,0,0
BRDA:509,75,1,0
BRDA:515,76,0,0
BRDA:515,76,1,2
BRDA:516,77,0,2
BRDA:516,77,1,0
BRDA:516,78,0,2
BRDA:516,78,1,0
BRDA:516,78,2,0
BRDA:518,79,0,2
BRDA:518,79,1,0
BRDA:519,80,0,2
BRDA:519,80,1,0
BRDA:520,81,0,2
BRDA:520,81,1,0
BRDA:521,82,0,2
BRDA:521,82,1,2
BRDA:528,83,0,3
BRDA:528,83,1,2
BRDA:540,84,0,2
BRDA:540,84,1,0
BRDA:540,85,0,2
BRDA:540,85,1,2
BRF:207
BRH:130
end_of_record
TN:
SF:lib\scholar-scraper.ts
FN:28,(anonymous_4)
FN:42,(anonymous_5)
FN:66,(anonymous_6)
FN:74,(anonymous_7)
FN:80,(anonymous_8)
FN:122,(anonymous_9)
FN:171,(anonymous_10)
FN:192,(anonymous_11)
FN:222,(anonymous_12)
FN:226,(anonymous_13)
FN:241,(anonymous_14)
FN:250,(anonymous_15)
FN:322,(anonymous_16)
FN:330,(anonymous_17)
FNF:14
FNH:0
FNDA:0,(anonymous_4)
FNDA:0,(anonymous_5)
FNDA:0,(anonymous_6)
FNDA:0,(anonymous_7)
FNDA:0,(anonymous_8)
FNDA:0,(anonymous_9)
FNDA:0,(anonymous_10)
FNDA:0,(anonymous_11)
FNDA:0,(anonymous_12)
FNDA:0,(anonymous_13)
FNDA:0,(anonymous_14)
FNDA:0,(anonymous_15)
FNDA:0,(anonymous_16)
FNDA:0,(anonymous_17)
DA:1,0
DA:22,0
DA:23,0
DA:29,0
DA:31,0
DA:32,0
DA:33,0
DA:36,0
DA:39,0
DA:42,0
DA:46,0
DA:48,0
DA:49,0
DA:50,0
DA:62,0
DA:64,0
DA:66,0
DA:69,0
DA:70,0
DA:71,0
DA:74,0
DA:76,0
DA:77,0
DA:78,0
DA:80,0
DA:84,0
DA:87,0
DA:92,0
DA:95,0
DA:98,0
DA:101,0
DA:102,0
DA:105,0
DA:107,0
DA:109,0
DA:110,0
DA:113,0
DA:123,0
DA:126,0
DA:127,0
DA:130,0
DA:131,0
DA:134,0
DA:135,0
DA:136,0
DA:137,0
DA:140,0
DA:141,0
DA:144,0
DA:145,0
DA:148,0
DA:149,0
DA:150,0
DA:152,0
DA:163,0
DA:165,0
DA:176,0
DA:182,0
DA:183,0
DA:186,0
DA:187,0
DA:189,0
DA:190,0
DA:192,0
DA:193,0
DA:194,0
DA:195,0
DA:196,0
DA:197,0
DA:199,0
DA:201,0
DA:202,0
DA:203,0
DA:204,0
DA:205,0
DA:206,0
DA:211,0
DA:213,0
DA:216,0
DA:223,0
DA:224,0
DA:225,0
DA:226,0
DA:227,0
DA:228,0
DA:229,0
DA:233,0
DA:235,0
DA:242,0
DA:244,0
DA:245,0
DA:247,0
DA:248,0
DA:250,0
DA:253,0
DA:256,0
DA:257,0
DA:259,0
DA:260,0
DA:261,0
DA:265,0
DA:266,0
DA:269,0
DA:270,0
DA:273,0
DA:274,0
DA:275,0
DA:278,0
DA:279,0
DA:281,0
DA:283,0
DA:284,0
DA:285,0
DA:286,0
DA:288,0
DA:292,0
DA:300,0
DA:308,0
DA:311,0
DA:313,0
DA:316,0
DA:323,0
DA:324,0
DA:331,0
DA:332,0
LF:125
LH:0
BRDA:32,0,0,0
BRDA:32,0,1,0
BRDA:62,1,0,0
BRDA:62,1,1,0
BRDA:64,2,0,0
BRDA:64,2,1,0
BRDA:70,3,0,0
BRDA:70,3,1,0
BRDA:77,4,0,0
BRDA:77,4,1,0
BRDA:87,5,0,0
BRDA:87,5,1,0
BRDA:88,6,0,0
BRDA:88,6,1,0
BRDA:88,6,2,0
BRDA:101,7,0,0
BRDA:101,7,1,0
BRDA:101,8,0,0
BRDA:101,8,1,0
BRDA:109,9,0,0
BRDA:109,9,1,0
BRDA:126,10,0,0
BRDA:126,10,1,0
BRDA:130,11,0,0
BRDA:130,11,1,0
BRDA:136,12,0,0
BRDA:136,12,1,0
BRDA:137,13,0,0
BRDA:137,13,1,0
BRDA:194,14,0,0
BRDA:194,14,1,0
BRDA:197,15,0,0
BRDA:197,15,1,0
BRDA:201,16,0,0
BRDA:201,16,1,0
BRDA:203,17,0,0
BRDA:203,17,1,0
BRDA:205,18,0,0
BRDA:205,18,1,0
BRDA:228,19,0,0
BRDA:228,19,1,0
BRDA:259,20,0,0
BRDA:259,20,1,0
BRDA:270,21,0,0
BRDA:270,21,1,0
BRDA:275,22,0,0
BRDA:275,22,1,0
BRDA:275,23,0,0
BRDA:275,23,1,0
BRDA:281,24,0,0
BRDA:281,24,1,0
BRDA:284,25,0,0
BRDA:284,25,1,0
BRDA:301,26,0,0
BRDA:301,26,1,0
BRDA:302,27,0,0
BRDA:302,27,1,0
BRDA:303,28,0,0
BRDA:303,28,1,0
BRDA:332,29,0,0
BRDA:332,29,1,0
BRF:61
BRH:0
end_of_record
TN:
SF:lib\security.ts
FN:49,(anonymous_4)
FN:59,(anonymous_5)
FN:79,(anonymous_6)
FN:98,(anonymous_7)
FN:113,(anonymous_8)
FN:125,(anonymous_9)
FN:149,(anonymous_10)
FN:199,(anonymous_11)
FN:227,(anonymous_12)
FN:255,(anonymous_13)
FN:263,(anonymous_14)
FN:316,(anonymous_15)
FNF:12
FNH:0
FNDA:0,(anonymous_4)
FNDA:0,(anonymous_5)
FNDA:0,(anonymous_6)
FNDA:0,(anonymous_7)
FNDA:0,(anonymous_8)
FNDA:0,(anonymous_9)
FNDA:0,(anonymous_10)
FNDA:0,(anonymous_11)
FNDA:0,(anonymous_12)
FNDA:0,(anonymous_13)
FNDA:0,(anonymous_14)
FNDA:0,(anonymous_15)
DA:1,0
DA:6,0
DA:24,0
DA:35,0
DA:48,0
DA:50,0
DA:60,0
DA:62,0
DA:64,0
DA:67,0
DA:68,0
DA:71,0
DA:80,0
DA:82,0
DA:83,0
DA:86,0
DA:87,0
DA:94,0
DA:99,0
DA:101,0
DA:102,0
DA:109,0
DA:114,0
DA:124,0
DA:125,0
DA:128,0
DA:129,0
DA:130,0
DA:132,0
DA:133,0
DA:135,0
DA:136,0
DA:137,0
DA:138,0
DA:142,0
DA:145,0
DA:150,0
DA:152,0
DA:153,0
DA:161,0
DA:162,0
DA:170,0
DA:171,0
DA:172,0
DA:179,0
DA:180,0
DA:188,0
DA:190,0
DA:200,0
DA:201,0
DA:202,0
DA:204,0
DA:205,0
DA:209,0
DA:210,0
DA:218,0
DA:219,0
DA:220,0
DA:223,0
DA:228,0
DA:229,0
DA:230,0
DA:236,0
DA:237,0
DA:240,0
DA:241,0
DA:244,0
DA:247,0
DA:256,0
DA:265,0
DA:266,0
DA:267,0
DA:271,0
DA:272,0
DA:273,0
DA:274,0
DA:278,0
DA:279,0
DA:280,0
DA:281,0
DA:285,0
DA:286,0
DA:287,0
DA:288,0
DA:292,0
DA:293,0
DA:294,0
DA:295,0
DA:296,0
DA:300,0
DA:305,0
DA:306,0
DA:314,0
DA:321,0
DA:326,0
DA:327,0
DA:328,0
DA:331,0
DA:332,0
DA:334,0
DA:337,0
DA:338,0
DA:339,0
DA:343,0
DA:345,0
DA:346,0
DA:347,0
DA:350,0
DA:351,0
DA:352,0
DA:355,0
DA:356,0
DA:363,0
DA:364,0
LF:114
LH:0
BRDA:11,0,0,0
BRDA:11,0,1,0
BRDA:51,1,0,0
BRDA:51,1,1,0
BRDA:51,1,2,0
BRDA:51,1,3,0
BRDA:62,2,0,0
BRDA:62,2,1,0
BRDA:67,3,0,0
BRDA:67,3,1,0
BRDA:82,4,0,0
BRDA:82,4,1,0
BRDA:86,5,0,0
BRDA:86,5,1,0
BRDA:86,6,0,0
BRDA:86,6,1,0
BRDA:101,7,0,0
BRDA:101,7,1,0
BRDA:101,8,0,0
BRDA:101,8,1,0
BRDA:114,9,0,0
BRDA:114,9,1,0
BRDA:124,10,0,0
BRDA:124,10,1,0
BRDA:128,11,0,0
BRDA:128,11,1,0
BRDA:128,12,0,0
BRDA:128,12,1,0
BRDA:133,13,0,0
BRDA:133,13,1,0
BRDA:136,14,0,0
BRDA:136,14,1,0
BRDA:152,15,0,0
BRDA:152,15,1,0
BRDA:161,16,0,0
BRDA:161,16,1,0
BRDA:161,17,0,0
BRDA:161,17,1,0
BRDA:170,18,0,0
BRDA:170,18,1,0
BRDA:171,19,0,0
BRDA:171,19,1,0
BRDA:179,20,0,0
BRDA:179,20,1,0
BRDA:204,21,0,0
BRDA:204,21,1,0
BRDA:209,22,0,0
BRDA:209,22,1,0
BRDA:209,23,0,0
BRDA:209,23,1,0
BRDA:218,24,0,0
BRDA:218,24,1,0
BRDA:230,25,0,0
BRDA:230,25,1,0
BRDA:240,26,0,0
BRDA:240,26,1,0
BRDA:258,27,0,0
BRDA:258,27,1,0
BRDA:266,28,0,0
BRDA:266,28,1,0
BRDA:272,29,0,0
BRDA:272,29,1,0
BRDA:279,30,0,0
BRDA:279,30,1,0
BRDA:286,31,0,0
BRDA:286,31,1,0
BRDA:292,32,0,0
BRDA:292,32,1,0
BRDA:294,33,0,0
BRDA:294,33,1,0
BRDA:318,34,0,0
BRDA:321,35,0,0
BRDA:321,35,1,0
BRDA:321,35,2,0
BRDA:321,35,3,0
BRDA:331,36,0,0
BRDA:331,36,1,0
BRDA:338,37,0,0
BRDA:338,37,1,0
BRDA:345,38,0,0
BRDA:345,38,1,0
BRDA:350,39,0,0
BRDA:350,39,1,0
BRDA:355,40,0,0
BRDA:355,40,1,0
BRF:85
BRH:0
end_of_record
TN:
SF:lib\store.ts
FNF:0
FNH:0
DA:1,1
DA:3,1
DA:4,1
DA:5,1
DA:7,3
LF:5
LH:5
BRF:0
BRH:0
end_of_record
TN:
SF:lib\utils.ts
FN:4,cn
FNF:1
FNH:0
FNDA:0,cn
DA:1,0
DA:2,0
DA:4,0
DA:5,0
LF:4
LH:0
BRF:0
BRH:0
end_of_record
TN:
SF:lib\slices\resume-slice.ts
FN:43,(anonymous_6)
FN:47,(anonymous_7)
FN:50,(anonymous_8)
FN:53,(anonymous_9)
FNF:4
FNH:0
FNDA:0,(anonymous_6)
FNDA:0,(anonymous_7)
FNDA:0,(anonymous_8)
FNDA:0,(anonymous_9)
DA:1,1
DA:33,1
DA:39,1
DA:44,0
DA:45,0
DA:48,0
DA:51,0
DA:54,0
DA:55,0
DA:60,1
DA:61,1
LF:11
LH:5
BRF:0
BRH:0
end_of_record
TN:
SF:lib\slices\scholar-slice.ts
FN:38,(anonymous_6)
FN:42,(anonymous_7)
FN:45,(anonymous_8)
FN:48,(anonymous_9)
FNF:4
FNH:0
FNDA:0,(anonymous_6)
FNDA:0,(anonymous_7)
FNDA:0,(anonymous_8)
FNDA:0,(anonymous_9)
DA:1,1
DA:28,1
DA:34,1
DA:39,0
DA:40,0
DA:43,0
DA:46,0
DA:49,0
DA:50,0
DA:55,1
DA:56,1
LF:11
LH:5
BRF:0
BRH:0
end_of_record
TN:
SF:lib\slices\suggestions-slice.ts
FN:30,(anonymous_6)
FN:34,(anonymous_7)
FN:37,(anonymous_8)
FN:40,(anonymous_9)
FNF:4
FNH:0
FNDA:0,(anonymous_6)
FNDA:0,(anonymous_7)
FNDA:0,(anonymous_8)
FNDA:0,(anonymous_9)
DA:1,1
DA:20,1
DA:26,1
DA:31,0
DA:32,0
DA:35,0
DA:38,0
DA:41,0
DA:42,0
DA:47,1
DA:48,1
LF:11
LH:5
BRF:0
BRH:0
end_of_record
